2025-11-23T19:36:32.941Z [DEBUG] Skipping SessionStart:clear hook execution - workspace trust not accepted
2025-11-23T19:36:32.946Z [DEBUG] FileHistory: Added snapshot for 8f7c0405-c74b-46c0-9913-d6e8e460a029, tracking 0 files
2025-11-23T19:36:32.950Z [DEBUG] Rendering user message with 1 content blocks
2025-11-23T19:36:32.950Z [DEBUG] Block 0: <command-name>/clear</command-name>
            <command-message>clear</command-message>
           ...
2025-11-23T19:36:32.950Z [DEBUG] UserCommandMessage rendering: "clear" (args: "none")
2025-11-23T19:36:32.950Z [DEBUG] isSkillFormat: false, prefix: "/"
2025-11-23T19:36:32.965Z [DEBUG] Writing to temp file: /home/stanner/.claude.json.tmp.60209.1763926592965
2025-11-23T19:36:32.965Z [DEBUG] Preserving file permissions: 100600
2025-11-23T19:36:32.966Z [DEBUG] Temp file written successfully, size: 41850 bytes
2025-11-23T19:36:32.966Z [DEBUG] Applied original permissions to temp file
2025-11-23T19:36:32.966Z [DEBUG] Renaming /home/stanner/.claude.json.tmp.60209.1763926592965 to /home/stanner/.claude.json
2025-11-23T19:36:32.966Z [DEBUG] File /home/stanner/.claude.json written atomically
2025-11-23T19:36:33.587Z [DEBUG] Checking for native installer update to version 2.0.50
2025-11-23T19:36:40.590Z [ERROR] Error: Error: NON-FATAL: Lock acquisition failed for /home/stanner/.local/share/claude/versions/2.0.50 (expected in multi-process scenarios)
    at BCD (/$bunfs/root/claude:2638:1622)
    at yXA (/$bunfs/root/claude:2636:12703)
    at async uA8 (/$bunfs/root/claude:2636:13905)
    at async Vb (/$bunfs/root/claude:2638:236)
    at async <anonymous> (/$bunfs/root/claude:2638:12469)
    at processTicksAndRejections (native:7:39)
2025-11-23T19:40:18.018Z [DEBUG] LSP Diagnostics: getLSPDiagnosticAttachments called
2025-11-23T19:40:18.018Z [DEBUG] LSP Diagnostics: Checking registry - 0 pending
2025-11-23T19:40:18.021Z [DEBUG] Hooks: Found 0 total hooks in registry
2025-11-23T19:40:18.021Z [DEBUG] Hooks: checkForNewResponses returning 0 responses
2025-11-23T19:40:18.031Z [DEBUG] Skipping UserPromptSubmit hook execution - workspace trust not accepted
2025-11-23T19:40:18.033Z [DEBUG] FileHistory: Making snapshot for message cdf889c1-c1ea-4de0-b208-52a2aff9d830
2025-11-23T19:40:18.033Z [DEBUG] FileHistory: Added snapshot for cdf889c1-c1ea-4de0-b208-52a2aff9d830, tracking 0 files
2025-11-23T19:40:18.803Z [DEBUG] Stream started - received first chunk
2025-11-23T19:40:20.570Z [DEBUG] Stream started - received first chunk
2025-11-23T19:40:26.731Z [DEBUG] executePreToolHooks called for tool: Bash
2025-11-23T19:40:26.731Z [DEBUG] Skipping PreToolUse:Bash hook execution - workspace trust not accepted
2025-11-23T19:40:26.731Z [DEBUG] executePreToolHooks called for tool: Bash
2025-11-23T19:40:26.731Z [DEBUG] Skipping PreToolUse:Bash hook execution - workspace trust not accepted
2025-11-23T19:40:26.792Z [DEBUG] Skipping PostToolUse:Bash hook execution - workspace trust not accepted
2025-11-23T19:40:26.805Z [DEBUG] Skipping PostToolUse:Bash hook execution - workspace trust not accepted
2025-11-23T19:40:26.817Z [DEBUG] LSP Diagnostics: getLSPDiagnosticAttachments called
2025-11-23T19:40:26.817Z [DEBUG] LSP Diagnostics: Checking registry - 0 pending
2025-11-23T19:40:26.821Z [DEBUG] Hooks: Found 0 total hooks in registry
2025-11-23T19:40:26.821Z [DEBUG] Hooks: checkForNewResponses returning 0 responses
2025-11-23T19:40:27.503Z [DEBUG] Stream started - received first chunk
2025-11-23T19:40:27.800Z [DEBUG] Stream started - received first chunk
2025-11-23T19:40:29.133Z [DEBUG] Stream started - received first chunk
2025-11-23T19:40:31.174Z [DEBUG] executePreToolHooks called for tool: Bash
2025-11-23T19:40:31.174Z [DEBUG] Skipping PreToolUse:Bash hook execution - workspace trust not accepted
2025-11-23T19:40:31.964Z [DEBUG] Stream started - received first chunk
2025-11-23T19:40:32.258Z [DEBUG] Permission suggestions for Bash: [
  {
    "type": "addRules",
    "rules": [
      {
        "toolName": "Bash",
        "ruleContent": "VBoxManage list:*"
      }
    ],
    "behavior": "allow",
    "destination": "localSettings"
  }
]
2025-11-23T19:40:32.268Z [DEBUG] executePermissionRequestHooks called for tool: Bash
2025-11-23T19:40:32.268Z [DEBUG] Skipping PermissionRequest:Bash hook execution - workspace trust not accepted
2025-11-23T19:40:33.053Z [ERROR] Error: Error
    at <anonymous> (/$bunfs/root/claude:14:14722)
    at <anonymous> (/$bunfs/root/claude:32:10217)
    at emitError (node:events:43:23)
    at <anonymous> (/$bunfs/root/claude:31:1146)
    at emitError (node:events:43:23)
    at <anonymous> (node:_http_client:250:22)
    at processTicksAndRejections (native:7:39)
    at request (/$bunfs/root/claude:34:2147)
    at processTicksAndRejections (native:7:39)
2025-11-23T19:40:38.267Z [DEBUG] Skipping Notification:permission_prompt hook execution - workspace trust not accepted
2025-11-23T19:40:44.559Z [DEBUG] AutoUpdaterWrapper: Installation type: native
2025-11-23T19:40:44.613Z [DEBUG] Skipping PostToolUse:Bash hook execution - workspace trust not accepted
2025-11-23T19:40:44.628Z [DEBUG] LSP Diagnostics: getLSPDiagnosticAttachments called
2025-11-23T19:40:44.628Z [DEBUG] LSP Diagnostics: Checking registry - 0 pending
2025-11-23T19:40:44.632Z [DEBUG] Hooks: Found 0 total hooks in registry
2025-11-23T19:40:44.632Z [DEBUG] Hooks: checkForNewResponses returning 0 responses
2025-11-23T19:40:45.381Z [DEBUG] Stream started - received first chunk
2025-11-23T19:40:45.863Z [DEBUG] Checking for native installer update to version 2.0.50
2025-11-23T19:40:47.731Z [DEBUG] Stream started - received first chunk
2025-11-23T19:40:49.200Z [DEBUG] executePreToolHooks called for tool: Bash
2025-11-23T19:40:49.200Z [DEBUG] Skipping PreToolUse:Bash hook execution - workspace trust not accepted
2025-11-23T19:40:49.227Z [DEBUG] Skipping PostToolUse:Bash hook execution - workspace trust not accepted
2025-11-23T19:40:49.239Z [DEBUG] LSP Diagnostics: getLSPDiagnosticAttachments called
2025-11-23T19:40:49.239Z [DEBUG] LSP Diagnostics: Checking registry - 0 pending
2025-11-23T19:40:49.243Z [DEBUG] Hooks: Found 0 total hooks in registry
2025-11-23T19:40:49.243Z [DEBUG] Hooks: checkForNewResponses returning 0 responses
2025-11-23T19:40:50.239Z [DEBUG] Stream started - received first chunk
2025-11-23T19:40:51.762Z [DEBUG] Stream started - received first chunk
2025-11-23T19:40:52.865Z [ERROR] Error: Error: NON-FATAL: Lock acquisition failed for /home/stanner/.local/share/claude/versions/2.0.50 (expected in multi-process scenarios)
    at BCD (/$bunfs/root/claude:2638:1622)
    at yXA (/$bunfs/root/claude:2636:12703)
    at async uA8 (/$bunfs/root/claude:2636:13905)
    at async Vb (/$bunfs/root/claude:2638:236)
    at async <anonymous> (/$bunfs/root/claude:2638:12469)
    at processTicksAndRejections (native:7:39)
2025-11-23T19:40:54.070Z [DEBUG] executePreToolHooks called for tool: Bash
2025-11-23T19:40:54.070Z [DEBUG] Skipping PreToolUse:Bash hook execution - workspace trust not accepted
2025-11-23T19:40:54.089Z [DEBUG] Skipping PostToolUse:Bash hook execution - workspace trust not accepted
2025-11-23T19:40:54.101Z [DEBUG] LSP Diagnostics: getLSPDiagnosticAttachments called
2025-11-23T19:40:54.101Z [DEBUG] LSP Diagnostics: Checking registry - 0 pending
2025-11-23T19:40:54.104Z [DEBUG] Hooks: Found 0 total hooks in registry
2025-11-23T19:40:54.104Z [DEBUG] Hooks: checkForNewResponses returning 0 responses
2025-11-23T19:40:54.971Z [DEBUG] Stream started - received first chunk
2025-11-23T19:40:57.524Z [DEBUG] Stream started - received first chunk
2025-11-23T19:40:59.614Z [ERROR] Error: Error
    at <anonymous> (/$bunfs/root/claude:14:14722)
    at <anonymous> (/$bunfs/root/claude:32:10217)
    at emitError (node:events:43:23)
    at <anonymous> (/$bunfs/root/claude:31:1146)
    at emitError (node:events:43:23)
    at <anonymous> (node:_http_client:250:22)
    at processTicksAndRejections (native:7:39)
    at request (/$bunfs/root/claude:34:2147)
    at processTicksAndRejections (native:7:39)
2025-11-23T19:41:00.054Z [DEBUG] executePreToolHooks called for tool: Bash
2025-11-23T19:41:00.054Z [DEBUG] Skipping PreToolUse:Bash hook execution - workspace trust not accepted
2025-11-23T19:41:00.086Z [DEBUG] Skipping PostToolUse:Bash hook execution - workspace trust not accepted
2025-11-23T19:41:00.099Z [DEBUG] LSP Diagnostics: getLSPDiagnosticAttachments called
2025-11-23T19:41:00.099Z [DEBUG] LSP Diagnostics: Checking registry - 0 pending
2025-11-23T19:41:00.102Z [DEBUG] Hooks: Found 0 total hooks in registry
2025-11-23T19:41:00.102Z [DEBUG] Hooks: checkForNewResponses returning 0 responses
2025-11-23T19:41:00.963Z [DEBUG] Stream started - received first chunk
2025-11-23T19:41:03.599Z [DEBUG] Stream started - received first chunk
2025-11-23T19:41:04.818Z [DEBUG] executePreToolHooks called for tool: Bash
2025-11-23T19:41:04.818Z [DEBUG] Skipping PreToolUse:Bash hook execution - workspace trust not accepted
2025-11-23T19:41:04.847Z [DEBUG] Skipping PostToolUse:Bash hook execution - workspace trust not accepted
2025-11-23T19:41:04.859Z [DEBUG] LSP Diagnostics: getLSPDiagnosticAttachments called
2025-11-23T19:41:04.859Z [DEBUG] LSP Diagnostics: Checking registry - 0 pending
2025-11-23T19:41:04.863Z [DEBUG] Hooks: Found 0 total hooks in registry
2025-11-23T19:41:04.863Z [DEBUG] Hooks: checkForNewResponses returning 0 responses
2025-11-23T19:41:05.935Z [DEBUG] Stream started - received first chunk
2025-11-23T19:41:07.738Z [DEBUG] Stream started - received first chunk
2025-11-23T19:41:11.114Z [DEBUG] executePreToolHooks called for tool: Bash
2025-11-23T19:41:11.114Z [DEBUG] Skipping PreToolUse:Bash hook execution - workspace trust not accepted
2025-11-23T19:41:12.138Z [DEBUG] Stream started - received first chunk
2025-11-23T19:41:12.430Z [DEBUG] Permission suggestions for Bash: [
  {
    "type": "addRules",
    "rules": [
      {
        "toolName": "Bash",
        "ruleContent": "VBoxManage list:*"
      }
    ],
    "behavior": "allow",
    "destination": "localSettings"
  }
]
2025-11-23T19:41:12.440Z [DEBUG] executePermissionRequestHooks called for tool: Bash
2025-11-23T19:41:12.441Z [DEBUG] Skipping PermissionRequest:Bash hook execution - workspace trust not accepted
2025-11-23T19:41:15.053Z [ERROR] Error: Error
    at <anonymous> (/$bunfs/root/claude:14:14722)
    at <anonymous> (/$bunfs/root/claude:32:10217)
    at emitError (node:events:43:23)
    at <anonymous> (/$bunfs/root/claude:31:1146)
    at emitError (node:events:43:23)
    at <anonymous> (node:_http_client:250:22)
    at processTicksAndRejections (native:7:39)
    at request (/$bunfs/root/claude:34:2147)
    at processTicksAndRejections (native:7:39)
2025-11-23T19:41:18.438Z [DEBUG] Skipping Notification:permission_prompt hook execution - workspace trust not accepted
2025-11-23T19:41:29.216Z [DEBUG] AutoUpdaterWrapper: Installation type: native
2025-11-23T19:41:29.269Z [DEBUG] Skipping PostToolUse:Bash hook execution - workspace trust not accepted
2025-11-23T19:41:29.284Z [DEBUG] LSP Diagnostics: getLSPDiagnosticAttachments called
2025-11-23T19:41:29.284Z [DEBUG] LSP Diagnostics: Checking registry - 0 pending
2025-11-23T19:41:29.289Z [DEBUG] Hooks: Found 0 total hooks in registry
2025-11-23T19:41:29.289Z [DEBUG] Hooks: checkForNewResponses returning 0 responses
2025-11-23T19:41:29.877Z [DEBUG] Checking for native installer update to version 2.0.50
2025-11-23T19:41:30.342Z [DEBUG] Stream started - received first chunk
2025-11-23T19:41:31.667Z [DEBUG] Stream started - received first chunk
2025-11-23T19:41:34.387Z [DEBUG] executePreToolHooks called for tool: Bash
2025-11-23T19:41:34.387Z [DEBUG] Skipping PreToolUse:Bash hook execution - workspace trust not accepted
2025-11-23T19:41:35.109Z [DEBUG] Stream started - received first chunk
2025-11-23T19:41:35.207Z [DEBUG] Stream started - received first chunk
2025-11-23T19:41:35.319Z [DEBUG] Stream started - received first chunk
2025-11-23T19:41:35.614Z [DEBUG] Permission suggestions for Bash: [
  {
    "type": "addRules",
    "rules": [
      {
        "toolName": "Bash",
        "ruleContent": "VBoxManage registervm:*"
      }
    ],
    "behavior": "allow",
    "destination": "localSettings"
  }
]
2025-11-23T19:41:35.624Z [DEBUG] executePermissionRequestHooks called for tool: Bash
2025-11-23T19:41:35.625Z [DEBUG] Skipping PermissionRequest:Bash hook execution - workspace trust not accepted
2025-11-23T19:41:36.879Z [ERROR] Error: Error: NON-FATAL: Lock acquisition failed for /home/stanner/.local/share/claude/versions/2.0.50 (expected in multi-process scenarios)
    at BCD (/$bunfs/root/claude:2638:1622)
    at yXA (/$bunfs/root/claude:2636:12703)
    at async uA8 (/$bunfs/root/claude:2636:13905)
    at async Vb (/$bunfs/root/claude:2638:236)
    at async <anonymous> (/$bunfs/root/claude:2638:12469)
    at processTicksAndRejections (native:7:39)
2025-11-23T19:41:41.623Z [DEBUG] Skipping Notification:permission_prompt hook execution - workspace trust not accepted
2025-11-23T19:41:44.270Z [ERROR] Error: Error
    at <anonymous> (/$bunfs/root/claude:14:14722)
    at <anonymous> (/$bunfs/root/claude:32:10217)
    at emitError (node:events:43:23)
    at <anonymous> (/$bunfs/root/claude:31:1146)
    at emitError (node:events:43:23)
    at <anonymous> (node:_http_client:250:22)
    at processTicksAndRejections (native:7:39)
    at request (/$bunfs/root/claude:34:2147)
    at processTicksAndRejections (native:7:39)
2025-11-23T19:41:59.831Z [DEBUG] AutoUpdaterWrapper: Installation type: native
2025-11-23T19:41:59.971Z [DEBUG] Skipping PostToolUse:Bash hook execution - workspace trust not accepted
2025-11-23T19:41:59.986Z [DEBUG] LSP Diagnostics: getLSPDiagnosticAttachments called
2025-11-23T19:41:59.986Z [DEBUG] LSP Diagnostics: Checking registry - 0 pending
2025-11-23T19:41:59.991Z [DEBUG] Hooks: Found 0 total hooks in registry
2025-11-23T19:41:59.991Z [DEBUG] Hooks: checkForNewResponses returning 0 responses
2025-11-23T19:42:00.502Z [DEBUG] Checking for native installer update to version 2.0.50
2025-11-23T19:42:00.810Z [DEBUG] Stream started - received first chunk
2025-11-23T19:42:02.512Z [DEBUG] Stream started - received first chunk
2025-11-23T19:42:04.037Z [DEBUG] executePreToolHooks called for tool: Bash
2025-11-23T19:42:04.037Z [DEBUG] Skipping PreToolUse:Bash hook execution - workspace trust not accepted
2025-11-23T19:42:04.053Z [DEBUG] Permission suggestions for Bash: [
  {
    "type": "addRules",
    "rules": [
      {
        "toolName": "Bash",
        "ruleContent": "VBoxManage list:*"
      }
    ],
    "behavior": "allow",
    "destination": "localSettings"
  }
]
2025-11-23T19:42:04.067Z [DEBUG] executePermissionRequestHooks called for tool: Bash
2025-11-23T19:42:04.067Z [DEBUG] Skipping PermissionRequest:Bash hook execution - workspace trust not accepted
2025-11-23T19:42:05.584Z [DEBUG] AutoUpdaterWrapper: Installation type: native
2025-11-23T19:42:05.635Z [DEBUG] Skipping PostToolUse:Bash hook execution - workspace trust not accepted
2025-11-23T19:42:05.649Z [DEBUG] LSP Diagnostics: getLSPDiagnosticAttachments called
2025-11-23T19:42:05.649Z [DEBUG] LSP Diagnostics: Checking registry - 0 pending
2025-11-23T19:42:05.654Z [DEBUG] Hooks: Found 0 total hooks in registry
2025-11-23T19:42:05.654Z [DEBUG] Hooks: checkForNewResponses returning 0 responses
2025-11-23T19:42:06.245Z [DEBUG] Checking for native installer update to version 2.0.50
2025-11-23T19:42:06.533Z [DEBUG] Stream started - received first chunk
2025-11-23T19:42:07.511Z [ERROR] Error: Error: NON-FATAL: Lock acquisition failed for /home/stanner/.local/share/claude/versions/2.0.50 (expected in multi-process scenarios)
    at BCD (/$bunfs/root/claude:2638:1622)
    at yXA (/$bunfs/root/claude:2636:12703)
    at async uA8 (/$bunfs/root/claude:2636:13905)
    at async Vb (/$bunfs/root/claude:2638:236)
    at unknown
    at processTicksAndRejections (native:7:39)
2025-11-23T19:42:07.998Z [DEBUG] Stream started - received first chunk
2025-11-23T19:42:13.246Z [ERROR] Error: Error: NON-FATAL: Lock acquisition failed for /home/stanner/.local/share/claude/versions/2.0.50 (expected in multi-process scenarios)
    at BCD (/$bunfs/root/claude:2638:1622)
    at yXA (/$bunfs/root/claude:2636:12703)
    at async uA8 (/$bunfs/root/claude:2636:13905)
    at async Vb (/$bunfs/root/claude:2638:236)
    at async <anonymous> (/$bunfs/root/claude:2638:12469)
    at processTicksAndRejections (native:7:39)
2025-11-23T19:42:13.291Z [DEBUG] Skipping Stop hook execution - workspace trust not accepted
2025-11-23T19:42:13.299Z [DEBUG] Writing to temp file: /home/stanner/.claude.json.tmp.60209.1763926933299
2025-11-23T19:42:13.299Z [DEBUG] Preserving file permissions: 100600
2025-11-23T19:42:13.300Z [DEBUG] Temp file written successfully, size: 41852 bytes
2025-11-23T19:42:13.300Z [DEBUG] Applied original permissions to temp file
2025-11-23T19:42:13.300Z [DEBUG] Renaming /home/stanner/.claude.json.tmp.60209.1763926933299 to /home/stanner/.claude.json
2025-11-23T19:42:13.301Z [DEBUG] File /home/stanner/.claude.json written atomically
2025-11-23T19:42:13.303Z [DEBUG] Writing to temp file: /home/stanner/.claude.json.tmp.60209.1763926933303
2025-11-23T19:42:13.303Z [DEBUG] Preserving file permissions: 100600
2025-11-23T19:42:13.304Z [DEBUG] Temp file written successfully, size: 41852 bytes
2025-11-23T19:42:13.304Z [DEBUG] Applied original permissions to temp file
2025-11-23T19:42:13.304Z [DEBUG] Renaming /home/stanner/.claude.json.tmp.60209.1763926933303 to /home/stanner/.claude.json
2025-11-23T19:42:13.304Z [DEBUG] File /home/stanner/.claude.json written atomically
2025-11-23T19:42:14.974Z [ERROR] Error: Error
    at <anonymous> (/$bunfs/root/claude:14:14722)
    at <anonymous> (/$bunfs/root/claude:32:10217)
    at emitError (node:events:43:23)
    at <anonymous> (/$bunfs/root/claude:31:1146)
    at emitError (node:events:43:23)
    at <anonymous> (node:_http_client:250:22)
    at processTicksAndRejections (native:7:39)
    at request (/$bunfs/root/claude:34:2147)
    at processTicksAndRejections (native:7:39)
2025-11-23T19:43:13.298Z [DEBUG] Skipping Notification:idle_prompt hook execution - workspace trust not accepted
2025-11-23T19:46:12.086Z [DEBUG] LSP Diagnostics: getLSPDiagnosticAttachments called
2025-11-23T19:46:12.086Z [DEBUG] LSP Diagnostics: Checking registry - 0 pending
2025-11-23T19:46:12.089Z [DEBUG] Hooks: Found 0 total hooks in registry
2025-11-23T19:46:12.089Z [DEBUG] Hooks: checkForNewResponses returning 0 responses
2025-11-23T19:46:12.102Z [DEBUG] Skipping UserPromptSubmit hook execution - workspace trust not accepted
2025-11-23T19:46:12.104Z [DEBUG] FileHistory: Making snapshot for message 13643a3d-ec1a-4297-8fce-507bd95e5ad1
2025-11-23T19:46:12.104Z [DEBUG] FileHistory: Added snapshot for 13643a3d-ec1a-4297-8fce-507bd95e5ad1, tracking 0 files
2025-11-23T19:46:13.203Z [DEBUG] Stream started - received first chunk
2025-11-23T19:46:14.457Z [DEBUG] Stream started - received first chunk
2025-11-23T19:46:16.890Z [DEBUG] executePreToolHooks called for tool: Bash
2025-11-23T19:46:16.890Z [DEBUG] Skipping PreToolUse:Bash hook execution - workspace trust not accepted
2025-11-23T19:46:16.928Z [DEBUG] Skipping PostToolUse:Bash hook execution - workspace trust not accepted
2025-11-23T19:46:16.940Z [DEBUG] LSP Diagnostics: getLSPDiagnosticAttachments called
2025-11-23T19:46:16.940Z [DEBUG] LSP Diagnostics: Checking registry - 0 pending
2025-11-23T19:46:16.944Z [DEBUG] Hooks: Found 0 total hooks in registry
2025-11-23T19:46:16.944Z [DEBUG] Hooks: checkForNewResponses returning 0 responses
2025-11-23T19:46:17.796Z [DEBUG] Stream started - received first chunk
2025-11-23T19:46:19.032Z [DEBUG] Stream started - received first chunk
2025-11-23T19:46:21.362Z [DEBUG] executePreToolHooks called for tool: Bash
2025-11-23T19:46:21.362Z [DEBUG] Skipping PreToolUse:Bash hook execution - workspace trust not accepted
2025-11-23T19:46:21.382Z [DEBUG] Skipping PostToolUse:Bash hook execution - workspace trust not accepted
2025-11-23T19:46:21.395Z [DEBUG] LSP Diagnostics: getLSPDiagnosticAttachments called
2025-11-23T19:46:21.395Z [DEBUG] LSP Diagnostics: Checking registry - 0 pending
2025-11-23T19:46:21.398Z [DEBUG] Hooks: Found 0 total hooks in registry
2025-11-23T19:46:21.398Z [DEBUG] Hooks: checkForNewResponses returning 0 responses
2025-11-23T19:46:22.168Z [DEBUG] Stream started - received first chunk
2025-11-23T19:46:24.602Z [DEBUG] Stream started - received first chunk
2025-11-23T19:46:27.123Z [ERROR] Error: Error
    at <anonymous> (/$bunfs/root/claude:14:14722)
    at <anonymous> (/$bunfs/root/claude:32:10217)
    at emitError (node:events:43:23)
    at <anonymous> (/$bunfs/root/claude:31:1146)
    at emitError (node:events:43:23)
    at <anonymous> (node:_http_client:250:22)
    at processTicksAndRejections (native:7:39)
    at request (/$bunfs/root/claude:34:2147)
    at processTicksAndRejections (native:7:39)
2025-11-23T19:46:27.638Z [DEBUG] executePreToolHooks called for tool: Bash
2025-11-23T19:46:27.639Z [DEBUG] Skipping PreToolUse:Bash hook execution - workspace trust not accepted
2025-11-23T19:46:28.531Z [DEBUG] Stream started - received first chunk
2025-11-23T19:46:28.824Z [DEBUG] Permission suggestions for Bash: [
  {
    "type": "addRules",
    "rules": [
      {
        "toolName": "Bash",
        "ruleContent": "VBoxManage registervm:*"
      }
    ],
    "behavior": "allow",
    "destination": "localSettings"
  }
]
2025-11-23T19:46:28.834Z [DEBUG] executePermissionRequestHooks called for tool: Bash
2025-11-23T19:46:28.834Z [DEBUG] Skipping PermissionRequest:Bash hook execution - workspace trust not accepted
2025-11-23T19:46:33.962Z [DEBUG] AutoUpdaterWrapper: Installation type: native
2025-11-23T19:46:34.020Z [DEBUG] Skipping PostToolUse:Bash hook execution - workspace trust not accepted
2025-11-23T19:46:34.033Z [DEBUG] LSP Diagnostics: getLSPDiagnosticAttachments called
2025-11-23T19:46:34.033Z [DEBUG] LSP Diagnostics: Checking registry - 0 pending
2025-11-23T19:46:34.037Z [DEBUG] Hooks: Found 0 total hooks in registry
2025-11-23T19:46:34.037Z [DEBUG] Hooks: checkForNewResponses returning 0 responses
2025-11-23T19:46:34.889Z [DEBUG] Stream started - received first chunk
2025-11-23T19:46:35.566Z [DEBUG] Checking for native installer update to version 2.0.50
2025-11-23T19:46:36.994Z [DEBUG] Stream started - received first chunk
2025-11-23T19:46:38.452Z [DEBUG] executePreToolHooks called for tool: Bash
2025-11-23T19:46:38.452Z [DEBUG] Skipping PreToolUse:Bash hook execution - workspace trust not accepted
2025-11-23T19:46:38.463Z [DEBUG] Permission suggestions for Bash: [
  {
    "type": "addRules",
    "rules": [
      {
        "toolName": "Bash",
        "ruleContent": "VBoxManage list:*"
      }
    ],
    "behavior": "allow",
    "destination": "localSettings"
  }
]
2025-11-23T19:46:38.472Z [DEBUG] executePermissionRequestHooks called for tool: Bash
2025-11-23T19:46:38.472Z [DEBUG] Skipping PermissionRequest:Bash hook execution - workspace trust not accepted
2025-11-23T19:46:42.568Z [ERROR] Error: Error: NON-FATAL: Lock acquisition failed for /home/stanner/.local/share/claude/versions/2.0.50 (expected in multi-process scenarios)
    at BCD (/$bunfs/root/claude:2638:1622)
    at yXA (/$bunfs/root/claude:2636:12703)
    at async uA8 (/$bunfs/root/claude:2636:13905)
    at async Vb (/$bunfs/root/claude:2638:236)
    at async <anonymous> (/$bunfs/root/claude:2638:12469)
    at processTicksAndRejections (native:7:39)
2025-11-23T19:46:42.633Z [ERROR] Error: Error
    at <anonymous> (/$bunfs/root/claude:14:14722)
    at <anonymous> (/$bunfs/root/claude:32:10217)
    at emitError (node:events:43:23)
    at <anonymous> (/$bunfs/root/claude:31:1146)
    at emitError (node:events:43:23)
    at <anonymous> (node:_http_client:250:22)
    at processTicksAndRejections (native:7:39)
    at request (/$bunfs/root/claude:34:2147)
    at processTicksAndRejections (native:7:39)
2025-11-23T19:46:44.252Z [DEBUG] AutoUpdaterWrapper: Installation type: native
2025-11-23T19:46:44.304Z [DEBUG] Skipping PostToolUse:Bash hook execution - workspace trust not accepted
2025-11-23T19:46:44.319Z [DEBUG] LSP Diagnostics: getLSPDiagnosticAttachments called
2025-11-23T19:46:44.319Z [DEBUG] LSP Diagnostics: Checking registry - 0 pending
2025-11-23T19:46:44.324Z [DEBUG] Hooks: Found 0 total hooks in registry
2025-11-23T19:46:44.324Z [DEBUG] Hooks: checkForNewResponses returning 0 responses
2025-11-23T19:46:44.918Z [DEBUG] Checking for native installer update to version 2.0.50
2025-11-23T19:46:45.155Z [DEBUG] Stream started - received first chunk
2025-11-23T19:46:46.452Z [DEBUG] Stream started - received first chunk
2025-11-23T19:46:50.179Z [DEBUG] Skipping Stop hook execution - workspace trust not accepted
2025-11-23T19:46:50.187Z [DEBUG] Writing to temp file: /home/stanner/.claude.json.tmp.60209.1763927210187
2025-11-23T19:46:50.187Z [DEBUG] Preserving file permissions: 100600
2025-11-23T19:46:50.190Z [DEBUG] Temp file written successfully, size: 41852 bytes
2025-11-23T19:46:50.190Z [DEBUG] Applied original permissions to temp file
2025-11-23T19:46:50.190Z [DEBUG] Renaming /home/stanner/.claude.json.tmp.60209.1763927210187 to /home/stanner/.claude.json
2025-11-23T19:46:50.190Z [DEBUG] File /home/stanner/.claude.json written atomically
2025-11-23T19:46:50.193Z [DEBUG] Writing to temp file: /home/stanner/.claude.json.tmp.60209.1763927210193
2025-11-23T19:46:50.193Z [DEBUG] Preserving file permissions: 100600
2025-11-23T19:46:50.194Z [DEBUG] Temp file written successfully, size: 41852 bytes
2025-11-23T19:46:50.194Z [DEBUG] Applied original permissions to temp file
2025-11-23T19:46:50.194Z [DEBUG] Renaming /home/stanner/.claude.json.tmp.60209.1763927210193 to /home/stanner/.claude.json
2025-11-23T19:46:50.194Z [DEBUG] File /home/stanner/.claude.json written atomically
2025-11-23T19:46:51.919Z [ERROR] Error: Error: NON-FATAL: Lock acquisition failed for /home/stanner/.local/share/claude/versions/2.0.50 (expected in multi-process scenarios)
    at BCD (/$bunfs/root/claude:2638:1622)
    at yXA (/$bunfs/root/claude:2636:12703)
    at async uA8 (/$bunfs/root/claude:2636:13905)
    at async Vb (/$bunfs/root/claude:2638:236)
    at async <anonymous> (/$bunfs/root/claude:2638:12469)
    at processTicksAndRejections (native:7:39)
2025-11-23T19:46:59.308Z [ERROR] Error: Error
    at <anonymous> (/$bunfs/root/claude:14:14722)
    at <anonymous> (/$bunfs/root/claude:32:10217)
    at emitError (node:events:43:23)
    at <anonymous> (/$bunfs/root/claude:31:1146)
    at emitError (node:events:43:23)
    at <anonymous> (node:_http_client:250:22)
    at processTicksAndRejections (native:7:39)
    at request (/$bunfs/root/claude:34:2147)
    at processTicksAndRejections (native:7:39)
2025-11-23T19:47:33.874Z [DEBUG] LSP Diagnostics: getLSPDiagnosticAttachments called
2025-11-23T19:47:33.874Z [DEBUG] LSP Diagnostics: Checking registry - 0 pending
2025-11-23T19:47:33.880Z [DEBUG] Hooks: Found 0 total hooks in registry
2025-11-23T19:47:33.880Z [DEBUG] Hooks: checkForNewResponses returning 0 responses
2025-11-23T19:47:33.899Z [DEBUG] Skipping UserPromptSubmit hook execution - workspace trust not accepted
2025-11-23T19:47:33.903Z [DEBUG] FileHistory: Making snapshot for message c06eca94-efe4-4242-bf61-9ea4e0f1d667
2025-11-23T19:47:33.903Z [DEBUG] FileHistory: Added snapshot for c06eca94-efe4-4242-bf61-9ea4e0f1d667, tracking 0 files
2025-11-23T19:47:35.297Z [DEBUG] Stream started - received first chunk
2025-11-23T19:47:36.220Z [DEBUG] Stream started - received first chunk
2025-11-23T19:47:42.334Z [DEBUG] executePreToolHooks called for tool: Bash
2025-11-23T19:47:42.334Z [DEBUG] Skipping PreToolUse:Bash hook execution - workspace trust not accepted
2025-11-23T19:47:43.086Z [DEBUG] Stream started - received first chunk
2025-11-23T19:47:43.387Z [DEBUG] Permission suggestions for Bash: [
  {
    "type": "addRules",
    "rules": [
      {
        "toolName": "Bash",
        "ruleContent": "VBoxManage showvminfo:*"
      }
    ],
    "behavior": "allow",
    "destination": "localSettings"
  }
]
2025-11-23T19:47:43.399Z [DEBUG] executePermissionRequestHooks called for tool: Bash
2025-11-23T19:47:43.399Z [DEBUG] Skipping PermissionRequest:Bash hook execution - workspace trust not accepted
2025-11-23T19:47:48.929Z [ERROR] Error: Error
    at <anonymous> (/$bunfs/root/claude:14:14722)
    at <anonymous> (/$bunfs/root/claude:32:10217)
    at emitError (node:events:43:23)
    at <anonymous> (/$bunfs/root/claude:31:1146)
    at emitError (node:events:43:23)
    at <anonymous> (node:_http_client:250:22)
    at processTicksAndRejections (native:7:39)
    at request (/$bunfs/root/claude:34:2147)
    at processTicksAndRejections (native:7:39)
2025-11-23T19:47:49.397Z [DEBUG] Skipping Notification:permission_prompt hook execution - workspace trust not accepted
2025-11-23T19:49:42.009Z [DEBUG] AutoUpdaterWrapper: Installation type: native
2025-11-23T19:49:42.082Z [DEBUG] Skipping PostToolUse:Bash hook execution - workspace trust not accepted
2025-11-23T19:49:42.098Z [DEBUG] executePreToolHooks called for tool: Bash
2025-11-23T19:49:42.099Z [DEBUG] Skipping PreToolUse:Bash hook execution - workspace trust not accepted
2025-11-23T19:49:42.137Z [DEBUG] Skipping PostToolUse:Bash hook execution - workspace trust not accepted
2025-11-23T19:49:42.151Z [DEBUG] LSP Diagnostics: getLSPDiagnosticAttachments called
2025-11-23T19:49:42.151Z [DEBUG] LSP Diagnostics: Checking registry - 0 pending
2025-11-23T19:49:42.154Z [DEBUG] Hooks: Found 0 total hooks in registry
2025-11-23T19:49:42.154Z [DEBUG] Hooks: checkForNewResponses returning 0 responses
2025-11-23T19:49:42.683Z [DEBUG] Checking for native installer update to version 2.0.50
2025-11-23T19:49:43.017Z [DEBUG] Stream started - received first chunk
2025-11-23T19:49:43.265Z [DEBUG] Stream started - received first chunk
2025-11-23T19:49:46.037Z [DEBUG] Stream started - received first chunk
2025-11-23T19:49:48.783Z [DEBUG] executePreToolHooks called for tool: Bash
2025-11-23T19:49:48.783Z [DEBUG] Skipping PreToolUse:Bash hook execution - workspace trust not accepted
2025-11-23T19:49:49.684Z [ERROR] Error: Error: NON-FATAL: Lock acquisition failed for /home/stanner/.local/share/claude/versions/2.0.50 (expected in multi-process scenarios)
    at BCD (/$bunfs/root/claude:2638:1622)
    at yXA (/$bunfs/root/claude:2636:12703)
    at async uA8 (/$bunfs/root/claude:2636:13905)
    at async Vb (/$bunfs/root/claude:2638:236)
    at async <anonymous> (/$bunfs/root/claude:2638:12469)
    at processTicksAndRejections (native:7:39)
2025-11-23T19:49:49.721Z [DEBUG] Stream started - received first chunk
2025-11-23T19:49:50.014Z [DEBUG] Permission suggestions for Bash: [
  {
    "type": "addRules",
    "rules": [
      {
        "toolName": "Bash",
        "ruleContent": "VBoxManage discardstate:*"
      }
    ],
    "behavior": "allow",
    "destination": "localSettings"
  }
]
2025-11-23T19:49:50.025Z [DEBUG] executePermissionRequestHooks called for tool: Bash
2025-11-23T19:49:50.025Z [DEBUG] Skipping PermissionRequest:Bash hook execution - workspace trust not accepted
2025-11-23T19:49:56.024Z [DEBUG] Skipping Notification:permission_prompt hook execution - workspace trust not accepted
2025-11-23T19:49:57.085Z [ERROR] Error: Error
    at <anonymous> (/$bunfs/root/claude:14:14722)
    at <anonymous> (/$bunfs/root/claude:32:10217)
    at emitError (node:events:43:23)
    at <anonymous> (/$bunfs/root/claude:31:1146)
    at emitError (node:events:43:23)
    at <anonymous> (node:_http_client:250:22)
    at processTicksAndRejections (native:7:39)
    at request (/$bunfs/root/claude:34:2147)
    at processTicksAndRejections (native:7:39)
2025-11-23T19:50:28.847Z [DEBUG] AutoUpdaterWrapper: Installation type: native
2025-11-23T19:50:28.943Z [DEBUG] Skipping PostToolUse:Bash hook execution - workspace trust not accepted
2025-11-23T19:50:28.960Z [DEBUG] LSP Diagnostics: getLSPDiagnosticAttachments called
2025-11-23T19:50:28.960Z [DEBUG] LSP Diagnostics: Checking registry - 0 pending
2025-11-23T19:50:28.965Z [DEBUG] Hooks: Found 0 total hooks in registry
2025-11-23T19:50:28.965Z [DEBUG] Hooks: checkForNewResponses returning 0 responses
2025-11-23T19:50:29.508Z [DEBUG] Checking for native installer update to version 2.0.50
2025-11-23T19:50:29.798Z [DEBUG] Stream started - received first chunk
2025-11-23T19:50:31.797Z [DEBUG] Stream started - received first chunk
2025-11-23T19:50:33.425Z [DEBUG] executePreToolHooks called for tool: Bash
2025-11-23T19:50:33.426Z [DEBUG] Skipping PreToolUse:Bash hook execution - workspace trust not accepted
2025-11-23T19:50:33.446Z [DEBUG] Permission suggestions for Bash: [
  {
    "type": "addRules",
    "rules": [
      {
        "toolName": "Bash",
        "ruleContent": "VBoxManage showvminfo:*"
      }
    ],
    "behavior": "allow",
    "destination": "localSettings"
  }
]
2025-11-23T19:50:33.456Z [DEBUG] executePermissionRequestHooks called for tool: Bash
2025-11-23T19:50:33.456Z [DEBUG] Skipping PermissionRequest:Bash hook execution - workspace trust not accepted
2025-11-23T19:50:36.509Z [ERROR] Error: Error: NON-FATAL: Lock acquisition failed for /home/stanner/.local/share/claude/versions/2.0.50 (expected in multi-process scenarios)
    at BCD (/$bunfs/root/claude:2638:1622)
    at yXA (/$bunfs/root/claude:2636:12703)
    at async uA8 (/$bunfs/root/claude:2636:13905)
    at async Vb (/$bunfs/root/claude:2638:236)
    at async <anonymous> (/$bunfs/root/claude:2638:12469)
    at processTicksAndRejections (native:7:39)
2025-11-23T19:50:39.454Z [DEBUG] Skipping Notification:permission_prompt hook execution - workspace trust not accepted
2025-11-23T19:50:43.948Z [ERROR] Error: Error
    at <anonymous> (/$bunfs/root/claude:14:14722)
    at <anonymous> (/$bunfs/root/claude:32:10217)
    at emitError (node:events:43:23)
    at <anonymous> (/$bunfs/root/claude:31:1146)
    at emitError (node:events:43:23)
    at <anonymous> (node:_http_client:250:22)
    at processTicksAndRejections (native:7:39)
    at request (/$bunfs/root/claude:34:2147)
    at processTicksAndRejections (native:7:39)
2025-11-23T19:55:46.609Z [DEBUG] AutoUpdaterWrapper: Installation type: native
2025-11-23T19:55:46.681Z [DEBUG] Skipping PostToolUse:Bash hook execution - workspace trust not accepted
2025-11-23T19:55:46.697Z [DEBUG] LSP Diagnostics: getLSPDiagnosticAttachments called
2025-11-23T19:55:46.697Z [DEBUG] LSP Diagnostics: Checking registry - 0 pending
2025-11-23T19:55:46.702Z [DEBUG] Hooks: Found 0 total hooks in registry
2025-11-23T19:55:46.702Z [DEBUG] Hooks: checkForNewResponses returning 0 responses
2025-11-23T19:55:48.099Z [DEBUG] Stream started - received first chunk
2025-11-23T19:55:48.195Z [DEBUG] Checking for native installer update to version 2.0.50
2025-11-23T19:55:51.357Z [DEBUG] Stream started - received first chunk
2025-11-23T19:55:52.852Z [DEBUG] Skipping Stop hook execution - workspace trust not accepted
2025-11-23T19:55:52.861Z [DEBUG] Writing to temp file: /home/stanner/.claude.json.tmp.60209.1763927752861
2025-11-23T19:55:52.861Z [DEBUG] Preserving file permissions: 100600
2025-11-23T19:55:52.902Z [DEBUG] Temp file written successfully, size: 41853 bytes
2025-11-23T19:55:52.902Z [DEBUG] Applied original permissions to temp file
2025-11-23T19:55:52.902Z [DEBUG] Renaming /home/stanner/.claude.json.tmp.60209.1763927752861 to /home/stanner/.claude.json
2025-11-23T19:55:52.902Z [DEBUG] File /home/stanner/.claude.json written atomically
2025-11-23T19:55:52.905Z [DEBUG] Writing to temp file: /home/stanner/.claude.json.tmp.60209.1763927752905
2025-11-23T19:55:52.905Z [DEBUG] Preserving file permissions: 100600
2025-11-23T19:55:52.906Z [DEBUG] Temp file written successfully, size: 41853 bytes
2025-11-23T19:55:52.906Z [DEBUG] Applied original permissions to temp file
2025-11-23T19:55:52.906Z [DEBUG] Renaming /home/stanner/.claude.json.tmp.60209.1763927752905 to /home/stanner/.claude.json
2025-11-23T19:55:52.906Z [DEBUG] File /home/stanner/.claude.json written atomically
2025-11-23T19:55:55.196Z [ERROR] Error: Error: NON-FATAL: Lock acquisition failed for /home/stanner/.local/share/claude/versions/2.0.50 (expected in multi-process scenarios)
    at BCD (/$bunfs/root/claude:2638:1622)
    at yXA (/$bunfs/root/claude:2636:12703)
    at async uA8 (/$bunfs/root/claude:2636:13905)
    at async Vb (/$bunfs/root/claude:2638:236)
    at async <anonymous> (/$bunfs/root/claude:2638:12469)
    at processTicksAndRejections (native:7:39)
2025-11-23T19:56:01.684Z [ERROR] Error: Error
    at <anonymous> (/$bunfs/root/claude:14:14722)
    at <anonymous> (/$bunfs/root/claude:32:10217)
    at emitError (node:events:43:23)
    at <anonymous> (/$bunfs/root/claude:31:1146)
    at emitError (node:events:43:23)
    at <anonymous> (node:_http_client:250:22)
    at processTicksAndRejections (native:7:39)
    at request (/$bunfs/root/claude:34:2147)
    at processTicksAndRejections (native:7:39)
2025-11-23T19:56:29.243Z [DEBUG] LSP Diagnostics: getLSPDiagnosticAttachments called
2025-11-23T19:56:29.243Z [DEBUG] LSP Diagnostics: Checking registry - 0 pending
2025-11-23T19:56:29.252Z [DEBUG] Hooks: Found 0 total hooks in registry
2025-11-23T19:56:29.252Z [DEBUG] Hooks: checkForNewResponses returning 0 responses
2025-11-23T19:56:29.276Z [DEBUG] Skipping UserPromptSubmit hook execution - workspace trust not accepted
2025-11-23T19:56:29.281Z [DEBUG] FileHistory: Making snapshot for message 8f0baf29-0b8b-4526-b50c-0a3c8b250d0d
2025-11-23T19:56:29.281Z [DEBUG] FileHistory: Added snapshot for 8f0baf29-0b8b-4526-b50c-0a3c8b250d0d, tracking 0 files
2025-11-23T19:56:30.315Z [DEBUG] Stream started - received first chunk
2025-11-23T19:56:33.053Z [DEBUG] Stream started - received first chunk
2025-11-23T19:56:36.539Z [DEBUG] executePreToolHooks called for tool: Bash
2025-11-23T19:56:36.540Z [DEBUG] Skipping PreToolUse:Bash hook execution - workspace trust not accepted
2025-11-23T19:56:36.564Z [DEBUG] Skipping PostToolUse:Bash hook execution - workspace trust not accepted
2025-11-23T19:56:36.577Z [DEBUG] executePreToolHooks called for tool: Bash
2025-11-23T19:56:36.577Z [DEBUG] Skipping PreToolUse:Bash hook execution - workspace trust not accepted
2025-11-23T19:56:36.603Z [DEBUG] Permission suggestions for Bash: [
  {
    "type": "addRules",
    "rules": [
      {
        "toolName": "Bash",
        "ruleContent": "VBoxManage showvminfo:*"
      }
    ],
    "behavior": "allow",
    "destination": "localSettings"
  }
]
2025-11-23T19:56:36.624Z [DEBUG] executePermissionRequestHooks called for tool: Bash
2025-11-23T19:56:36.624Z [DEBUG] Skipping PermissionRequest:Bash hook execution - workspace trust not accepted
2025-11-23T19:56:37.384Z [DEBUG] Stream started - received first chunk
2025-11-23T19:56:42.619Z [DEBUG] Skipping Notification:permission_prompt hook execution - workspace trust not accepted
2025-11-23T19:56:44.308Z [ERROR] Error: Error
    at <anonymous> (/$bunfs/root/claude:14:14722)
    at <anonymous> (/$bunfs/root/claude:32:10217)
    at emitError (node:events:43:23)
    at <anonymous> (/$bunfs/root/claude:31:1146)
    at emitError (node:events:43:23)
    at <anonymous> (node:_http_client:250:22)
    at processTicksAndRejections (native:7:39)
    at request (/$bunfs/root/claude:34:2147)
    at processTicksAndRejections (native:7:39)
2025-11-23T19:58:23.230Z [DEBUG] AutoUpdaterWrapper: Installation type: native
2025-11-23T19:58:23.305Z [DEBUG] Skipping PostToolUse:Bash hook execution - workspace trust not accepted
2025-11-23T19:58:23.326Z [DEBUG] LSP Diagnostics: getLSPDiagnosticAttachments called
2025-11-23T19:58:23.326Z [DEBUG] LSP Diagnostics: Checking registry - 0 pending
2025-11-23T19:58:23.332Z [DEBUG] Hooks: Found 0 total hooks in registry
2025-11-23T19:58:23.332Z [DEBUG] Hooks: checkForNewResponses returning 0 responses
2025-11-23T19:58:23.896Z [DEBUG] Checking for native installer update to version 2.0.50
2025-11-23T19:58:24.165Z [DEBUG] Stream started - received first chunk
2025-11-23T19:58:27.343Z [DEBUG] Stream started - received first chunk
2025-11-23T19:58:30.816Z [DEBUG] executePreToolHooks called for tool: Bash
2025-11-23T19:58:30.816Z [DEBUG] Skipping PreToolUse:Bash hook execution - workspace trust not accepted
2025-11-23T19:58:30.900Z [ERROR] Error: Error: NON-FATAL: Lock acquisition failed for /home/stanner/.local/share/claude/versions/2.0.50 (expected in multi-process scenarios)
    at BCD (/$bunfs/root/claude:2638:1622)
    at yXA (/$bunfs/root/claude:2636:12703)
    at async uA8 (/$bunfs/root/claude:2636:13905)
    at async Vb (/$bunfs/root/claude:2638:236)
    at async <anonymous> (/$bunfs/root/claude:2638:12469)
    at processTicksAndRejections (native:7:39)
2025-11-23T19:58:31.600Z [DEBUG] Stream started - received first chunk
2025-11-23T19:58:31.895Z [DEBUG] Permission suggestions for Bash: [
  {
    "type": "addRules",
    "rules": [
      {
        "toolName": "Bash",
        "ruleContent": "VBoxManage snapshot:*"
      }
    ],
    "behavior": "allow",
    "destination": "localSettings"
  }
]
2025-11-23T19:58:31.910Z [DEBUG] executePermissionRequestHooks called for tool: Bash
2025-11-23T19:58:31.911Z [DEBUG] Skipping PermissionRequest:Bash hook execution - workspace trust not accepted
2025-11-23T19:58:37.907Z [DEBUG] Skipping Notification:permission_prompt hook execution - workspace trust not accepted
2025-11-23T19:58:38.308Z [ERROR] Error: Error
    at <anonymous> (/$bunfs/root/claude:14:14722)
    at <anonymous> (/$bunfs/root/claude:32:10217)
    at emitError (node:events:43:23)
    at <anonymous> (/$bunfs/root/claude:31:1146)
    at emitError (node:events:43:23)
    at <anonymous> (node:_http_client:250:22)
    at processTicksAndRejections (native:7:39)
    at request (/$bunfs/root/claude:34:2147)
    at processTicksAndRejections (native:7:39)
2025-11-23T20:02:56.456Z [DEBUG] AutoUpdaterWrapper: Installation type: native
2025-11-23T20:02:56.515Z [DEBUG] Skipping PostToolUse:Bash hook execution - workspace trust not accepted
2025-11-23T20:02:56.534Z [DEBUG] LSP Diagnostics: getLSPDiagnosticAttachments called
2025-11-23T20:02:56.534Z [DEBUG] LSP Diagnostics: Checking registry - 0 pending
2025-11-23T20:02:56.540Z [DEBUG] Hooks: Found 0 total hooks in registry
2025-11-23T20:02:56.540Z [DEBUG] Hooks: checkForNewResponses returning 0 responses
2025-11-23T20:02:57.740Z [DEBUG] Checking for native installer update to version 2.0.50
2025-11-23T20:02:58.206Z [DEBUG] Stream started - received first chunk
2025-11-23T20:03:02.055Z [DEBUG] Stream started - received first chunk
2025-11-23T20:03:04.741Z [ERROR] Error: Error: NON-FATAL: Lock acquisition failed for /home/stanner/.local/share/claude/versions/2.0.50 (expected in multi-process scenarios)
    at BCD (/$bunfs/root/claude:2638:1622)
    at yXA (/$bunfs/root/claude:2636:12703)
    at async uA8 (/$bunfs/root/claude:2636:13905)
    at async Vb (/$bunfs/root/claude:2638:236)
    at async <anonymous> (/$bunfs/root/claude:2638:12469)
    at processTicksAndRejections (native:7:39)
2025-11-23T20:03:06.996Z [DEBUG] executePreToolHooks called for tool: Bash
2025-11-23T20:03:06.997Z [DEBUG] Skipping PreToolUse:Bash hook execution - workspace trust not accepted
2025-11-23T20:03:07.020Z [DEBUG] Skipping PostToolUse:Bash hook execution - workspace trust not accepted
2025-11-23T20:03:07.032Z [DEBUG] LSP Diagnostics: getLSPDiagnosticAttachments called
2025-11-23T20:03:07.032Z [DEBUG] LSP Diagnostics: Checking registry - 0 pending
2025-11-23T20:03:07.036Z [DEBUG] Hooks: Found 0 total hooks in registry
2025-11-23T20:03:07.037Z [DEBUG] Hooks: checkForNewResponses returning 0 responses
2025-11-23T20:03:08.024Z [DEBUG] Stream started - received first chunk
2025-11-23T20:03:11.253Z [DEBUG] Stream started - received first chunk
2025-11-23T20:03:11.518Z [ERROR] Error: Error
    at <anonymous> (/$bunfs/root/claude:14:14722)
    at <anonymous> (/$bunfs/root/claude:32:10217)
    at emitError (node:events:43:23)
    at <anonymous> (/$bunfs/root/claude:31:1146)
    at emitError (node:events:43:23)
    at <anonymous> (node:_http_client:250:22)
    at processTicksAndRejections (native:7:39)
    at request (/$bunfs/root/claude:34:2147)
    at processTicksAndRejections (native:7:39)
2025-11-23T20:03:17.690Z [DEBUG] executePreToolHooks called for tool: Bash
2025-11-23T20:03:17.690Z [DEBUG] Skipping PreToolUse:Bash hook execution - workspace trust not accepted
2025-11-23T20:03:18.871Z [DEBUG] Stream started - received first chunk
2025-11-23T20:03:18.879Z [DEBUG] Permission suggestions for Bash: [
  {
    "type": "addRules",
    "rules": [
      {
        "toolName": "Bash",
        "ruleContent": "VBoxManage snapshot:*"
      }
    ],
    "behavior": "allow",
    "destination": "localSettings"
  }
]
2025-11-23T20:03:18.891Z [DEBUG] executePermissionRequestHooks called for tool: Bash
2025-11-23T20:03:18.892Z [DEBUG] Skipping PermissionRequest:Bash hook execution - workspace trust not accepted
2025-11-23T20:03:24.890Z [DEBUG] Skipping Notification:permission_prompt hook execution - workspace trust not accepted
2025-11-23T20:03:32.685Z [ERROR] Error: Error
    at <anonymous> (/$bunfs/root/claude:14:14722)
    at <anonymous> (/$bunfs/root/claude:32:10217)
    at emitError (node:events:43:23)
    at <anonymous> (/$bunfs/root/claude:31:1146)
    at emitError (node:events:43:23)
    at <anonymous> (node:_http_client:250:22)
    at processTicksAndRejections (native:7:39)
    at request (/$bunfs/root/claude:34:2147)
    at processTicksAndRejections (native:7:39)
2025-11-23T20:03:58.340Z [DEBUG] AutoUpdaterWrapper: Installation type: native
2025-11-23T20:03:58.415Z [DEBUG] LSP Diagnostics: getLSPDiagnosticAttachments called
2025-11-23T20:03:58.415Z [DEBUG] LSP Diagnostics: Checking registry - 0 pending
2025-11-23T20:03:58.421Z [DEBUG] Hooks: Found 0 total hooks in registry
2025-11-23T20:03:58.421Z [DEBUG] Hooks: checkForNewResponses returning 0 responses
2025-11-23T20:03:59.008Z [DEBUG] Checking for native installer update to version 2.0.50
2025-11-23T20:04:02.040Z [DEBUG] Stream started - received first chunk
2025-11-23T20:04:05.028Z [DEBUG] executePreToolHooks called for tool: Bash
2025-11-23T20:04:05.028Z [DEBUG] Skipping PreToolUse:Bash hook execution - workspace trust not accepted
2025-11-23T20:04:05.961Z [DEBUG] Stream started - received first chunk
2025-11-23T20:04:06.010Z [ERROR] Error: Error: NON-FATAL: Lock acquisition failed for /home/stanner/.local/share/claude/versions/2.0.50 (expected in multi-process scenarios)
    at BCD (/$bunfs/root/claude:2638:1622)
    at yXA (/$bunfs/root/claude:2636:12703)
    at async uA8 (/$bunfs/root/claude:2636:13905)
    at async Vb (/$bunfs/root/claude:2638:236)
    at async <anonymous> (/$bunfs/root/claude:2638:12469)
    at processTicksAndRejections (native:7:39)
2025-11-23T20:04:06.269Z [DEBUG] Permission suggestions for Bash: [
  {
    "type": "addRules",
    "rules": [
      {
        "toolName": "Bash",
        "ruleContent": "VBoxManage unregistervm:*"
      }
    ],
    "behavior": "allow",
    "destination": "localSettings"
  }
]
2025-11-23T20:04:06.281Z [DEBUG] executePermissionRequestHooks called for tool: Bash
2025-11-23T20:04:06.282Z [DEBUG] Skipping PermissionRequest:Bash hook execution - workspace trust not accepted
2025-11-23T20:04:08.749Z [DEBUG] AutoUpdaterWrapper: Installation type: native
2025-11-23T20:04:08.818Z [DEBUG] Skipping PostToolUse:Bash hook execution - workspace trust not accepted
2025-11-23T20:04:08.835Z [DEBUG] LSP Diagnostics: getLSPDiagnosticAttachments called
2025-11-23T20:04:08.835Z [DEBUG] LSP Diagnostics: Checking registry - 0 pending
2025-11-23T20:04:08.841Z [DEBUG] Hooks: Found 0 total hooks in registry
2025-11-23T20:04:08.841Z [DEBUG] Hooks: checkForNewResponses returning 0 responses
2025-11-23T20:04:09.417Z [DEBUG] Checking for native installer update to version 2.0.50
2025-11-23T20:04:10.190Z [DEBUG] Stream started - received first chunk
2025-11-23T20:04:12.529Z [DEBUG] Stream started - received first chunk
2025-11-23T20:04:13.397Z [ERROR] Error: Error
    at <anonymous> (/$bunfs/root/claude:14:14722)
    at <anonymous> (/$bunfs/root/claude:32:10217)
    at emitError (node:events:43:23)
    at <anonymous> (/$bunfs/root/claude:31:1146)
    at emitError (node:events:43:23)
    at <anonymous> (node:_http_client:250:22)
    at processTicksAndRejections (native:7:39)
    at request (/$bunfs/root/claude:34:2147)
    at processTicksAndRejections (native:7:39)
2025-11-23T20:04:15.436Z [DEBUG] executePreToolHooks called for tool: Bash
2025-11-23T20:04:15.436Z [DEBUG] Skipping PreToolUse:Bash hook execution - workspace trust not accepted
2025-11-23T20:04:16.206Z [DEBUG] Stream started - received first chunk
2025-11-23T20:04:16.418Z [ERROR] Error: Error: NON-FATAL: Lock acquisition failed for /home/stanner/.local/share/claude/versions/2.0.50 (expected in multi-process scenarios)
    at BCD (/$bunfs/root/claude:2638:1622)
    at yXA (/$bunfs/root/claude:2636:12703)
    at async uA8 (/$bunfs/root/claude:2636:13905)
    at async Vb (/$bunfs/root/claude:2638:236)
    at async <anonymous> (/$bunfs/root/claude:2638:12469)
    at processTicksAndRejections (native:7:39)
2025-11-23T20:04:16.501Z [DEBUG] Permission suggestions for Bash: [
  {
    "type": "addRules",
    "rules": [
      {
        "toolName": "Bash",
        "ruleContent": "cp:*"
      }
    ],
    "behavior": "allow",
    "destination": "localSettings"
  }
]
2025-11-23T20:04:16.513Z [DEBUG] executePermissionRequestHooks called for tool: Bash
2025-11-23T20:04:16.514Z [DEBUG] Skipping PermissionRequest:Bash hook execution - workspace trust not accepted
2025-11-23T20:04:20.368Z [DEBUG] AutoUpdaterWrapper: Installation type: native
2025-11-23T20:04:20.399Z [DEBUG] Skipping PostToolUse:Bash hook execution - workspace trust not accepted
2025-11-23T20:04:20.419Z [DEBUG] LSP Diagnostics: getLSPDiagnosticAttachments called
2025-11-23T20:04:20.419Z [DEBUG] LSP Diagnostics: Checking registry - 0 pending
2025-11-23T20:04:20.425Z [DEBUG] Hooks: Found 0 total hooks in registry
2025-11-23T20:04:20.425Z [DEBUG] Hooks: checkForNewResponses returning 0 responses
2025-11-23T20:04:21.030Z [DEBUG] Checking for native installer update to version 2.0.50
2025-11-23T20:04:21.064Z [DEBUG] Stream started - received first chunk
2025-11-23T20:04:25.710Z [DEBUG] Stream started - received first chunk
2025-11-23T20:04:27.782Z [DEBUG] executePreToolHooks called for tool: Read
2025-11-23T20:04:27.783Z [DEBUG] Skipping PreToolUse:Read hook execution - workspace trust not accepted
2025-11-23T20:04:28.031Z [ERROR] Error: Error: NON-FATAL: Lock acquisition failed for /home/stanner/.local/share/claude/versions/2.0.50 (expected in multi-process scenarios)
    at BCD (/$bunfs/root/claude:2638:1622)
    at yXA (/$bunfs/root/claude:2636:12703)
    at async uA8 (/$bunfs/root/claude:2636:13905)
    at async Vb (/$bunfs/root/claude:2638:236)
    at async <anonymous> (/$bunfs/root/claude:2638:12469)
    at processTicksAndRejections (native:7:39)
2025-11-23T20:04:28.633Z [DEBUG] Skipping PostToolUse:Read hook execution - workspace trust not accepted
2025-11-23T20:04:28.648Z [DEBUG] LSP Diagnostics: getLSPDiagnosticAttachments called
2025-11-23T20:04:28.648Z [DEBUG] LSP Diagnostics: Checking registry - 0 pending
2025-11-23T20:04:28.652Z [DEBUG] Hooks: Found 0 total hooks in registry
2025-11-23T20:04:28.652Z [DEBUG] Hooks: checkForNewResponses returning 0 responses
2025-11-23T20:04:30.431Z [ERROR] Error: Error
    at <anonymous> (/$bunfs/root/claude:14:14722)
    at <anonymous> (/$bunfs/root/claude:32:10217)
    at emitError (node:events:43:23)
    at <anonymous> (/$bunfs/root/claude:31:1146)
    at emitError (node:events:43:23)
    at <anonymous> (node:_http_client:250:22)
    at processTicksAndRejections (native:7:39)
    at request (/$bunfs/root/claude:34:2147)
    at processTicksAndRejections (native:7:39)
2025-11-23T20:04:33.982Z [DEBUG] Stream started - received first chunk
2025-11-23T20:04:48.294Z [DEBUG] executePreToolHooks called for tool: Edit
2025-11-23T20:04:48.295Z [DEBUG] Skipping PreToolUse:Edit hook execution - workspace trust not accepted
2025-11-23T20:04:48.303Z [DEBUG] Permission suggestions for Edit: [
  {
    "type": "setMode",
    "mode": "acceptEdits",
    "destination": "session"
  }
]
2025-11-23T20:04:48.331Z [DEBUG] executePermissionRequestHooks called for tool: Edit
2025-11-23T20:04:48.331Z [DEBUG] Skipping PermissionRequest:Edit hook execution - workspace trust not accepted
2025-11-23T20:04:54.323Z [DEBUG] Skipping Notification:permission_prompt hook execution - workspace trust not accepted
2025-11-23T20:05:01.947Z [DEBUG] AutoUpdaterWrapper: Installation type: native
2025-11-23T20:05:01.953Z [DEBUG] FileHistory: Tracked file modification for /home/stanner/VirtualBox VMs/Security Research/win-10-flare/win-10-flare.vbox
2025-11-23T20:05:01.956Z [DEBUG] Writing to temp file: /home/stanner/VirtualBox VMs/Security Research/win-10-flare/win-10-flare.vbox.tmp.60209.1763928301956
2025-11-23T20:05:01.956Z [DEBUG] Preserving file permissions: 100600
2025-11-23T20:05:01.957Z [DEBUG] Temp file written successfully, size: 27884 bytes
2025-11-23T20:05:01.957Z [DEBUG] Applied original permissions to temp file
2025-11-23T20:05:01.957Z [DEBUG] Renaming /home/stanner/VirtualBox VMs/Security Research/win-10-flare/win-10-flare.vbox.tmp.60209.1763928301956 to /home/stanner/VirtualBox VMs/Security Research/win-10-flare/win-10-flare.vbox
2025-11-23T20:05:01.957Z [DEBUG] File /home/stanner/VirtualBox VMs/Security Research/win-10-flare/win-10-flare.vbox written atomically
2025-11-23T20:05:01.961Z [DEBUG] Skipping PostToolUse:Edit hook execution - workspace trust not accepted
2025-11-23T20:05:01.988Z [DEBUG] LSP Diagnostics: getLSPDiagnosticAttachments called
2025-11-23T20:05:01.988Z [DEBUG] LSP Diagnostics: Checking registry - 0 pending
2025-11-23T20:05:01.994Z [DEBUG] Hooks: Found 0 total hooks in registry
2025-11-23T20:05:01.994Z [DEBUG] Hooks: checkForNewResponses returning 0 responses
2025-11-23T20:05:02.614Z [DEBUG] Checking for native installer update to version 2.0.50
2025-11-23T20:05:03.290Z [ERROR] Error: Error
    at <anonymous> (/$bunfs/root/claude:14:14722)
    at <anonymous> (/$bunfs/root/claude:32:10217)
    at emitError (node:events:43:23)
    at <anonymous> (/$bunfs/root/claude:31:1146)
    at emitError (node:events:43:23)
    at <anonymous> (node:_http_client:250:22)
    at processTicksAndRejections (native:7:39)
    at request (/$bunfs/root/claude:34:2147)
    at processTicksAndRejections (native:7:39)
2025-11-23T20:05:06.732Z [DEBUG] Stream started - received first chunk
2025-11-23T20:05:09.617Z [ERROR] Error: Error: NON-FATAL: Lock acquisition failed for /home/stanner/.local/share/claude/versions/2.0.50 (expected in multi-process scenarios)
    at BCD (/$bunfs/root/claude:2638:1622)
    at yXA (/$bunfs/root/claude:2636:12703)
    at async uA8 (/$bunfs/root/claude:2636:13905)
    at async Vb (/$bunfs/root/claude:2638:236)
    at async <anonymous> (/$bunfs/root/claude:2638:12469)
    at processTicksAndRejections (native:7:39)
2025-11-23T20:05:16.366Z [DEBUG] executePreToolHooks called for tool: Edit
2025-11-23T20:05:16.366Z [DEBUG] Skipping PreToolUse:Edit hook execution - workspace trust not accepted
2025-11-23T20:05:16.373Z [DEBUG] Permission suggestions for Edit: [
  {
    "type": "setMode",
    "mode": "acceptEdits",
    "destination": "session"
  }
]
2025-11-23T20:05:16.396Z [DEBUG] executePermissionRequestHooks called for tool: Edit
2025-11-23T20:05:16.396Z [DEBUG] Skipping PermissionRequest:Edit hook execution - workspace trust not accepted
2025-11-23T20:05:22.389Z [DEBUG] Skipping Notification:permission_prompt hook execution - workspace trust not accepted
2025-11-23T20:05:31.359Z [ERROR] Error: Error
    at <anonymous> (/$bunfs/root/claude:14:14722)
    at <anonymous> (/$bunfs/root/claude:32:10217)
    at emitError (node:events:43:23)
    at <anonymous> (/$bunfs/root/claude:31:1146)
    at emitError (node:events:43:23)
    at <anonymous> (node:_http_client:250:22)
    at processTicksAndRejections (native:7:39)
    at request (/$bunfs/root/claude:34:2147)
    at processTicksAndRejections (native:7:39)
2025-11-23T20:17:34.758Z [DEBUG] AutoUpdaterWrapper: Installation type: native
2025-11-23T20:17:34.765Z [DEBUG] Writing to temp file: /home/stanner/VirtualBox VMs/Security Research/win-10-flare/win-10-flare.vbox.tmp.60209.1763929054765
2025-11-23T20:17:34.765Z [DEBUG] Preserving file permissions: 100600
2025-11-23T20:17:34.807Z [DEBUG] Temp file written successfully, size: 27024 bytes
2025-11-23T20:17:34.807Z [DEBUG] Applied original permissions to temp file
2025-11-23T20:17:34.807Z [DEBUG] Renaming /home/stanner/VirtualBox VMs/Security Research/win-10-flare/win-10-flare.vbox.tmp.60209.1763929054765 to /home/stanner/VirtualBox VMs/Security Research/win-10-flare/win-10-flare.vbox
2025-11-23T20:17:34.807Z [DEBUG] File /home/stanner/VirtualBox VMs/Security Research/win-10-flare/win-10-flare.vbox written atomically
2025-11-23T20:17:34.811Z [DEBUG] Skipping PostToolUse:Edit hook execution - workspace trust not accepted
2025-11-23T20:17:34.847Z [DEBUG] LSP Diagnostics: getLSPDiagnosticAttachments called
2025-11-23T20:17:34.847Z [DEBUG] LSP Diagnostics: Checking registry - 0 pending
2025-11-23T20:17:34.853Z [DEBUG] Hooks: Found 0 total hooks in registry
2025-11-23T20:17:34.853Z [DEBUG] Hooks: checkForNewResponses returning 0 responses
2025-11-23T20:17:36.636Z [DEBUG] Checking for native installer update to version 2.0.50
2025-11-23T20:17:39.695Z [DEBUG] Stream started - received first chunk
2025-11-23T20:17:43.637Z [ERROR] Error: Error: NON-FATAL: Lock acquisition failed for /home/stanner/.local/share/claude/versions/2.0.50 (expected in multi-process scenarios)
    at BCD (/$bunfs/root/claude:2638:1622)
    at yXA (/$bunfs/root/claude:2636:12703)
    at async uA8 (/$bunfs/root/claude:2636:13905)
    at async Vb (/$bunfs/root/claude:2638:236)
    at async <anonymous> (/$bunfs/root/claude:2638:12469)
    at processTicksAndRejections (native:7:39)
2025-11-23T20:17:50.394Z [ERROR] Error: Error
    at <anonymous> (/$bunfs/root/claude:14:14722)
    at <anonymous> (/$bunfs/root/claude:32:10217)
    at emitError (node:events:43:23)
    at <anonymous> (/$bunfs/root/claude:31:1146)
    at emitError (node:events:43:23)
    at <anonymous> (node:_http_client:250:22)
    at processTicksAndRejections (native:7:39)
    at request (/$bunfs/root/claude:34:2147)
    at processTicksAndRejections (native:7:39)
2025-11-23T20:19:03.832Z [DEBUG] executePreToolHooks called for tool: Edit
2025-11-23T20:19:03.833Z [DEBUG] Skipping PreToolUse:Edit hook execution - workspace trust not accepted
2025-11-23T20:19:03.840Z [DEBUG] Permission suggestions for Edit: [
  {
    "type": "setMode",
    "mode": "acceptEdits",
    "destination": "session"
  }
]
2025-11-23T20:19:04.029Z [DEBUG] executePermissionRequestHooks called for tool: Edit
2025-11-23T20:19:04.029Z [DEBUG] Skipping PermissionRequest:Edit hook execution - workspace trust not accepted
2025-11-23T20:19:09.950Z [DEBUG] Skipping Notification:permission_prompt hook execution - workspace trust not accepted
2025-11-23T20:19:18.826Z [ERROR] Error: Error
    at <anonymous> (/$bunfs/root/claude:14:14722)
    at <anonymous> (/$bunfs/root/claude:32:10217)
    at emitError (node:events:43:23)
    at <anonymous> (/$bunfs/root/claude:31:1146)
    at emitError (node:events:43:23)
    at <anonymous> (node:_http_client:250:22)
    at processTicksAndRejections (native:7:39)
    at request (/$bunfs/root/claude:34:2147)
    at processTicksAndRejections (native:7:39)
2025-11-23T20:21:30.671Z [DEBUG] AutoUpdaterWrapper: Installation type: native
2025-11-23T20:21:30.682Z [DEBUG] Writing to temp file: /home/stanner/VirtualBox VMs/Security Research/win-10-flare/win-10-flare.vbox.tmp.60209.1763929290682
2025-11-23T20:21:30.682Z [DEBUG] Preserving file permissions: 100600
2025-11-23T20:21:30.684Z [DEBUG] Temp file written successfully, size: 6967 bytes
2025-11-23T20:21:30.684Z [DEBUG] Applied original permissions to temp file
2025-11-23T20:21:30.684Z [DEBUG] Renaming /home/stanner/VirtualBox VMs/Security Research/win-10-flare/win-10-flare.vbox.tmp.60209.1763929290682 to /home/stanner/VirtualBox VMs/Security Research/win-10-flare/win-10-flare.vbox
2025-11-23T20:21:30.684Z [DEBUG] File /home/stanner/VirtualBox VMs/Security Research/win-10-flare/win-10-flare.vbox written atomically
2025-11-23T20:21:30.688Z [DEBUG] Skipping PostToolUse:Edit hook execution - workspace trust not accepted
2025-11-23T20:21:30.954Z [DEBUG] LSP Diagnostics: getLSPDiagnosticAttachments called
2025-11-23T20:21:30.955Z [DEBUG] LSP Diagnostics: Checking registry - 0 pending
2025-11-23T20:21:30.959Z [DEBUG] Hooks: Found 0 total hooks in registry
2025-11-23T20:21:30.959Z [DEBUG] Hooks: checkForNewResponses returning 0 responses
2025-11-23T20:21:31.339Z [DEBUG] Checking for native installer update to version 2.0.50
2025-11-23T20:21:35.841Z [DEBUG] Stream started - received first chunk
2025-11-23T20:21:38.340Z [ERROR] Error: Error: NON-FATAL: Lock acquisition failed for /home/stanner/.local/share/claude/versions/2.0.50 (expected in multi-process scenarios)
    at BCD (/$bunfs/root/claude:2638:1622)
    at yXA (/$bunfs/root/claude:2636:12703)
    at async uA8 (/$bunfs/root/claude:2636:13905)
    at async Vb (/$bunfs/root/claude:2638:236)
    at async <anonymous> (/$bunfs/root/claude:2638:12469)
    at processTicksAndRejections (native:7:39)
2025-11-23T20:21:43.319Z [DEBUG] executePreToolHooks called for tool: Edit
2025-11-23T20:21:43.319Z [DEBUG] Skipping PreToolUse:Edit hook execution - workspace trust not accepted
2025-11-23T20:21:43.327Z [DEBUG] Permission suggestions for Edit: [
  {
    "type": "setMode",
    "mode": "acceptEdits",
    "destination": "session"
  }
]
2025-11-23T20:21:43.346Z [DEBUG] executePermissionRequestHooks called for tool: Edit
2025-11-23T20:21:43.346Z [DEBUG] Skipping PermissionRequest:Edit hook execution - workspace trust not accepted
2025-11-23T20:21:45.692Z [ERROR] Error: Error
    at <anonymous> (/$bunfs/root/claude:14:14722)
    at <anonymous> (/$bunfs/root/claude:32:10217)
    at emitError (node:events:43:23)
    at <anonymous> (/$bunfs/root/claude:31:1146)
    at emitError (node:events:43:23)
    at <anonymous> (node:_http_client:250:22)
    at processTicksAndRejections (native:7:39)
    at request (/$bunfs/root/claude:34:2147)
    at processTicksAndRejections (native:7:39)
2025-11-23T20:21:49.342Z [DEBUG] Skipping Notification:permission_prompt hook execution - workspace trust not accepted
2025-11-23T20:23:12.588Z [DEBUG] AutoUpdaterWrapper: Installation type: native
2025-11-23T20:23:12.595Z [DEBUG] Writing to temp file: /home/stanner/VirtualBox VMs/Security Research/win-10-flare/win-10-flare.vbox.tmp.60209.1763929392595
2025-11-23T20:23:12.595Z [DEBUG] Preserving file permissions: 100600
2025-11-23T20:23:12.599Z [DEBUG] Temp file written successfully, size: 6967 bytes
2025-11-23T20:23:12.599Z [DEBUG] Applied original permissions to temp file
2025-11-23T20:23:12.599Z [DEBUG] Renaming /home/stanner/VirtualBox VMs/Security Research/win-10-flare/win-10-flare.vbox.tmp.60209.1763929392595 to /home/stanner/VirtualBox VMs/Security Research/win-10-flare/win-10-flare.vbox
2025-11-23T20:23:12.599Z [DEBUG] File /home/stanner/VirtualBox VMs/Security Research/win-10-flare/win-10-flare.vbox written atomically
2025-11-23T20:23:12.603Z [DEBUG] Skipping PostToolUse:Edit hook execution - workspace trust not accepted
2025-11-23T20:23:12.628Z [DEBUG] LSP Diagnostics: getLSPDiagnosticAttachments called
2025-11-23T20:23:12.628Z [DEBUG] LSP Diagnostics: Checking registry - 0 pending
2025-11-23T20:23:12.635Z [DEBUG] Hooks: Found 0 total hooks in registry
2025-11-23T20:23:12.635Z [DEBUG] Hooks: checkForNewResponses returning 0 responses
2025-11-23T20:23:13.250Z [DEBUG] Checking for native installer update to version 2.0.50
2025-11-23T20:23:16.826Z [DEBUG] Stream started - received first chunk
2025-11-23T20:23:20.318Z [ERROR] Error: Error: NON-FATAL: Lock acquisition failed for /home/stanner/.local/share/claude/versions/2.0.50 (expected in multi-process scenarios)
    at BCD (/$bunfs/root/claude:2638:1622)
    at yXA (/$bunfs/root/claude:2636:12703)
    at async uA8 (unknown)
    at async Vb (unknown)
    at unknown
    at processTicksAndRejections (native:7:39)
2025-11-23T20:23:20.807Z [DEBUG] executePreToolHooks called for tool: Bash
2025-11-23T20:23:20.807Z [DEBUG] Skipping PreToolUse:Bash hook execution - workspace trust not accepted
2025-11-23T20:23:21.939Z [DEBUG] Stream started - received first chunk
2025-11-23T20:23:22.159Z [DEBUG] Stream started - received first chunk
2025-11-23T20:23:22.454Z [DEBUG] Permission suggestions for Bash: [
  {
    "type": "addRules",
    "rules": [
      {
        "toolName": "Bash",
        "ruleContent": "VBoxManage registervm:*"
      },
      {
        "toolName": "Bash",
        "ruleContent": "VBoxManage startvm:*"
      }
    ],
    "behavior": "allow",
    "destination": "localSettings"
  }
]
2025-11-23T20:23:22.467Z [DEBUG] executePermissionRequestHooks called for tool: Bash
2025-11-23T20:23:22.467Z [DEBUG] Skipping PermissionRequest:Bash hook execution - workspace trust not accepted
2025-11-23T20:23:24.620Z [DEBUG] AutoUpdaterWrapper: Installation type: native
2025-11-23T20:23:24.819Z [DEBUG] LSP Diagnostics: getLSPDiagnosticAttachments called
2025-11-23T20:23:24.819Z [DEBUG] LSP Diagnostics: Checking registry - 0 pending
2025-11-23T20:23:24.825Z [DEBUG] Hooks: Found 0 total hooks in registry
2025-11-23T20:23:24.825Z [DEBUG] Hooks: checkForNewResponses returning 0 responses
2025-11-23T20:23:25.284Z [DEBUG] Checking for native installer update to version 2.0.50
2025-11-23T20:23:27.606Z [ERROR] Error: Error
    at <anonymous> (/$bunfs/root/claude:14:14722)
    at <anonymous> (/$bunfs/root/claude:32:10217)
    at emitError (node:events:43:23)
    at <anonymous> (/$bunfs/root/claude:31:1146)
    at emitError (node:events:43:23)
    at <anonymous> (node:_http_client:250:22)
    at processTicksAndRejections (native:7:39)
    at request (/$bunfs/root/claude:34:2147)
    at processTicksAndRejections (native:7:39)
2025-11-23T20:23:28.209Z [DEBUG] Stream started - received first chunk
2025-11-23T20:23:31.649Z [DEBUG] executePreToolHooks called for tool: Bash
2025-11-23T20:23:31.650Z [DEBUG] Skipping PreToolUse:Bash hook execution - workspace trust not accepted
2025-11-23T20:23:32.286Z [ERROR] Error: Error: NON-FATAL: Lock acquisition failed for /home/stanner/.local/share/claude/versions/2.0.50 (expected in multi-process scenarios)
    at BCD (/$bunfs/root/claude:2638:1622)
    at yXA (/$bunfs/root/claude:2636:12703)
    at async uA8 (/$bunfs/root/claude:2636:13905)
    at async Vb (/$bunfs/root/claude:2638:236)
    at async <anonymous> (/$bunfs/root/claude:2638:12469)
    at processTicksAndRejections (native:7:39)
2025-11-23T20:23:32.673Z [DEBUG] Stream started - received first chunk
2025-11-23T20:23:32.973Z [DEBUG] Permission suggestions for Bash: [
  {
    "type": "addRules",
    "rules": [
      {
        "toolName": "Bash",
        "ruleContent": "VBoxManage list:*"
      }
    ],
    "behavior": "allow",
    "destination": "localSettings"
  }
]
2025-11-23T20:23:32.985Z [DEBUG] executePermissionRequestHooks called for tool: Bash
2025-11-23T20:23:32.985Z [DEBUG] Skipping PermissionRequest:Bash hook execution - workspace trust not accepted
2025-11-23T20:23:44.983Z [DEBUG] Skipping Notification:permission_prompt hook execution - workspace trust not accepted
2025-11-23T20:23:46.644Z [ERROR] Error: Error
    at <anonymous> (/$bunfs/root/claude:14:14722)
    at <anonymous> (/$bunfs/root/claude:32:10217)
    at emitError (node:events:43:23)
    at <anonymous> (/$bunfs/root/claude:31:1146)
    at emitError (node:events:43:23)
    at <anonymous> (node:_http_client:250:22)
    at processTicksAndRejections (native:7:39)
    at request (/$bunfs/root/claude:34:2147)
    at processTicksAndRejections (native:7:39)
2025-11-24T13:10:00.390Z [DEBUG] AutoUpdaterWrapper: Installation type: native
2025-11-24T13:10:00.572Z [DEBUG] Skipping PostToolUse:Bash hook execution - workspace trust not accepted
2025-11-24T13:10:00.594Z [DEBUG] LSP Diagnostics: getLSPDiagnosticAttachments called
2025-11-24T13:10:00.594Z [DEBUG] LSP Diagnostics: Checking registry - 0 pending
2025-11-24T13:10:00.600Z [DEBUG] Hooks: Found 0 total hooks in registry
2025-11-24T13:10:00.600Z [DEBUG] Hooks: checkForNewResponses returning 0 responses
2025-11-24T13:10:01.965Z [DEBUG] Checking for native installer update to version 2.0.50
2025-11-24T13:10:03.119Z [DEBUG] Writing to temp file: /home/stanner/.claude.json.tmp.60209.1763989803119
2025-11-24T13:10:03.119Z [DEBUG] Preserving file permissions: 100600
2025-11-24T13:10:03.135Z [DEBUG] Temp file written successfully, size: 41943 bytes
2025-11-24T13:10:03.135Z [DEBUG] Applied original permissions to temp file
2025-11-24T13:10:03.135Z [DEBUG] Renaming /home/stanner/.claude.json.tmp.60209.1763989803119 to /home/stanner/.claude.json
2025-11-24T13:10:03.135Z [DEBUG] File /home/stanner/.claude.json written atomically
2025-11-24T13:10:04.027Z [DEBUG] Stream started - received first chunk
2025-11-24T13:10:08.967Z [ERROR] Error: Error: NON-FATAL: Lock acquisition failed for /home/stanner/.local/share/claude/versions/2.0.50 (expected in multi-process scenarios)
    at BCD (/$bunfs/root/claude:2638:1622)
    at yXA (/$bunfs/root/claude:2636:12703)
    at async uA8 (/$bunfs/root/claude:2636:13905)
    at async Vb (/$bunfs/root/claude:2638:236)
    at async <anonymous> (/$bunfs/root/claude:2638:12469)
    at processTicksAndRejections (native:7:39)
2025-11-24T13:10:09.061Z [DEBUG] Stream started - received first chunk
2025-11-24T13:10:15.433Z [DEBUG] executePreToolHooks called for tool: Bash
2025-11-24T13:10:15.433Z [DEBUG] Skipping PreToolUse:Bash hook execution - workspace trust not accepted
2025-11-24T13:10:16.153Z [ERROR] Error: Error
    at <anonymous> (/$bunfs/root/claude:14:14722)
    at <anonymous> (/$bunfs/root/claude:32:10217)
    at emitError (node:events:43:23)
    at <anonymous> (/$bunfs/root/claude:31:1146)
    at emitError (node:events:43:23)
    at <anonymous> (node:_http_client:250:22)
    at processTicksAndRejections (native:7:39)
    at request (/$bunfs/root/claude:34:2147)
    at processTicksAndRejections (native:7:39)
2025-11-24T13:10:16.562Z [DEBUG] Stream started - received first chunk
2025-11-24T13:10:18.130Z [DEBUG] Stream started - received first chunk
2025-11-24T13:10:18.491Z [DEBUG] Permission suggestions for Bash: [
  {
    "type": "addRules",
    "rules": [
      {
        "toolName": "Bash",
        "ruleContent": "VBoxManage closemedium:*"
      }
    ],
    "behavior": "allow",
    "destination": "localSettings"
  }
]
2025-11-24T13:10:18.508Z [DEBUG] executePermissionRequestHooks called for tool: Bash
2025-11-24T13:10:18.509Z [DEBUG] Skipping PermissionRequest:Bash hook execution - workspace trust not accepted
2025-11-24T13:10:23.941Z [DEBUG] AutoUpdaterWrapper: Installation type: native
2025-11-24T13:10:24.145Z [DEBUG] executePreToolHooks called for tool: Bash
2025-11-24T13:10:24.146Z [DEBUG] Skipping PreToolUse:Bash hook execution - workspace trust not accepted
2025-11-24T13:10:24.611Z [DEBUG] Checking for native installer update to version 2.0.50
2025-11-24T13:10:24.972Z [DEBUG] Stream started - received first chunk
2025-11-24T13:10:25.130Z [DEBUG] Stream started - received first chunk
2025-11-24T13:10:25.426Z [DEBUG] Permission suggestions for Bash: [
  {
    "type": "addRules",
    "rules": [
      {
        "toolName": "Bash",
        "ruleContent": "VBoxManage closemedium:*"
      }
    ],
    "behavior": "allow",
    "destination": "localSettings"
  }
]
2025-11-24T13:10:25.447Z [DEBUG] executePermissionRequestHooks called for tool: Bash
2025-11-24T13:10:25.447Z [DEBUG] Skipping PermissionRequest:Bash hook execution - workspace trust not accepted
2025-11-24T13:10:30.409Z [DEBUG] AutoUpdaterWrapper: Installation type: native
2025-11-24T13:10:30.597Z [DEBUG] Skipping PostToolUse:Bash hook execution - workspace trust not accepted
2025-11-24T13:10:30.624Z [DEBUG] executePreToolHooks called for tool: Bash
2025-11-24T13:10:30.624Z [DEBUG] Skipping PreToolUse:Bash hook execution - workspace trust not accepted
2025-11-24T13:10:31.074Z [DEBUG] Checking for native installer update to version 2.0.50
2025-11-24T13:10:31.571Z [ERROR] Error: Error
    at <anonymous> (/$bunfs/root/claude:14:14722)
    at <anonymous> (/$bunfs/root/claude:32:10217)
    at emitError (node:events:43:23)
    at <anonymous> (/$bunfs/root/claude:31:1146)
    at emitError (node:events:43:23)
    at <anonymous> (node:_http_client:250:22)
    at processTicksAndRejections (native:7:39)
    at request (/$bunfs/root/claude:34:2147)
    at processTicksAndRejections (native:7:39)
2025-11-24T13:10:31.613Z [ERROR] Error: Error: NON-FATAL: Lock acquisition failed for /home/stanner/.local/share/claude/versions/2.0.50 (expected in multi-process scenarios)
    at BCD (/$bunfs/root/claude:2638:1622)
    at yXA (/$bunfs/root/claude:2636:12703)
    at async uA8 (/$bunfs/root/claude:2636:13905)
    at async Vb (/$bunfs/root/claude:2638:236)
    at async <anonymous> (/$bunfs/root/claude:2638:12469)
    at processTicksAndRejections (native:7:39)
2025-11-24T13:10:31.669Z [DEBUG] Stream started - received first chunk
2025-11-24T13:10:31.954Z [DEBUG] Stream started - received first chunk
2025-11-24T13:10:32.070Z [DEBUG] Stream started - received first chunk
2025-11-24T13:10:32.363Z [DEBUG] Permission suggestions for Bash: [
  {
    "type": "addRules",
    "rules": [
      {
        "toolName": "Bash",
        "ruleContent": "VBoxManage closemedium:*"
      }
    ],
    "behavior": "allow",
    "destination": "localSettings"
  }
]
2025-11-24T13:10:32.382Z [DEBUG] executePermissionRequestHooks called for tool: Bash
2025-11-24T13:10:32.382Z [DEBUG] Skipping PermissionRequest:Bash hook execution - workspace trust not accepted
2025-11-24T13:10:38.076Z [ERROR] Error: Error: NON-FATAL: Lock acquisition failed for /home/stanner/.local/share/claude/versions/2.0.50 (expected in multi-process scenarios)
    at BCD (/$bunfs/root/claude:2638:1622)
    at yXA (/$bunfs/root/claude:2636:12703)
    at async uA8 (/$bunfs/root/claude:2636:13905)
    at async Vb (/$bunfs/root/claude:2638:236)
    at async <anonymous> (/$bunfs/root/claude:2638:12469)
    at processTicksAndRejections (native:7:39)
2025-11-24T13:10:38.377Z [DEBUG] Skipping Notification:permission_prompt hook execution - workspace trust not accepted
2025-11-24T13:10:46.955Z [ERROR] Error: Error
    at <anonymous> (/$bunfs/root/claude:14:14722)
    at <anonymous> (/$bunfs/root/claude:32:10217)
    at emitError (node:events:43:23)
    at <anonymous> (/$bunfs/root/claude:31:1146)
    at emitError (node:events:43:23)
    at <anonymous> (node:_http_client:250:22)
    at processTicksAndRejections (native:7:39)
    at request (/$bunfs/root/claude:34:2147)
    at processTicksAndRejections (native:7:39)
2025-11-24T13:14:01.021Z [DEBUG] AutoUpdaterWrapper: Installation type: native
2025-11-24T13:14:01.233Z [DEBUG] executePreToolHooks called for tool: Bash
2025-11-24T13:14:01.234Z [DEBUG] Skipping PreToolUse:Bash hook execution - workspace trust not accepted
2025-11-24T13:14:01.690Z [DEBUG] Checking for native installer update to version 2.0.50
2025-11-24T13:14:02.039Z [DEBUG] Stream started - received first chunk
2025-11-24T13:14:03.008Z [DEBUG] Stream started - received first chunk
2025-11-24T13:14:03.022Z [DEBUG] Permission suggestions for Bash: [
  {
    "type": "addRules",
    "rules": [
      {
        "toolName": "Bash",
        "ruleContent": "VBoxManage closemedium:*"
      }
    ],
    "behavior": "allow",
    "destination": "localSettings"
  }
]
2025-11-24T13:14:03.047Z [DEBUG] executePermissionRequestHooks called for tool: Bash
2025-11-24T13:14:03.047Z [DEBUG] Skipping PermissionRequest:Bash hook execution - workspace trust not accepted
2025-11-24T13:14:03.713Z [DEBUG] AutoUpdaterWrapper: Installation type: native
2025-11-24T13:14:03.805Z [DEBUG] executePreToolHooks called for tool: Bash
2025-11-24T13:14:03.805Z [DEBUG] Skipping PreToolUse:Bash hook execution - workspace trust not accepted
2025-11-24T13:14:04.384Z [DEBUG] Checking for native installer update to version 2.0.50
2025-11-24T13:14:04.676Z [DEBUG] Stream started - received first chunk
2025-11-24T13:14:05.708Z [DEBUG] Stream started - received first chunk
2025-11-24T13:14:05.793Z [DEBUG] Permission suggestions for Bash: [
  {
    "type": "addRules",
    "rules": [
      {
        "toolName": "Bash",
        "ruleContent": "VBoxManage closemedium:*"
      }
    ],
    "behavior": "allow",
    "destination": "localSettings"
  }
]
2025-11-24T13:14:05.824Z [DEBUG] executePermissionRequestHooks called for tool: Bash
2025-11-24T13:14:05.824Z [DEBUG] Skipping PermissionRequest:Bash hook execution - workspace trust not accepted
2025-11-24T13:14:08.614Z [DEBUG] AutoUpdaterWrapper: Installation type: native
2025-11-24T13:14:08.643Z [DEBUG] Writing to temp file: /home/stanner/.claude.json.tmp.60209.1763990048643
2025-11-24T13:14:08.643Z [DEBUG] Preserving file permissions: 100600
2025-11-24T13:14:08.680Z [DEBUG] Temp file written successfully, size: 41943 bytes
2025-11-24T13:14:08.680Z [DEBUG] Applied original permissions to temp file
2025-11-24T13:14:08.680Z [DEBUG] Renaming /home/stanner/.claude.json.tmp.60209.1763990048643 to /home/stanner/.claude.json
2025-11-24T13:14:08.680Z [DEBUG] File /home/stanner/.claude.json written atomically
2025-11-24T13:14:08.683Z [DEBUG] Writing to temp file: /home/stanner/.claude.json.tmp.60209.1763990048683
2025-11-24T13:14:08.683Z [DEBUG] Preserving file permissions: 100600
2025-11-24T13:14:08.686Z [DEBUG] Temp file written successfully, size: 41943 bytes
2025-11-24T13:14:08.686Z [DEBUG] Applied original permissions to temp file
2025-11-24T13:14:08.686Z [DEBUG] Renaming /home/stanner/.claude.json.tmp.60209.1763990048683 to /home/stanner/.claude.json
2025-11-24T13:14:08.686Z [DEBUG] File /home/stanner/.claude.json written atomically
2025-11-24T13:14:08.692Z [ERROR] Error: Error: NON-FATAL: Lock acquisition failed for /home/stanner/.local/share/claude/versions/2.0.50 (expected in multi-process scenarios)
    at BCD (/$bunfs/root/claude:2638:1622)
    at yXA (/$bunfs/root/claude:2636:12703)
    at async uA8 (/$bunfs/root/claude:2636:13905)
    at async Vb (/$bunfs/root/claude:2638:236)
    at async <anonymous> (/$bunfs/root/claude:2638:12469)
    at processTicksAndRejections (native:7:39)
2025-11-24T13:14:08.947Z [DEBUG] Skipping SessionEnd:prompt_input_exit hook execution - workspace trust not accepted
2025-11-24T13:14:08.948Z [DEBUG] Cleaned up session snapshot: /home/stanner/.claude/shell-snapshots/snapshot-bash-1763925707400-db9iv1.sh
2025-11-24T13:14:08.948Z [DEBUG] LSP server manager shut down successfully
2025-11-24T13:14:08.949Z [DEBUG] Writing to temp file: /home/stanner/.claude.json.tmp.60209.1763990048949
2025-11-24T13:14:08.949Z [DEBUG] Preserving file permissions: 100600
2025-11-24T13:14:08.952Z [DEBUG] Temp file written successfully, size: 42365 bytes
2025-11-24T13:14:08.952Z [DEBUG] Applied original permissions to temp file
2025-11-24T13:14:08.952Z [DEBUG] Renaming /home/stanner/.claude.json.tmp.60209.1763990048949 to /home/stanner/.claude.json
2025-11-24T13:14:08.952Z [DEBUG] File /home/stanner/.claude.json written atomically
