2025-11-22T01:27:04.354Z [DEBUG] Skipping SessionStart:clear hook execution - workspace trust not accepted
2025-11-22T01:27:04.359Z [DEBUG] FileHistory: Added snapshot for b1fe7d3d-c390-4a13-a336-aca88cf32540, tracking 0 files
2025-11-22T01:27:04.362Z [DEBUG] Rendering user message with 1 content blocks
2025-11-22T01:27:04.363Z [DEBUG] Block 0: <command-name>/clear</command-name>
            <command-message>clear</command-message>
           ...
2025-11-22T01:27:04.363Z [DEBUG] UserCommandMessage rendering: "clear" (args: "none")
2025-11-22T01:27:04.363Z [DEBUG] isSkillFormat: false, prefix: "/"
2025-11-22T01:27:07.827Z [ERROR] Error: Error: NON-FATAL: Lock acquisition failed for /home/stanner/.local/share/claude/versions/2.0.50 (expected in multi-process scenarios)
    at BCD (/$bunfs/root/claude:2638:1622)
    at yXA (/$bunfs/root/claude:2636:12703)
    at async uA8 (/$bunfs/root/claude:2636:13905)
    at async Vb (/$bunfs/root/claude:2638:236)
    at async <anonymous> (/$bunfs/root/claude:2638:12469)
    at processTicksAndRejections (native:7:39)
2025-11-22T01:27:09.267Z [ERROR] Error: Error: NON-FATAL: Lock acquisition failed for /home/stanner/.local/share/claude/versions/2.0.50 (expected in multi-process scenarios)
    at BCD (/$bunfs/root/claude:2638:1622)
    at yXA (/$bunfs/root/claude:2636:12703)
    at async uA8 (/$bunfs/root/claude:2636:13905)
    at async Vb (/$bunfs/root/claude:2638:236)
    at async <anonymous> (/$bunfs/root/claude:2638:12469)
    at processTicksAndRejections (native:7:39)
2025-11-22T01:27:19.536Z [DEBUG] LSP Diagnostics: getLSPDiagnosticAttachments called
2025-11-22T01:27:19.536Z [DEBUG] LSP Diagnostics: Checking registry - 0 pending
2025-11-22T01:27:19.539Z [DEBUG] Hooks: Found 0 total hooks in registry
2025-11-22T01:27:19.539Z [DEBUG] Hooks: checkForNewResponses returning 0 responses
2025-11-22T01:27:19.549Z [DEBUG] Skipping UserPromptSubmit hook execution - workspace trust not accepted
2025-11-22T01:27:19.551Z [DEBUG] FileHistory: Making snapshot for message 447a3194-6961-4aa3-b41b-f240a273f0ed
2025-11-22T01:27:19.551Z [DEBUG] FileHistory: Added snapshot for 447a3194-6961-4aa3-b41b-f240a273f0ed, tracking 0 files
2025-11-22T01:27:20.429Z [DEBUG] Stream started - received first chunk
2025-11-22T01:27:22.359Z [DEBUG] Stream started - received first chunk
2025-11-22T01:27:28.091Z [DEBUG] executePreToolHooks called for tool: WebSearch
2025-11-22T01:27:28.092Z [DEBUG] Skipping PreToolUse:WebSearch hook execution - workspace trust not accepted
2025-11-22T01:27:28.109Z [DEBUG] executePermissionRequestHooks called for tool: WebSearch
2025-11-22T01:27:28.109Z [DEBUG] Skipping PermissionRequest:WebSearch hook execution - workspace trust not accepted
2025-11-22T01:27:35.666Z [ERROR] Error: Error
    at <anonymous> (/$bunfs/root/claude:14:14722)
    at <anonymous> (/$bunfs/root/claude:32:10217)
    at emitError (node:events:43:23)
    at <anonymous> (/$bunfs/root/claude:31:1146)
    at emitError (node:events:43:23)
    at <anonymous> (node:_http_client:250:22)
    at processTicksAndRejections (native:7:39)
    at request (/$bunfs/root/claude:34:2147)
    at processTicksAndRejections (native:7:39)
2025-11-22T01:27:40.106Z [DEBUG] Skipping Notification:permission_prompt hook execution - workspace trust not accepted
2025-11-22T01:29:02.865Z [DEBUG] AutoUpdaterWrapper: Installation type: native
2025-11-22T01:29:03.513Z [DEBUG] Checking for native installer update to version 2.0.50
2025-11-22T01:29:04.134Z [DEBUG] Stream started - received first chunk
2025-11-22T01:29:10.514Z [ERROR] Error: Error: NON-FATAL: Lock acquisition failed for /home/stanner/.local/share/claude/versions/2.0.50 (expected in multi-process scenarios)
    at BCD (/$bunfs/root/claude:2638:1622)
    at yXA (/$bunfs/root/claude:2636:12703)
    at async uA8 (/$bunfs/root/claude:2636:13905)
    at async Vb (/$bunfs/root/claude:2638:236)
    at async <anonymous> (/$bunfs/root/claude:2638:12469)
    at processTicksAndRejections (native:7:39)
2025-11-22T01:29:19.009Z [ERROR] Error: Error
    at <anonymous> (/$bunfs/root/claude:14:14722)
    at <anonymous> (/$bunfs/root/claude:32:10217)
    at emitError (node:events:43:23)
    at <anonymous> (/$bunfs/root/claude:31:1146)
    at emitError (node:events:43:23)
    at <anonymous> (node:_http_client:250:22)
    at processTicksAndRejections (native:7:39)
    at request (/$bunfs/root/claude:34:2147)
    at processTicksAndRejections (native:7:39)
2025-11-22T01:29:19.933Z [DEBUG] Skipping PostToolUse:WebSearch hook execution - workspace trust not accepted
2025-11-22T01:29:19.944Z [DEBUG] LSP Diagnostics: getLSPDiagnosticAttachments called
2025-11-22T01:29:19.944Z [DEBUG] LSP Diagnostics: Checking registry - 0 pending
2025-11-22T01:29:19.948Z [DEBUG] Hooks: Found 0 total hooks in registry
2025-11-22T01:29:19.948Z [DEBUG] Hooks: checkForNewResponses returning 0 responses
2025-11-22T01:29:22.631Z [DEBUG] Stream started - received first chunk
2025-11-22T01:29:30.943Z [DEBUG] Skipping Stop hook execution - workspace trust not accepted
2025-11-22T01:29:34.910Z [ERROR] Error: Error
    at <anonymous> (/$bunfs/root/claude:14:14722)
    at <anonymous> (/$bunfs/root/claude:32:10217)
    at emitError (node:events:43:23)
    at <anonymous> (/$bunfs/root/claude:31:1146)
    at emitError (node:events:43:23)
    at <anonymous> (node:_http_client:250:22)
    at processTicksAndRejections (native:7:39)
    at request (/$bunfs/root/claude:34:2147)
    at processTicksAndRejections (native:7:39)
2025-11-22T01:31:48.886Z [DEBUG] LSP Diagnostics: getLSPDiagnosticAttachments called
2025-11-22T01:31:48.886Z [DEBUG] LSP Diagnostics: Checking registry - 0 pending
2025-11-22T01:31:48.890Z [DEBUG] Hooks: Found 0 total hooks in registry
2025-11-22T01:31:48.890Z [DEBUG] Hooks: checkForNewResponses returning 0 responses
2025-11-22T01:31:48.902Z [DEBUG] Skipping UserPromptSubmit hook execution - workspace trust not accepted
2025-11-22T01:31:48.904Z [DEBUG] FileHistory: Making snapshot for message 0f2b249e-291f-4b21-a720-efccb705e693
2025-11-22T01:31:48.904Z [DEBUG] FileHistory: Added snapshot for 0f2b249e-291f-4b21-a720-efccb705e693, tracking 0 files
2025-11-22T01:31:49.949Z [DEBUG] Stream started - received first chunk
2025-11-22T01:31:51.151Z [DEBUG] Stream started - received first chunk
2025-11-22T01:32:00.665Z [DEBUG] Skipping Stop hook execution - workspace trust not accepted
2025-11-22T01:32:05.009Z [ERROR] Error: Error
    at <anonymous> (/$bunfs/root/claude:14:14722)
    at <anonymous> (/$bunfs/root/claude:32:10217)
    at emitError (node:events:43:23)
    at <anonymous> (/$bunfs/root/claude:31:1146)
    at emitError (node:events:43:23)
    at <anonymous> (node:_http_client:250:22)
    at processTicksAndRejections (native:7:39)
    at request (/$bunfs/root/claude:34:2147)
    at processTicksAndRejections (native:7:39)
2025-11-22T01:33:00.673Z [DEBUG] Skipping Notification:idle_prompt hook execution - workspace trust not accepted
2025-11-22T01:40:47.210Z [DEBUG] LSP Diagnostics: getLSPDiagnosticAttachments called
2025-11-22T01:40:47.210Z [DEBUG] LSP Diagnostics: Checking registry - 0 pending
2025-11-22T01:40:47.214Z [DEBUG] Hooks: Found 0 total hooks in registry
2025-11-22T01:40:47.214Z [DEBUG] Hooks: checkForNewResponses returning 0 responses
2025-11-22T01:40:47.225Z [DEBUG] Skipping UserPromptSubmit hook execution - workspace trust not accepted
2025-11-22T01:40:47.227Z [DEBUG] FileHistory: Making snapshot for message 220bb698-ec5c-4776-8c29-f29ded38162c
2025-11-22T01:40:47.227Z [DEBUG] FileHistory: Added snapshot for 220bb698-ec5c-4776-8c29-f29ded38162c, tracking 0 files
2025-11-22T01:40:49.176Z [DEBUG] Stream started - received first chunk
2025-11-22T01:40:50.880Z [DEBUG] Stream started - received first chunk
2025-11-22T01:41:00.644Z [DEBUG] Skipping Stop hook execution - workspace trust not accepted
2025-11-22T01:41:04.448Z [ERROR] Error: Error
    at <anonymous> (/$bunfs/root/claude:14:14722)
    at <anonymous> (/$bunfs/root/claude:32:10217)
    at emitError (node:events:43:23)
    at <anonymous> (/$bunfs/root/claude:31:1146)
    at emitError (node:events:43:23)
    at <anonymous> (node:_http_client:250:22)
    at processTicksAndRejections (native:7:39)
    at request (/$bunfs/root/claude:34:2147)
    at processTicksAndRejections (native:7:39)
2025-11-22T01:42:25.756Z [DEBUG] LSP Diagnostics: getLSPDiagnosticAttachments called
2025-11-22T01:42:25.756Z [DEBUG] LSP Diagnostics: Checking registry - 0 pending
2025-11-22T01:42:25.760Z [DEBUG] Hooks: Found 0 total hooks in registry
2025-11-22T01:42:25.760Z [DEBUG] Hooks: checkForNewResponses returning 0 responses
2025-11-22T01:42:25.773Z [DEBUG] Skipping UserPromptSubmit hook execution - workspace trust not accepted
2025-11-22T01:42:25.775Z [DEBUG] FileHistory: Making snapshot for message 83778e81-71ac-40bc-bbb3-d3c57da21685
2025-11-22T01:42:25.775Z [DEBUG] FileHistory: Added snapshot for 83778e81-71ac-40bc-bbb3-d3c57da21685, tracking 0 files
2025-11-22T01:42:26.654Z [DEBUG] Stream started - received first chunk
2025-11-22T01:42:28.050Z [DEBUG] Stream started - received first chunk
2025-11-22T01:42:40.311Z [DEBUG] Skipping Stop hook execution - workspace trust not accepted
2025-11-22T01:42:41.951Z [ERROR] Error: Error
    at <anonymous> (/$bunfs/root/claude:14:14722)
    at <anonymous> (/$bunfs/root/claude:32:10217)
    at emitError (node:events:43:23)
    at <anonymous> (/$bunfs/root/claude:31:1146)
    at emitError (node:events:43:23)
    at <anonymous> (node:_http_client:250:22)
    at processTicksAndRejections (native:7:39)
    at request (/$bunfs/root/claude:34:2147)
    at processTicksAndRejections (native:7:39)
2025-11-22T01:43:47.246Z [DEBUG] LSP Diagnostics: getLSPDiagnosticAttachments called
2025-11-22T01:43:47.246Z [DEBUG] LSP Diagnostics: Checking registry - 0 pending
2025-11-22T01:43:47.249Z [DEBUG] Hooks: Found 0 total hooks in registry
2025-11-22T01:43:47.249Z [DEBUG] Hooks: checkForNewResponses returning 0 responses
2025-11-22T01:43:47.261Z [DEBUG] Skipping UserPromptSubmit hook execution - workspace trust not accepted
2025-11-22T01:43:47.263Z [DEBUG] FileHistory: Making snapshot for message 3d55956e-f689-40b9-830d-a849189c3d1f
2025-11-22T01:43:47.263Z [DEBUG] FileHistory: Added snapshot for 3d55956e-f689-40b9-830d-a849189c3d1f, tracking 0 files
2025-11-22T01:43:48.083Z [DEBUG] Stream started - received first chunk
2025-11-22T01:43:49.502Z [DEBUG] Stream started - received first chunk
2025-11-22T01:44:00.913Z [DEBUG] Skipping Stop hook execution - workspace trust not accepted
2025-11-22T01:44:03.380Z [ERROR] Error: Error
    at <anonymous> (/$bunfs/root/claude:14:14722)
    at <anonymous> (/$bunfs/root/claude:32:10217)
    at emitError (node:events:43:23)
    at <anonymous> (/$bunfs/root/claude:31:1146)
    at emitError (node:events:43:23)
    at <anonymous> (node:_http_client:250:22)
    at processTicksAndRejections (native:7:39)
    at request (/$bunfs/root/claude:34:2147)
    at processTicksAndRejections (native:7:39)
2025-11-22T01:45:12.155Z [DEBUG] LSP Diagnostics: getLSPDiagnosticAttachments called
2025-11-22T01:45:12.155Z [DEBUG] LSP Diagnostics: Checking registry - 0 pending
2025-11-22T01:45:12.159Z [DEBUG] Hooks: Found 0 total hooks in registry
2025-11-22T01:45:12.159Z [DEBUG] Hooks: checkForNewResponses returning 0 responses
2025-11-22T01:45:12.170Z [DEBUG] Skipping UserPromptSubmit hook execution - workspace trust not accepted
2025-11-22T01:45:12.172Z [DEBUG] FileHistory: Making snapshot for message 11ca4e7f-ef11-4f5f-bd16-ce66dbc29b69
2025-11-22T01:45:12.172Z [DEBUG] FileHistory: Added snapshot for 11ca4e7f-ef11-4f5f-bd16-ce66dbc29b69, tracking 0 files
2025-11-22T01:45:13.210Z [DEBUG] Stream started - received first chunk
2025-11-22T01:45:14.324Z [DEBUG] Stream started - received first chunk
2025-11-22T01:45:25.034Z [DEBUG] Skipping Stop hook execution - workspace trust not accepted
2025-11-22T01:45:32.189Z [ERROR] AxiosError: Error
    at <anonymous> (/$bunfs/root/claude:32:10636)
    at emit (node:events:92:22)
    at <anonymous> (/$bunfs/root/claude:31:3314)
    at request (/$bunfs/root/claude:34:2147)
    at processTicksAndRejections (native:7:39)
2025-11-22T01:46:45.302Z [DEBUG] LSP Diagnostics: getLSPDiagnosticAttachments called
2025-11-22T01:46:45.302Z [DEBUG] LSP Diagnostics: Checking registry - 0 pending
2025-11-22T01:46:45.307Z [DEBUG] Hooks: Found 0 total hooks in registry
2025-11-22T01:46:45.307Z [DEBUG] Hooks: checkForNewResponses returning 0 responses
2025-11-22T01:46:45.319Z [DEBUG] Skipping UserPromptSubmit hook execution - workspace trust not accepted
2025-11-22T01:46:45.321Z [DEBUG] FileHistory: Making snapshot for message 328a71a0-0e96-478e-97fc-ebec6edf25c0
2025-11-22T01:46:45.321Z [DEBUG] FileHistory: Added snapshot for 328a71a0-0e96-478e-97fc-ebec6edf25c0, tracking 0 files
2025-11-22T01:46:46.314Z [DEBUG] Stream started - received first chunk
2025-11-22T01:46:47.945Z [DEBUG] Stream started - received first chunk
2025-11-22T01:46:55.263Z [DEBUG] Skipping Stop hook execution - workspace trust not accepted
2025-11-22T01:47:01.424Z [ERROR] Error: Error
    at <anonymous> (/$bunfs/root/claude:14:14722)
    at <anonymous> (/$bunfs/root/claude:32:10217)
    at emitError (node:events:43:23)
    at <anonymous> (/$bunfs/root/claude:31:1146)
    at emitError (node:events:43:23)
    at <anonymous> (node:_http_client:250:22)
    at processTicksAndRejections (native:7:39)
    at request (/$bunfs/root/claude:34:2147)
    at processTicksAndRejections (native:7:39)
2025-11-22T01:49:27.005Z [DEBUG] LSP Diagnostics: getLSPDiagnosticAttachments called
2025-11-22T01:49:27.005Z [DEBUG] LSP Diagnostics: Checking registry - 0 pending
2025-11-22T01:49:27.015Z [DEBUG] Hooks: Found 0 total hooks in registry
2025-11-22T01:49:27.015Z [DEBUG] Hooks: checkForNewResponses returning 0 responses
2025-11-22T01:49:27.042Z [DEBUG] Skipping UserPromptSubmit hook execution - workspace trust not accepted
2025-11-22T01:49:27.047Z [DEBUG] FileHistory: Making snapshot for message c4e7fc1e-ac63-4f57-9155-a22c1634b924
2025-11-22T01:49:27.047Z [DEBUG] FileHistory: Added snapshot for c4e7fc1e-ac63-4f57-9155-a22c1634b924, tracking 0 files
2025-11-22T01:49:27.955Z [DEBUG] Stream started - received first chunk
2025-11-22T01:49:29.344Z [DEBUG] Stream started - received first chunk
2025-11-22T01:49:44.248Z [ERROR] Error: Error
    at <anonymous> (/$bunfs/root/claude:14:14722)
    at <anonymous> (/$bunfs/root/claude:32:10217)
    at emitError (node:events:43:23)
    at <anonymous> (/$bunfs/root/claude:31:1146)
    at emitError (node:events:43:23)
    at <anonymous> (node:_http_client:250:22)
    at processTicksAndRejections (native:7:39)
    at request (/$bunfs/root/claude:34:2147)
    at processTicksAndRejections (native:7:39)
2025-11-22T01:49:51.001Z [DEBUG] Language not supported while highlighting code, falling back to markdown:
2025-11-22T01:49:51.022Z [DEBUG] Skipping Stop hook execution - workspace trust not accepted
2025-11-22T01:50:06.021Z [ERROR] Error: Error
    at <anonymous> (/$bunfs/root/claude:14:14722)
    at <anonymous> (/$bunfs/root/claude:32:10217)
    at emitError (node:events:43:23)
    at <anonymous> (/$bunfs/root/claude:31:1146)
    at emitError (node:events:43:23)
    at <anonymous> (node:_http_client:250:22)
    at processTicksAndRejections (native:7:39)
    at request (/$bunfs/root/claude:34:2147)
    at processTicksAndRejections (native:7:39)
2025-11-22T01:50:51.029Z [DEBUG] Skipping Notification:idle_prompt hook execution - workspace trust not accepted
2025-11-22T01:51:29.224Z [DEBUG] LSP Diagnostics: getLSPDiagnosticAttachments called
2025-11-22T01:51:29.224Z [DEBUG] LSP Diagnostics: Checking registry - 0 pending
2025-11-22T01:51:29.227Z [DEBUG] Hooks: Found 0 total hooks in registry
2025-11-22T01:51:29.227Z [DEBUG] Hooks: checkForNewResponses returning 0 responses
2025-11-22T01:51:29.239Z [DEBUG] Skipping UserPromptSubmit hook execution - workspace trust not accepted
2025-11-22T01:51:29.241Z [DEBUG] FileHistory: Making snapshot for message e6c9afed-50b8-4555-b350-03289baf6e54
2025-11-22T01:51:29.241Z [DEBUG] FileHistory: Added snapshot for e6c9afed-50b8-4555-b350-03289baf6e54, tracking 0 files
2025-11-22T01:51:30.066Z [DEBUG] Stream started - received first chunk
2025-11-22T01:51:32.323Z [DEBUG] Stream started - received first chunk
2025-11-22T01:51:45.342Z [ERROR] Error: Error
    at <anonymous> (/$bunfs/root/claude:14:14722)
    at <anonymous> (/$bunfs/root/claude:32:10217)
    at emitError (node:events:43:23)
    at <anonymous> (/$bunfs/root/claude:31:1146)
    at emitError (node:events:43:23)
    at <anonymous> (node:_http_client:250:22)
    at processTicksAndRejections (native:7:39)
    at request (/$bunfs/root/claude:34:2147)
    at processTicksAndRejections (native:7:39)
2025-11-22T01:52:00.246Z [DEBUG] Language not supported while highlighting code, falling back to markdown:
2025-11-22T01:52:00.247Z [DEBUG] Language not supported while highlighting code, falling back to markdown:
2025-11-22T01:52:00.247Z [DEBUG] Language not supported while highlighting code, falling back to markdown:
2025-11-22T01:52:00.247Z [DEBUG] Language not supported while highlighting code, falling back to markdown:
2025-11-22T01:52:00.247Z [DEBUG] Language not supported while highlighting code, falling back to markdown:
2025-11-22T01:52:00.247Z [DEBUG] Language not supported while highlighting code, falling back to markdown:
2025-11-22T01:52:00.247Z [DEBUG] Language not supported while highlighting code, falling back to markdown:
2025-11-22T01:52:00.275Z [DEBUG] Skipping Stop hook execution - workspace trust not accepted
2025-11-22T01:52:16.363Z [ERROR] Error: Error
    at <anonymous> (/$bunfs/root/claude:14:14722)
    at <anonymous> (/$bunfs/root/claude:32:10217)
    at emitError (node:events:43:23)
    at <anonymous> (/$bunfs/root/claude:31:1146)
    at emitError (node:events:43:23)
    at <anonymous> (node:_http_client:250:22)
    at processTicksAndRejections (native:7:39)
    at request (/$bunfs/root/claude:34:2147)
    at processTicksAndRejections (native:7:39)
2025-11-22T01:53:00.282Z [DEBUG] Skipping Notification:idle_prompt hook execution - workspace trust not accepted
2025-11-22T01:57:21.902Z [DEBUG] LSP Diagnostics: getLSPDiagnosticAttachments called
2025-11-22T01:57:21.902Z [DEBUG] LSP Diagnostics: Checking registry - 0 pending
2025-11-22T01:57:21.905Z [DEBUG] Hooks: Found 0 total hooks in registry
2025-11-22T01:57:21.905Z [DEBUG] Hooks: checkForNewResponses returning 0 responses
2025-11-22T01:57:21.918Z [DEBUG] Skipping UserPromptSubmit hook execution - workspace trust not accepted
2025-11-22T01:57:21.919Z [DEBUG] FileHistory: Making snapshot for message cbe9630d-038b-4454-8aa7-d5bed48d8708
2025-11-22T01:57:21.919Z [DEBUG] FileHistory: Added snapshot for cbe9630d-038b-4454-8aa7-d5bed48d8708, tracking 0 files
2025-11-22T01:57:23.880Z [DEBUG] Stream started - received first chunk
2025-11-22T01:57:26.159Z [DEBUG] Stream started - received first chunk
2025-11-22T01:57:29.864Z [DEBUG] executePreToolHooks called for tool: WebSearch
2025-11-22T01:57:29.864Z [DEBUG] Skipping PreToolUse:WebSearch hook execution - workspace trust not accepted
2025-11-22T01:57:29.876Z [DEBUG] executePermissionRequestHooks called for tool: WebSearch
2025-11-22T01:57:29.876Z [DEBUG] Skipping PermissionRequest:WebSearch hook execution - workspace trust not accepted
2025-11-22T01:57:35.875Z [DEBUG] Skipping Notification:permission_prompt hook execution - workspace trust not accepted
2025-11-22T01:57:38.022Z [ERROR] Error: Error
    at <anonymous> (/$bunfs/root/claude:14:14722)
    at <anonymous> (/$bunfs/root/claude:32:10217)
    at emitError (node:events:43:23)
    at <anonymous> (/$bunfs/root/claude:31:1146)
    at emitError (node:events:43:23)
    at <anonymous> (node:_http_client:250:22)
    at processTicksAndRejections (native:7:39)
    at request (/$bunfs/root/claude:34:2147)
    at processTicksAndRejections (native:7:39)
2025-11-22T01:57:52.080Z [DEBUG] AutoUpdaterWrapper: Installation type: native
2025-11-22T01:57:53.490Z [DEBUG] Stream started - received first chunk
2025-11-22T01:57:53.858Z [DEBUG] Checking for native installer update to version 2.0.50
2025-11-22T01:58:00.860Z [ERROR] Error: Error: NON-FATAL: Lock acquisition failed for /home/stanner/.local/share/claude/versions/2.0.50 (expected in multi-process scenarios)
    at BCD (/$bunfs/root/claude:2638:1622)
    at yXA (/$bunfs/root/claude:2636:12703)
    at async uA8 (/$bunfs/root/claude:2636:13905)
    at async Vb (/$bunfs/root/claude:2638:236)
    at async <anonymous> (/$bunfs/root/claude:2638:12469)
    at processTicksAndRejections (native:7:39)
2025-11-22T01:58:07.087Z [ERROR] Error: Error
    at <anonymous> (/$bunfs/root/claude:14:14722)
    at <anonymous> (/$bunfs/root/claude:32:10217)
    at emitError (node:events:43:23)
    at <anonymous> (/$bunfs/root/claude:31:1146)
    at emitError (node:events:43:23)
    at <anonymous> (node:_http_client:250:22)
    at processTicksAndRejections (native:7:39)
    at request (/$bunfs/root/claude:34:2147)
    at processTicksAndRejections (native:7:39)
2025-11-22T01:58:09.863Z [DEBUG] Skipping PostToolUse:WebSearch hook execution - workspace trust not accepted
2025-11-22T01:58:09.874Z [DEBUG] LSP Diagnostics: getLSPDiagnosticAttachments called
2025-11-22T01:58:09.874Z [DEBUG] LSP Diagnostics: Checking registry - 0 pending
2025-11-22T01:58:09.877Z [DEBUG] Hooks: Found 0 total hooks in registry
2025-11-22T01:58:09.877Z [DEBUG] Hooks: checkForNewResponses returning 0 responses
2025-11-22T01:58:12.359Z [DEBUG] Stream started - received first chunk
2025-11-22T01:58:25.924Z [ERROR] Error: Error
    at <anonymous> (/$bunfs/root/claude:14:14722)
    at <anonymous> (/$bunfs/root/claude:32:10217)
    at emitError (node:events:43:23)
    at <anonymous> (/$bunfs/root/claude:31:1146)
    at emitError (node:events:43:23)
    at <anonymous> (node:_http_client:250:22)
    at processTicksAndRejections (native:7:39)
    at request (/$bunfs/root/claude:34:2147)
    at processTicksAndRejections (native:7:39)
2025-11-22T01:58:32.299Z [DEBUG] Language not supported while highlighting code, falling back to markdown:
2025-11-22T01:58:32.325Z [DEBUG] Skipping Stop hook execution - workspace trust not accepted
2025-11-22T01:58:47.324Z [ERROR] Error: Error
    at <anonymous> (/$bunfs/root/claude:14:14722)
    at <anonymous> (/$bunfs/root/claude:32:10217)
    at emitError (node:events:43:23)
    at <anonymous> (/$bunfs/root/claude:31:1146)
    at emitError (node:events:43:23)
    at <anonymous> (node:_http_client:250:22)
    at processTicksAndRejections (native:7:39)
    at request (/$bunfs/root/claude:34:2147)
    at processTicksAndRejections (native:7:39)
2025-11-22T01:59:32.334Z [DEBUG] Skipping Notification:idle_prompt hook execution - workspace trust not accepted
2025-11-22T02:00:42.673Z [DEBUG] LSP Diagnostics: getLSPDiagnosticAttachments called
2025-11-22T02:00:42.673Z [DEBUG] LSP Diagnostics: Checking registry - 0 pending
2025-11-22T02:00:42.679Z [DEBUG] Hooks: Found 0 total hooks in registry
2025-11-22T02:00:42.679Z [DEBUG] Hooks: checkForNewResponses returning 0 responses
2025-11-22T02:00:42.697Z [DEBUG] Skipping UserPromptSubmit hook execution - workspace trust not accepted
2025-11-22T02:00:42.700Z [DEBUG] FileHistory: Making snapshot for message 64fa387f-0736-44d1-964d-6023df7b753b
2025-11-22T02:00:42.700Z [DEBUG] FileHistory: Added snapshot for 64fa387f-0736-44d1-964d-6023df7b753b, tracking 0 files
2025-11-22T02:00:45.858Z [DEBUG] Stream started - received first chunk
2025-11-22T02:00:48.518Z [DEBUG] executePreToolHooks called for tool: WebSearch
2025-11-22T02:00:48.519Z [DEBUG] Skipping PreToolUse:WebSearch hook execution - workspace trust not accepted
2025-11-22T02:00:48.531Z [DEBUG] executePermissionRequestHooks called for tool: WebSearch
2025-11-22T02:00:48.531Z [DEBUG] Skipping PermissionRequest:WebSearch hook execution - workspace trust not accepted
2025-11-22T02:00:48.931Z [DEBUG] Stream started - received first chunk
2025-11-22T02:00:52.144Z [DEBUG] AutoUpdaterWrapper: Installation type: native
2025-11-22T02:00:52.772Z [DEBUG] Checking for native installer update to version 2.0.50
2025-11-22T02:00:53.442Z [DEBUG] Stream started - received first chunk
2025-11-22T02:00:58.853Z [ERROR] Error: Error
    at <anonymous> (/$bunfs/root/claude:14:14722)
    at <anonymous> (/$bunfs/root/claude:32:10217)
    at emitError (node:events:43:23)
    at <anonymous> (/$bunfs/root/claude:31:1146)
    at emitError (node:events:43:23)
    at <anonymous> (node:_http_client:250:22)
    at processTicksAndRejections (native:7:39)
    at request (/$bunfs/root/claude:34:2147)
    at processTicksAndRejections (native:7:39)
2025-11-22T02:00:59.775Z [ERROR] Error: Error: NON-FATAL: Lock acquisition failed for /home/stanner/.local/share/claude/versions/2.0.50 (expected in multi-process scenarios)
    at BCD (/$bunfs/root/claude:2638:1622)
    at yXA (/$bunfs/root/claude:2636:12703)
    at async uA8 (/$bunfs/root/claude:2636:13905)
    at async Vb (/$bunfs/root/claude:2638:236)
    at async <anonymous> (/$bunfs/root/claude:2638:12469)
    at processTicksAndRejections (native:7:39)
2025-11-22T02:01:13.967Z [DEBUG] Skipping PostToolUse:WebSearch hook execution - workspace trust not accepted
2025-11-22T02:01:13.981Z [DEBUG] LSP Diagnostics: getLSPDiagnosticAttachments called
2025-11-22T02:01:13.981Z [DEBUG] LSP Diagnostics: Checking registry - 0 pending
2025-11-22T02:01:13.985Z [DEBUG] Hooks: Found 0 total hooks in registry
2025-11-22T02:01:13.985Z [DEBUG] Hooks: checkForNewResponses returning 0 responses
2025-11-22T02:01:16.623Z [DEBUG] Stream started - received first chunk
2025-11-22T02:01:31.167Z [ERROR] Error: Error
    at <anonymous> (/$bunfs/root/claude:14:14722)
    at <anonymous> (/$bunfs/root/claude:32:10217)
    at emitError (node:events:43:23)
    at <anonymous> (/$bunfs/root/claude:31:1146)
    at emitError (node:events:43:23)
    at <anonymous> (node:_http_client:250:22)
    at processTicksAndRejections (native:7:39)
    at request (/$bunfs/root/claude:34:2147)
    at processTicksAndRejections (native:7:39)
2025-11-22T02:01:34.249Z [DEBUG] Skipping Stop hook execution - workspace trust not accepted
2025-11-22T02:01:49.248Z [ERROR] Error: Error
    at <anonymous> (/$bunfs/root/claude:14:14722)
    at <anonymous> (/$bunfs/root/claude:32:10217)
    at emitError (node:events:43:23)
    at <anonymous> (/$bunfs/root/claude:31:1146)
    at emitError (node:events:43:23)
    at <anonymous> (node:_http_client:250:22)
    at processTicksAndRejections (native:7:39)
    at request (/$bunfs/root/claude:34:2147)
    at processTicksAndRejections (native:7:39)
2025-11-22T02:02:46.034Z [DEBUG] LSP Diagnostics: getLSPDiagnosticAttachments called
2025-11-22T02:02:46.034Z [DEBUG] LSP Diagnostics: Checking registry - 0 pending
2025-11-22T02:02:46.038Z [DEBUG] Hooks: Found 0 total hooks in registry
2025-11-22T02:02:46.038Z [DEBUG] Hooks: checkForNewResponses returning 0 responses
2025-11-22T02:02:46.054Z [DEBUG] Skipping UserPromptSubmit hook execution - workspace trust not accepted
2025-11-22T02:02:46.056Z [DEBUG] FileHistory: Making snapshot for message 5cb817d4-abc7-4ccf-80ad-c4855319e1b1
2025-11-22T02:02:46.056Z [DEBUG] FileHistory: Added snapshot for 5cb817d4-abc7-4ccf-80ad-c4855319e1b1, tracking 0 files
2025-11-22T02:02:47.098Z [DEBUG] Stream started - received first chunk
2025-11-22T02:02:49.263Z [DEBUG] Stream started - received first chunk
2025-11-22T02:03:03.246Z [ERROR] Error: Error
    at <anonymous> (/$bunfs/root/claude:14:14722)
    at <anonymous> (/$bunfs/root/claude:32:10217)
    at emitError (node:events:43:23)
    at <anonymous> (/$bunfs/root/claude:31:1146)
    at emitError (node:events:43:23)
    at <anonymous> (node:_http_client:250:22)
    at processTicksAndRejections (native:7:39)
    at request (/$bunfs/root/claude:34:2147)
    at processTicksAndRejections (native:7:39)
2025-11-22T02:03:07.261Z [DEBUG] Language not supported while highlighting code, falling back to markdown:
2025-11-22T02:03:07.262Z [DEBUG] Language not supported while highlighting code, falling back to markdown:
2025-11-22T02:03:07.285Z [DEBUG] Skipping Stop hook execution - workspace trust not accepted
2025-11-22T02:03:22.284Z [ERROR] Error: Error
    at <anonymous> (/$bunfs/root/claude:14:14722)
    at <anonymous> (/$bunfs/root/claude:32:10217)
    at emitError (node:events:43:23)
    at <anonymous> (/$bunfs/root/claude:31:1146)
    at emitError (node:events:43:23)
    at <anonymous> (node:_http_client:250:22)
    at processTicksAndRejections (native:7:39)
    at request (/$bunfs/root/claude:34:2147)
    at processTicksAndRejections (native:7:39)
2025-11-22T02:04:27.525Z [DEBUG] LSP Diagnostics: getLSPDiagnosticAttachments called
2025-11-22T02:04:27.525Z [DEBUG] LSP Diagnostics: Checking registry - 0 pending
2025-11-22T02:04:27.529Z [DEBUG] Hooks: Found 0 total hooks in registry
2025-11-22T02:04:27.529Z [DEBUG] Hooks: checkForNewResponses returning 0 responses
2025-11-22T02:04:27.542Z [DEBUG] Skipping UserPromptSubmit hook execution - workspace trust not accepted
2025-11-22T02:04:27.544Z [DEBUG] FileHistory: Making snapshot for message 28da9df6-3887-436c-b481-ae2f4f724727
2025-11-22T02:04:27.544Z [DEBUG] FileHistory: Added snapshot for 28da9df6-3887-436c-b481-ae2f4f724727, tracking 0 files
2025-11-22T02:04:28.485Z [DEBUG] Stream started - received first chunk
2025-11-22T02:04:30.014Z [DEBUG] Stream started - received first chunk
2025-11-22T02:04:34.308Z [DEBUG] executePreToolHooks called for tool: WebSearch
2025-11-22T02:04:34.309Z [DEBUG] Skipping PreToolUse:WebSearch hook execution - workspace trust not accepted
2025-11-22T02:04:34.323Z [DEBUG] executePermissionRequestHooks called for tool: WebSearch
2025-11-22T02:04:34.323Z [DEBUG] Skipping PermissionRequest:WebSearch hook execution - workspace trust not accepted
2025-11-22T02:04:40.321Z [DEBUG] Skipping Notification:permission_prompt hook execution - workspace trust not accepted
2025-11-22T02:04:43.764Z [ERROR] Error: Error
    at <anonymous> (/$bunfs/root/claude:14:14722)
    at <anonymous> (/$bunfs/root/claude:32:10217)
    at emitError (node:events:43:23)
    at <anonymous> (/$bunfs/root/claude:31:1146)
    at emitError (node:events:43:23)
    at <anonymous> (node:_http_client:250:22)
    at processTicksAndRejections (native:7:39)
    at request (/$bunfs/root/claude:34:2147)
    at processTicksAndRejections (native:7:39)
2025-11-22T02:04:47.135Z [DEBUG] AutoUpdaterWrapper: Installation type: native
2025-11-22T02:04:47.822Z [DEBUG] Checking for native installer update to version 2.0.50
2025-11-22T02:04:48.535Z [DEBUG] Stream started - received first chunk
2025-11-22T02:04:54.825Z [ERROR] Error: Error: NON-FATAL: Lock acquisition failed for /home/stanner/.local/share/claude/versions/2.0.50 (expected in multi-process scenarios)
    at BCD (/$bunfs/root/claude:2638:1622)
    at yXA (/$bunfs/root/claude:2636:12703)
    at async uA8 (/$bunfs/root/claude:2636:13905)
    at async Vb (/$bunfs/root/claude:2638:236)
    at async <anonymous> (/$bunfs/root/claude:2638:12469)
    at processTicksAndRejections (native:7:39)
2025-11-22T02:05:02.141Z [ERROR] Error: Error
    at <anonymous> (/$bunfs/root/claude:14:14722)
    at <anonymous> (/$bunfs/root/claude:32:10217)
    at emitError (node:events:43:23)
    at <anonymous> (/$bunfs/root/claude:31:1146)
    at emitError (node:events:43:23)
    at <anonymous> (node:_http_client:250:22)
    at processTicksAndRejections (native:7:39)
    at request (/$bunfs/root/claude:34:2147)
    at processTicksAndRejections (native:7:39)
2025-11-22T02:05:09.801Z [DEBUG] Skipping PostToolUse:WebSearch hook execution - workspace trust not accepted
2025-11-22T02:05:09.815Z [DEBUG] LSP Diagnostics: getLSPDiagnosticAttachments called
2025-11-22T02:05:09.815Z [DEBUG] LSP Diagnostics: Checking registry - 0 pending
2025-11-22T02:05:09.819Z [DEBUG] Hooks: Found 0 total hooks in registry
2025-11-22T02:05:09.819Z [DEBUG] Hooks: checkForNewResponses returning 0 responses
2025-11-22T02:05:12.376Z [DEBUG] Stream started - received first chunk
2025-11-22T02:05:26.977Z [ERROR] Error: Error
    at <anonymous> (/$bunfs/root/claude:14:14722)
    at <anonymous> (/$bunfs/root/claude:32:10217)
    at emitError (node:events:43:23)
    at <anonymous> (/$bunfs/root/claude:31:1146)
    at emitError (node:events:43:23)
    at <anonymous> (node:_http_client:250:22)
    at processTicksAndRejections (native:7:39)
    at request (/$bunfs/root/claude:34:2147)
    at processTicksAndRejections (native:7:39)
2025-11-22T02:05:40.534Z [DEBUG] Language not supported while highlighting code, falling back to markdown:
2025-11-22T02:05:40.534Z [DEBUG] Language not supported while highlighting code, falling back to markdown:
2025-11-22T02:05:40.535Z [DEBUG] Language not supported while highlighting code, falling back to markdown:
2025-11-22T02:05:40.564Z [DEBUG] Skipping Stop hook execution - workspace trust not accepted
2025-11-22T02:05:56.649Z [ERROR] Error: Error
    at <anonymous> (/$bunfs/root/claude:14:14722)
    at <anonymous> (/$bunfs/root/claude:32:10217)
    at emitError (node:events:43:23)
    at <anonymous> (/$bunfs/root/claude:31:1146)
    at emitError (node:events:43:23)
    at <anonymous> (node:_http_client:250:22)
    at processTicksAndRejections (native:7:39)
    at request (/$bunfs/root/claude:34:2147)
    at processTicksAndRejections (native:7:39)
2025-11-22T02:06:40.573Z [DEBUG] Skipping Notification:idle_prompt hook execution - workspace trust not accepted
2025-11-22T02:07:06.928Z [DEBUG] LSP Diagnostics: getLSPDiagnosticAttachments called
2025-11-22T02:07:06.928Z [DEBUG] LSP Diagnostics: Checking registry - 0 pending
2025-11-22T02:07:06.934Z [DEBUG] Hooks: Found 0 total hooks in registry
2025-11-22T02:07:06.934Z [DEBUG] Hooks: checkForNewResponses returning 0 responses
2025-11-22T02:07:06.954Z [DEBUG] Skipping UserPromptSubmit hook execution - workspace trust not accepted
2025-11-22T02:07:06.957Z [DEBUG] FileHistory: Making snapshot for message 5d7159df-88ea-4f86-b221-92b859a980f6
2025-11-22T02:07:06.957Z [DEBUG] FileHistory: Added snapshot for 5d7159df-88ea-4f86-b221-92b859a980f6, tracking 0 files
2025-11-22T02:07:07.668Z [DEBUG] Stream started - received first chunk
2025-11-22T02:07:10.064Z [DEBUG] Stream started - received first chunk
2025-11-22T02:07:18.462Z [DEBUG] Skipping Stop hook execution - workspace trust not accepted
2025-11-22T02:07:24.166Z [ERROR] Error: Error
    at <anonymous> (/$bunfs/root/claude:14:14722)
    at <anonymous> (/$bunfs/root/claude:32:10217)
    at emitError (node:events:43:23)
    at <anonymous> (/$bunfs/root/claude:31:1146)
    at emitError (node:events:43:23)
    at <anonymous> (node:_http_client:250:22)
    at processTicksAndRejections (native:7:39)
    at request (/$bunfs/root/claude:34:2147)
    at processTicksAndRejections (native:7:39)
2025-11-22T02:08:18.472Z [DEBUG] Skipping Notification:idle_prompt hook execution - workspace trust not accepted
2025-11-22T02:08:31.831Z [DEBUG] LSP Diagnostics: getLSPDiagnosticAttachments called
2025-11-22T02:08:31.831Z [DEBUG] LSP Diagnostics: Checking registry - 0 pending
2025-11-22T02:08:31.835Z [DEBUG] Hooks: Found 0 total hooks in registry
2025-11-22T02:08:31.835Z [DEBUG] Hooks: checkForNewResponses returning 0 responses
2025-11-22T02:08:31.847Z [DEBUG] Skipping UserPromptSubmit hook execution - workspace trust not accepted
2025-11-22T02:08:31.849Z [DEBUG] FileHistory: Making snapshot for message f8ae433b-b250-476b-b51d-7977337d2add
2025-11-22T02:08:31.849Z [DEBUG] FileHistory: Added snapshot for f8ae433b-b250-476b-b51d-7977337d2add, tracking 0 files
2025-11-22T02:08:32.652Z [DEBUG] Stream started - received first chunk
2025-11-22T02:08:34.112Z [DEBUG] Stream started - received first chunk
2025-11-22T02:08:45.754Z [DEBUG] Skipping Stop hook execution - workspace trust not accepted
2025-11-22T02:08:49.032Z [ERROR] Error: Error
    at <anonymous> (/$bunfs/root/claude:14:14722)
    at <anonymous> (/$bunfs/root/claude:32:10217)
    at emitError (node:events:43:23)
    at <anonymous> (/$bunfs/root/claude:31:1146)
    at emitError (node:events:43:23)
    at <anonymous> (node:_http_client:250:22)
    at processTicksAndRejections (native:7:39)
    at request (/$bunfs/root/claude:34:2147)
    at processTicksAndRejections (native:7:39)
2025-11-22T02:09:45.762Z [DEBUG] Skipping Notification:idle_prompt hook execution - workspace trust not accepted
2025-11-22T02:10:25.131Z [DEBUG] LSP Diagnostics: getLSPDiagnosticAttachments called
2025-11-22T02:10:25.131Z [DEBUG] LSP Diagnostics: Checking registry - 0 pending
2025-11-22T02:10:25.150Z [DEBUG] Hooks: Found 0 total hooks in registry
2025-11-22T02:10:25.150Z [DEBUG] Hooks: checkForNewResponses returning 0 responses
2025-11-22T02:10:25.203Z [DEBUG] Skipping UserPromptSubmit hook execution - workspace trust not accepted
2025-11-22T02:10:25.214Z [DEBUG] FileHistory: Making snapshot for message c2b243a9-fd46-404c-9457-be0ea3aef4b5
2025-11-22T02:10:25.214Z [DEBUG] FileHistory: Added snapshot for c2b243a9-fd46-404c-9457-be0ea3aef4b5, tracking 0 files
2025-11-22T02:10:26.112Z [DEBUG] Stream started - received first chunk
2025-11-22T02:10:27.619Z [DEBUG] Stream started - received first chunk
2025-11-22T02:10:41.355Z [ERROR] Error: Error
    at <anonymous> (/$bunfs/root/claude:14:14722)
    at <anonymous> (/$bunfs/root/claude:32:10217)
    at emitError (node:events:43:23)
    at <anonymous> (/$bunfs/root/claude:31:1146)
    at emitError (node:events:43:23)
    at <anonymous> (node:_http_client:250:22)
    at processTicksAndRejections (native:7:39)
    at request (/$bunfs/root/claude:34:2147)
    at processTicksAndRejections (native:7:39)
2025-11-22T02:10:48.615Z [DEBUG] Language not supported while highlighting code, falling back to markdown:
2025-11-22T02:10:48.635Z [DEBUG] Skipping Stop hook execution - workspace trust not accepted
2025-11-22T02:11:03.635Z [ERROR] Error: Error
    at <anonymous> (/$bunfs/root/claude:14:14722)
    at <anonymous> (/$bunfs/root/claude:32:10217)
    at emitError (node:events:43:23)
    at <anonymous> (/$bunfs/root/claude:31:1146)
    at emitError (node:events:43:23)
    at <anonymous> (node:_http_client:250:22)
    at processTicksAndRejections (native:7:39)
    at request (/$bunfs/root/claude:34:2147)
    at processTicksAndRejections (native:7:39)
2025-11-22T02:11:48.643Z [DEBUG] Skipping Notification:idle_prompt hook execution - workspace trust not accepted
2025-11-22T02:12:55.123Z [DEBUG] LSP Diagnostics: getLSPDiagnosticAttachments called
2025-11-22T02:12:55.123Z [DEBUG] LSP Diagnostics: Checking registry - 0 pending
2025-11-22T02:12:55.127Z [DEBUG] Hooks: Found 0 total hooks in registry
2025-11-22T02:12:55.127Z [DEBUG] Hooks: checkForNewResponses returning 0 responses
2025-11-22T02:12:55.140Z [DEBUG] Skipping UserPromptSubmit hook execution - workspace trust not accepted
2025-11-22T02:12:55.142Z [DEBUG] FileHistory: Making snapshot for message d44e9a77-0ec9-4506-a334-3f87f664c656
2025-11-22T02:12:55.142Z [DEBUG] FileHistory: Added snapshot for d44e9a77-0ec9-4506-a334-3f87f664c656, tracking 0 files
2025-11-22T02:15:45.452Z [DEBUG] Skipping SessionEnd:prompt_input_exit hook execution - workspace trust not accepted
2025-11-22T02:15:45.452Z [DEBUG] Cleaned up session snapshot: /home/stanner/.claude/shell-snapshots/snapshot-bash-1763772479548-p7bbr7.sh
2025-11-22T02:15:45.452Z [DEBUG] LSP server manager shut down successfully
2025-11-22T02:15:45.453Z [DEBUG] Writing to temp file: /home/stanner/.claude.json.tmp.11342.1763777745453
2025-11-22T02:15:45.454Z [DEBUG] Preserving file permissions: 100600
2025-11-22T02:15:45.469Z [DEBUG] Temp file written successfully, size: 42251 bytes
2025-11-22T02:15:45.469Z [DEBUG] Applied original permissions to temp file
2025-11-22T02:15:45.469Z [DEBUG] Renaming /home/stanner/.claude.json.tmp.11342.1763777745453 to /home/stanner/.claude.json
2025-11-22T02:15:45.469Z [DEBUG] File /home/stanner/.claude.json written atomically
