2025-11-27T04:58:33.934Z [DEBUG] Skipping SessionEnd:clear hook execution - workspace trust not accepted
2025-11-27T04:58:33.934Z [DEBUG] AutoUpdaterWrapper: Installation type: native
2025-11-27T04:58:33.935Z [DEBUG] Cleared all session hooks for session 7b2e7883-a976-4c59-a7cd-680aa9a8fc93
2025-11-27T04:58:33.944Z [DEBUG] Skipping SessionStart:clear hook execution - workspace trust not accepted
2025-11-27T04:58:33.948Z [DEBUG] FileHistory: Added snapshot for 2e04a970-3848-4f41-87bf-cbf50806fe2f, tracking 0 files
2025-11-27T04:58:33.950Z [DEBUG] Rendering user message with 1 content blocks
2025-11-27T04:58:33.950Z [DEBUG] Block 0: <command-name>/clear</command-name>
            <command-message>clear</command-message>
           ...
2025-11-27T04:58:33.950Z [DEBUG] UserCommandMessage rendering: "clear" (args: "none")
2025-11-27T04:58:33.950Z [DEBUG] isSkillFormat: false, prefix: "/"
2025-11-27T04:58:34.060Z [DEBUG] Checking for native installer update to version 2.0.55
2025-11-27T04:58:41.062Z [ERROR] Error: Error: NON-FATAL: Lock acquisition failed for /home/stanner/.local/share/claude/versions/2.0.55 (expected in multi-process scenarios)
    at tPD (/$bunfs/root/claude:2664:1622)
    at n4A (/$bunfs/root/claude:2662:34066)
    at async kB9 (/$bunfs/root/claude:2662:35268)
    at async vb (/$bunfs/root/claude:2664:236)
    at async <anonymous> (/$bunfs/root/claude:2664:12465)
    at processTicksAndRejections (native:7:39)
2025-11-27T05:00:13.381Z [DEBUG] LSP Diagnostics: getLSPDiagnosticAttachments called
2025-11-27T05:00:13.381Z [DEBUG] LSP Diagnostics: Checking registry - 0 pending
2025-11-27T05:00:13.386Z [DEBUG] Hooks: Found 0 total hooks in registry
2025-11-27T05:00:13.386Z [DEBUG] Hooks: checkForNewResponses returning 0 responses
2025-11-27T05:00:13.395Z [DEBUG] Skipping UserPromptSubmit hook execution - workspace trust not accepted
2025-11-27T05:00:13.396Z [DEBUG] FileHistory: Making snapshot for message a7903001-cc64-4788-bdbe-735246fff30b
2025-11-27T05:00:13.396Z [DEBUG] FileHistory: Added snapshot for a7903001-cc64-4788-bdbe-735246fff30b, tracking 0 files
2025-11-27T05:00:14.096Z [DEBUG] Stream started - received first chunk
2025-11-27T05:00:15.605Z [DEBUG] Stream started - received first chunk
2025-11-27T05:00:16.514Z [DEBUG] executePreToolHooks called for tool: WebFetch
2025-11-27T05:00:16.514Z [DEBUG] Skipping PreToolUse:WebFetch hook execution - workspace trust not accepted
2025-11-27T05:00:16.531Z [DEBUG] executePermissionRequestHooks called for tool: WebFetch
2025-11-27T05:00:16.531Z [DEBUG] Skipping PermissionRequest:WebFetch hook execution - workspace trust not accepted
2025-11-27T05:00:22.529Z [DEBUG] Skipping Notification:permission_prompt hook execution - workspace trust not accepted
2025-11-27T05:00:29.398Z [ERROR] Error: Error
    at <anonymous> (/$bunfs/root/claude:14:14648)
    at <anonymous> (/$bunfs/root/claude:32:10252)
    at emitError (node:events:43:23)
    at <anonymous> (/$bunfs/root/claude:31:1146)
    at emitError (node:events:43:23)
    at <anonymous> (node:_http_client:250:22)
    at processTicksAndRejections (native:7:39)
    at request (/$bunfs/root/claude:34:2147)
    at processTicksAndRejections (native:7:39)
2025-11-27T05:00:59.685Z [DEBUG] Persisting permission update: addRules to source 'localSettings'
2025-11-27T05:00:59.685Z [DEBUG] Persisting 1 allow rule(s) to localSettings
2025-11-27T05:00:59.686Z [DEBUG] Writing to temp file: /home/stanner/.claude/settings.local.json.tmp.2564489.1764219659686
2025-11-27T05:00:59.686Z [DEBUG] Preserving file permissions: 100600
2025-11-27T05:00:59.723Z [DEBUG] Temp file written successfully, size: 883 bytes
2025-11-27T05:00:59.723Z [DEBUG] Applied original permissions to temp file
2025-11-27T05:00:59.723Z [DEBUG] Renaming /home/stanner/.claude/settings.local.json.tmp.2564489.1764219659686 to /home/stanner/.claude/settings.local.json
2025-11-27T05:00:59.723Z [DEBUG] File /home/stanner/.claude/settings.local.json written atomically
2025-11-27T05:00:59.730Z [DEBUG] Applying permission update: Adding 1 allow rule(s) to destination 'localSettings': ["WebFetch(domain:github.com)"]
2025-11-27T05:00:59.733Z [DEBUG] AutoUpdaterWrapper: Installation type: native
2025-11-27T05:00:59.862Z [DEBUG] Checking for native installer update to version 2.0.55
2025-11-27T05:01:01.907Z [DEBUG] Stream started - received first chunk
2025-11-27T05:01:04.904Z [DEBUG] Skipping PostToolUse:WebFetch hook execution - workspace trust not accepted
2025-11-27T05:01:04.915Z [DEBUG] LSP Diagnostics: getLSPDiagnosticAttachments called
2025-11-27T05:01:04.915Z [DEBUG] LSP Diagnostics: Checking registry - 0 pending
2025-11-27T05:01:04.919Z [DEBUG] Hooks: Found 0 total hooks in registry
2025-11-27T05:01:04.919Z [DEBUG] Hooks: checkForNewResponses returning 0 responses
2025-11-27T05:01:06.562Z [DEBUG] Stream started - received first chunk
2025-11-27T05:01:06.864Z [ERROR] Error: Error: NON-FATAL: Lock acquisition failed for /home/stanner/.local/share/claude/versions/2.0.55 (expected in multi-process scenarios)
    at tPD (/$bunfs/root/claude:2664:1622)
    at n4A (/$bunfs/root/claude:2662:34066)
    at async kB9 (/$bunfs/root/claude:2662:35268)
    at async vb (/$bunfs/root/claude:2664:236)
    at async <anonymous> (/$bunfs/root/claude:2664:12465)
    at processTicksAndRejections (native:7:39)
2025-11-27T05:01:08.910Z [DEBUG] Skipping Stop hook execution - workspace trust not accepted
2025-11-27T05:01:19.995Z [ERROR] Error: Error
    at <anonymous> (/$bunfs/root/claude:14:14648)
    at <anonymous> (/$bunfs/root/claude:32:10252)
    at emitError (node:events:43:23)
    at <anonymous> (/$bunfs/root/claude:31:1146)
    at emitError (node:events:43:23)
    at <anonymous> (node:_http_client:250:22)
    at processTicksAndRejections (native:7:39)
    at request (/$bunfs/root/claude:34:2147)
    at processTicksAndRejections (native:7:39)
2025-11-27T05:02:08.959Z [DEBUG] Skipping Notification:idle_prompt hook execution - workspace trust not accepted
2025-11-27T05:03:28.630Z [DEBUG] LSP Diagnostics: getLSPDiagnosticAttachments called
2025-11-27T05:03:28.630Z [DEBUG] LSP Diagnostics: Checking registry - 0 pending
2025-11-27T05:03:28.646Z [DEBUG] Hooks: Found 0 total hooks in registry
2025-11-27T05:03:28.646Z [DEBUG] Hooks: checkForNewResponses returning 0 responses
2025-11-27T05:03:28.664Z [DEBUG] Skipping UserPromptSubmit hook execution - workspace trust not accepted
2025-11-27T05:03:28.665Z [DEBUG] FileHistory: Making snapshot for message 905b6e59-a685-4d32-8f43-9f71eca6d288
2025-11-27T05:03:28.665Z [DEBUG] FileHistory: Added snapshot for 905b6e59-a685-4d32-8f43-9f71eca6d288, tracking 0 files
2025-11-27T05:03:29.307Z [DEBUG] Stream started - received first chunk
2025-11-27T05:03:29.675Z [DEBUG] Stream started - received first chunk
2025-11-27T05:03:30.671Z [DEBUG] executePreToolHooks called for tool: Bash
2025-11-27T05:03:30.672Z [DEBUG] Skipping PreToolUse:Bash hook execution - workspace trust not accepted
2025-11-27T05:03:30.676Z [DEBUG] tree-sitter: WASM files not found
2025-11-27T05:03:31.306Z [DEBUG] Stream started - received first chunk
2025-11-27T05:03:31.338Z [DEBUG] Stream started - received first chunk
2025-11-27T05:03:31.365Z [DEBUG] Stream started - received first chunk
2025-11-27T05:03:31.514Z [DEBUG] Permission suggestions for Bash: [
  {
    "type": "addRules",
    "rules": [
      {
        "toolName": "Bash",
        "ruleContent": "python3:*"
      }
    ],
    "behavior": "allow",
    "destination": "localSettings"
  }
]
2025-11-27T05:03:31.523Z [DEBUG] executePermissionRequestHooks called for tool: Bash
2025-11-27T05:03:31.523Z [DEBUG] Skipping PermissionRequest:Bash hook execution - workspace trust not accepted
2025-11-27T05:03:37.521Z [DEBUG] Skipping Notification:permission_prompt hook execution - workspace trust not accepted
2025-11-27T05:03:44.580Z [ERROR] Error: Error
    at <anonymous> (/$bunfs/root/claude:14:14648)
    at <anonymous> (/$bunfs/root/claude:32:10252)
    at emitError (node:events:43:23)
    at <anonymous> (/$bunfs/root/claude:31:1146)
    at emitError (node:events:43:23)
    at <anonymous> (node:_http_client:250:22)
    at processTicksAndRejections (native:7:39)
    at request (/$bunfs/root/claude:34:2147)
    at processTicksAndRejections (native:7:39)
2025-11-27T05:04:58.741Z [DEBUG] Persisting permission update: addRules to source 'localSettings'
2025-11-27T05:04:58.741Z [DEBUG] Persisting 1 allow rule(s) to localSettings
2025-11-27T05:04:58.742Z [DEBUG] Writing to temp file: /home/stanner/.claude/settings.local.json.tmp.2564489.1764219898742
2025-11-27T05:04:58.742Z [DEBUG] Preserving file permissions: 100600
2025-11-27T05:04:58.745Z [DEBUG] Temp file written successfully, size: 908 bytes
2025-11-27T05:04:58.745Z [DEBUG] Applied original permissions to temp file
2025-11-27T05:04:58.745Z [DEBUG] Renaming /home/stanner/.claude/settings.local.json.tmp.2564489.1764219898742 to /home/stanner/.claude/settings.local.json
2025-11-27T05:04:58.745Z [DEBUG] File /home/stanner/.claude/settings.local.json written atomically
2025-11-27T05:04:58.752Z [DEBUG] Applying permission update: Adding 1 allow rule(s) to destination 'localSettings': ["Bash(python3:*)"]
2025-11-27T05:04:58.757Z [DEBUG] AutoUpdaterWrapper: Installation type: native
2025-11-27T05:04:58.760Z [DEBUG] No session environment scripts found
2025-11-27T05:04:58.906Z [DEBUG] Checking for native installer update to version 2.0.55
2025-11-27T05:05:00.427Z [DEBUG] Getting matching hook commands for PostToolUse with query: Bash
2025-11-27T05:05:00.427Z [DEBUG] Found 0 hook matchers in settings
2025-11-27T05:05:00.427Z [DEBUG] Matched 0 unique hooks for query "Bash" (0 before deduplication)
2025-11-27T05:05:00.439Z [DEBUG] LSP Diagnostics: getLSPDiagnosticAttachments called
2025-11-27T05:05:00.439Z [DEBUG] LSP Diagnostics: Checking registry - 0 pending
2025-11-27T05:05:00.442Z [DEBUG] Hooks: Found 0 total hooks in registry
2025-11-27T05:05:00.442Z [DEBUG] Hooks: checkForNewResponses returning 0 responses
2025-11-27T05:05:01.250Z [DEBUG] Stream started - received first chunk
2025-11-27T05:05:01.470Z [DEBUG] Stream started - received first chunk
2025-11-27T05:05:02.252Z [DEBUG] executePreToolHooks called for tool: Bash
2025-11-27T05:05:02.253Z [DEBUG] Getting matching hook commands for PreToolUse with query: Bash
2025-11-27T05:05:02.253Z [DEBUG] Found 0 hook matchers in settings
2025-11-27T05:05:02.253Z [DEBUG] Matched 0 unique hooks for query "Bash" (0 before deduplication)
2025-11-27T05:05:02.883Z [DEBUG] Stream started - received first chunk
2025-11-27T05:05:02.895Z [DEBUG] Stream started - received first chunk
2025-11-27T05:05:02.944Z [DEBUG] Stream started - received first chunk
2025-11-27T05:05:03.174Z [DEBUG] Permission suggestions for Bash: [
  {
    "type": "addRules",
    "rules": [
      {
        "toolName": "Bash",
        "ruleContent": "source venv/bin/activate"
      },
      {
        "toolName": "Bash",
        "ruleContent": "pip install:*"
      }
    ],
    "behavior": "allow",
    "destination": "localSettings"
  }
]
2025-11-27T05:05:03.182Z [DEBUG] executePermissionRequestHooks called for tool: Bash
2025-11-27T05:05:03.185Z [DEBUG] Getting matching hook commands for PermissionRequest with query: Bash
2025-11-27T05:05:03.185Z [DEBUG] Found 0 hook matchers in settings
2025-11-27T05:05:03.185Z [DEBUG] Matched 0 unique hooks for query "Bash" (0 before deduplication)
2025-11-27T05:05:05.908Z [ERROR] Error: Error: NON-FATAL: Lock acquisition failed for /home/stanner/.local/share/claude/versions/2.0.55 (expected in multi-process scenarios)
    at tPD (/$bunfs/root/claude:2664:1622)
    at n4A (/$bunfs/root/claude:2662:34066)
    at async kB9 (/$bunfs/root/claude:2662:35268)
    at async vb (/$bunfs/root/claude:2664:236)
    at async <anonymous> (/$bunfs/root/claude:2664:12465)
    at processTicksAndRejections (native:7:39)
2025-11-27T05:05:09.181Z [DEBUG] Getting matching hook commands for Notification with query: permission_prompt
2025-11-27T05:05:09.181Z [DEBUG] Found 0 hook matchers in settings
2025-11-27T05:05:09.181Z [DEBUG] Matched 0 unique hooks for query "permission_prompt" (0 before deduplication)
2025-11-27T05:05:15.543Z [ERROR] Error: Error
    at <anonymous> (/$bunfs/root/claude:14:14648)
    at <anonymous> (/$bunfs/root/claude:32:10252)
    at emitError (node:events:43:23)
    at <anonymous> (/$bunfs/root/claude:31:1146)
    at emitError (node:events:43:23)
    at <anonymous> (node:_http_client:250:22)
    at processTicksAndRejections (native:7:39)
    at request (/$bunfs/root/claude:34:2147)
    at processTicksAndRejections (native:7:39)
2025-11-27T05:05:29.703Z [DEBUG] AutoUpdaterWrapper: Installation type: native
2025-11-27T05:05:29.851Z [DEBUG] Checking for native installer update to version 2.0.55
2025-11-27T05:05:33.408Z [DEBUG] Getting matching hook commands for PostToolUse with query: Bash
2025-11-27T05:05:33.408Z [DEBUG] Found 0 hook matchers in settings
2025-11-27T05:05:33.408Z [DEBUG] Matched 0 unique hooks for query "Bash" (0 before deduplication)
2025-11-27T05:05:33.422Z [DEBUG] LSP Diagnostics: getLSPDiagnosticAttachments called
2025-11-27T05:05:33.422Z [DEBUG] LSP Diagnostics: Checking registry - 0 pending
2025-11-27T05:05:33.426Z [DEBUG] Hooks: Found 0 total hooks in registry
2025-11-27T05:05:33.426Z [DEBUG] Hooks: checkForNewResponses returning 0 responses
2025-11-27T05:05:34.563Z [DEBUG] Stream started - received first chunk
2025-11-27T05:05:34.589Z [DEBUG] Stream started - received first chunk
2025-11-27T05:05:35.961Z [DEBUG] executePreToolHooks called for tool: Read
2025-11-27T05:05:35.963Z [DEBUG] Getting matching hook commands for PreToolUse with query: Read
2025-11-27T05:05:35.963Z [DEBUG] Found 0 hook matchers in settings
2025-11-27T05:05:35.963Z [DEBUG] Matched 0 unique hooks for query "Read" (0 before deduplication)
2025-11-27T05:05:35.969Z [ERROR] Error: Error: EISDIR: illegal operation on a directory, read
    at readFileSync (unknown)
    at readFileSync (/$bunfs/root/claude:12:370)
    at gsI (/$bunfs/root/claude:4257:17094)
    at call (/$bunfs/root/claude:1456:912)
    at call (/$bunfs/root/claude:1452:5768)
    at p$9 (/$bunfs/root/claude:2226:16728)
    at processTicksAndRejections (native:7:39)
2025-11-27T05:05:35.979Z [DEBUG] LSP Diagnostics: getLSPDiagnosticAttachments called
2025-11-27T05:05:35.979Z [DEBUG] LSP Diagnostics: Checking registry - 0 pending
2025-11-27T05:05:35.982Z [DEBUG] Hooks: Found 0 total hooks in registry
2025-11-27T05:05:35.982Z [DEBUG] Hooks: checkForNewResponses returning 0 responses
2025-11-27T05:05:36.851Z [ERROR] Error: Error: NON-FATAL: Lock acquisition failed for /home/stanner/.local/share/claude/versions/2.0.55 (expected in multi-process scenarios)
    at tPD (/$bunfs/root/claude:2664:1622)
    at n4A (/$bunfs/root/claude:2662:34066)
    at async kB9 (/$bunfs/root/claude:2662:35268)
    at async vb (/$bunfs/root/claude:2664:236)
    at async <anonymous> (/$bunfs/root/claude:2664:12465)
    at processTicksAndRejections (native:7:39)
2025-11-27T05:05:36.987Z [DEBUG] Stream started - received first chunk
2025-11-27T05:05:37.740Z [DEBUG] executePreToolHooks called for tool: Bash
2025-11-27T05:05:37.742Z [DEBUG] Getting matching hook commands for PreToolUse with query: Bash
2025-11-27T05:05:37.742Z [DEBUG] Found 0 hook matchers in settings
2025-11-27T05:05:37.742Z [DEBUG] Matched 0 unique hooks for query "Bash" (0 before deduplication)
2025-11-27T05:05:37.768Z [DEBUG] Getting matching hook commands for PostToolUse with query: Bash
2025-11-27T05:05:37.768Z [DEBUG] Found 0 hook matchers in settings
2025-11-27T05:05:37.768Z [DEBUG] Matched 0 unique hooks for query "Bash" (0 before deduplication)
2025-11-27T05:05:37.777Z [DEBUG] LSP Diagnostics: getLSPDiagnosticAttachments called
2025-11-27T05:05:37.777Z [DEBUG] LSP Diagnostics: Checking registry - 0 pending
2025-11-27T05:05:37.779Z [DEBUG] Hooks: Found 0 total hooks in registry
2025-11-27T05:05:37.779Z [DEBUG] Hooks: checkForNewResponses returning 0 responses
2025-11-27T05:05:38.451Z [DEBUG] Stream started - received first chunk
2025-11-27T05:05:38.580Z [DEBUG] Stream started - received first chunk
2025-11-27T05:05:39.461Z [DEBUG] executePreToolHooks called for tool: Read
2025-11-27T05:05:39.463Z [DEBUG] Getting matching hook commands for PreToolUse with query: Read
2025-11-27T05:05:39.463Z [DEBUG] Found 0 hook matchers in settings
2025-11-27T05:05:39.463Z [DEBUG] Matched 0 unique hooks for query "Read" (0 before deduplication)
2025-11-27T05:05:39.472Z [DEBUG] Getting matching hook commands for PostToolUse with query: Read
2025-11-27T05:05:39.472Z [DEBUG] Found 0 hook matchers in settings
2025-11-27T05:05:39.472Z [DEBUG] Matched 0 unique hooks for query "Read" (0 before deduplication)
2025-11-27T05:05:39.484Z [DEBUG] LSP Diagnostics: getLSPDiagnosticAttachments called
2025-11-27T05:05:39.484Z [DEBUG] LSP Diagnostics: Checking registry - 0 pending
2025-11-27T05:05:39.487Z [DEBUG] Hooks: Found 0 total hooks in registry
2025-11-27T05:05:39.487Z [DEBUG] Hooks: checkForNewResponses returning 0 responses
2025-11-27T05:05:40.850Z [DEBUG] Stream started - received first chunk
2025-11-27T05:05:44.632Z [DEBUG] Getting matching hook commands for Stop with query: undefined
2025-11-27T05:05:44.632Z [DEBUG] Found 0 hook matchers in settings
2025-11-27T05:05:44.632Z [DEBUG] Matched 0 unique hooks for query "no match query" (0 before deduplication)
2025-11-27T05:05:48.520Z [ERROR] Error: Error
    at <anonymous> (/$bunfs/root/claude:14:14648)
    at <anonymous> (/$bunfs/root/claude:32:10252)
    at emitError (node:events:43:23)
    at <anonymous> (/$bunfs/root/claude:31:1146)
    at emitError (node:events:43:23)
    at <anonymous> (node:_http_client:250:22)
    at processTicksAndRejections (native:7:39)
    at request (/$bunfs/root/claude:34:2147)
    at processTicksAndRejections (native:7:39)
2025-11-27T05:06:15.800Z [DEBUG] Getting matching hook commands for SessionEnd with query: other
2025-11-27T05:06:15.800Z [DEBUG] Found 0 hook matchers in settings
2025-11-27T05:06:15.800Z [DEBUG] Matched 0 unique hooks for query "other" (0 before deduplication)
