2025-11-25T03:24:29.019Z [DEBUG] AutoUpdaterWrapper: Installation type: native
2025-11-25T03:24:29.019Z [DEBUG] Getting matching hook commands for SessionEnd with query: clear
2025-11-25T03:24:29.019Z [DEBUG] Found 0 hook matchers in settings
2025-11-25T03:24:29.019Z [DEBUG] Matched 0 unique hooks for query "clear" (0 before deduplication)
2025-11-25T03:24:29.020Z [DEBUG] Cleared all session hooks for session 211df117-7dda-44d4-ad78-6e530ece9cc6
2025-11-25T03:24:29.024Z [DEBUG] Getting matching hook commands for SessionStart with query: clear
2025-11-25T03:24:29.024Z [DEBUG] Found 0 hook matchers in settings
2025-11-25T03:24:29.024Z [DEBUG] Matched 0 unique hooks for query "clear" (0 before deduplication)
2025-11-25T03:24:29.028Z [DEBUG] FileHistory: Added snapshot for 5f6ef2fc-e6b1-4f0e-8ea4-c313758202f5, tracking 0 files
2025-11-25T03:24:29.030Z [DEBUG] Rendering user message with 1 content blocks
2025-11-25T03:24:29.030Z [DEBUG] Block 0: <command-name>/clear</command-name>
            <command-message>clear</command-message>
           ...
2025-11-25T03:24:29.030Z [DEBUG] UserCommandMessage rendering: "clear" (args: "none")
2025-11-25T03:24:29.030Z [DEBUG] isSkillFormat: false, prefix: "/"
2025-11-25T03:24:30.871Z [DEBUG] Checking for native installer update to version 2.0.53
2025-11-25T03:24:37.872Z [ERROR] Error: Error: NON-FATAL: Lock acquisition failed for /home/stanner/.local/share/claude/versions/2.0.53 (expected in multi-process scenarios)
    at mCD (/$bunfs/root/claude:2653:1622)
    at FWA (/$bunfs/root/claude:2651:12703)
    at async uL8 (/$bunfs/root/claude:2651:13905)
    at async Zb (/$bunfs/root/claude:2653:236)
    at async <anonymous> (/$bunfs/root/claude:2653:12469)
    at processTicksAndRejections (native:7:39)
2025-11-25T03:24:43.289Z [DEBUG] LSP Diagnostics: getLSPDiagnosticAttachments called
2025-11-25T03:24:43.289Z [DEBUG] LSP Diagnostics: Checking registry - 0 pending
2025-11-25T03:24:43.298Z [DEBUG] Hooks: Found 0 total hooks in registry
2025-11-25T03:24:43.298Z [DEBUG] Hooks: checkForNewResponses returning 0 responses
2025-11-25T03:24:43.314Z [DEBUG] Getting matching hook commands for UserPromptSubmit with query: undefined
2025-11-25T03:24:43.314Z [DEBUG] Found 0 hook matchers in settings
2025-11-25T03:24:43.314Z [DEBUG] Matched 0 unique hooks for query "no match query" (0 before deduplication)
2025-11-25T03:24:43.315Z [DEBUG] FileHistory: Making snapshot for message 0405bf87-d9de-4dca-8f0a-ba76d670cb27
2025-11-25T03:24:43.315Z [DEBUG] FileHistory: Added snapshot for 0405bf87-d9de-4dca-8f0a-ba76d670cb27, tracking 0 files
2025-11-25T03:24:44.237Z [DEBUG] Stream started - received first chunk
2025-11-25T03:24:47.192Z [DEBUG] Stream started - received first chunk
2025-11-25T03:24:59.438Z [ERROR] Error: Error
    at <anonymous> (/$bunfs/root/claude:14:14648)
    at <anonymous> (/$bunfs/root/claude:32:10217)
    at emitError (node:events:43:23)
    at <anonymous> (/$bunfs/root/claude:31:1146)
    at emitError (node:events:43:23)
    at <anonymous> (node:_http_client:250:22)
    at processTicksAndRejections (native:7:39)
    at request (/$bunfs/root/claude:34:2147)
    at processTicksAndRejections (native:7:39)
2025-11-25T03:25:12.958Z [DEBUG] Getting matching hook commands for Stop with query: undefined
2025-11-25T03:25:12.958Z [DEBUG] Found 0 hook matchers in settings
2025-11-25T03:25:12.958Z [DEBUG] Matched 0 unique hooks for query "no match query" (0 before deduplication)
2025-11-25T03:25:27.957Z [ERROR] Error: Error
    at <anonymous> (/$bunfs/root/claude:14:14648)
    at <anonymous> (/$bunfs/root/claude:32:10217)
    at emitError (node:events:43:23)
    at <anonymous> (/$bunfs/root/claude:31:1146)
    at emitError (node:events:43:23)
    at <anonymous> (node:_http_client:250:22)
    at processTicksAndRejections (native:7:39)
    at request (/$bunfs/root/claude:34:2147)
    at processTicksAndRejections (native:7:39)
2025-11-25T03:26:12.961Z [DEBUG] Getting matching hook commands for Notification with query: idle_prompt
2025-11-25T03:26:12.961Z [DEBUG] Found 0 hook matchers in settings
2025-11-25T03:26:12.961Z [DEBUG] Matched 0 unique hooks for query "idle_prompt" (0 before deduplication)
2025-11-25T03:45:20.999Z [DEBUG] LSP Diagnostics: getLSPDiagnosticAttachments called
2025-11-25T03:45:20.999Z [DEBUG] LSP Diagnostics: Checking registry - 0 pending
2025-11-25T03:45:21.002Z [DEBUG] Hooks: Found 0 total hooks in registry
2025-11-25T03:45:21.002Z [DEBUG] Hooks: checkForNewResponses returning 0 responses
2025-11-25T03:45:21.012Z [DEBUG] Getting matching hook commands for UserPromptSubmit with query: undefined
2025-11-25T03:45:21.012Z [DEBUG] Found 0 hook matchers in settings
2025-11-25T03:45:21.012Z [DEBUG] Matched 0 unique hooks for query "no match query" (0 before deduplication)
2025-11-25T03:45:21.013Z [DEBUG] FileHistory: Making snapshot for message 7379dee0-1cbb-4b59-89bc-ad00b44a20e4
2025-11-25T03:45:21.013Z [DEBUG] FileHistory: Added snapshot for 7379dee0-1cbb-4b59-89bc-ad00b44a20e4, tracking 0 files
2025-11-25T03:45:23.168Z [DEBUG] Stream started - received first chunk
2025-11-25T03:45:24.346Z [DEBUG] Stream started - received first chunk
2025-11-25T03:45:38.344Z [ERROR] Error: Error
    at <anonymous> (/$bunfs/root/claude:14:14648)
    at <anonymous> (/$bunfs/root/claude:32:10217)
    at emitError (node:events:43:23)
    at <anonymous> (/$bunfs/root/claude:31:1146)
    at emitError (node:events:43:23)
    at <anonymous> (node:_http_client:250:22)
    at processTicksAndRejections (native:7:39)
    at request (/$bunfs/root/claude:34:2147)
    at processTicksAndRejections (native:7:39)
2025-11-25T03:45:42.147Z [DEBUG] Getting matching hook commands for Stop with query: undefined
2025-11-25T03:45:42.147Z [DEBUG] Found 0 hook matchers in settings
2025-11-25T03:45:42.147Z [DEBUG] Matched 0 unique hooks for query "no match query" (0 before deduplication)
2025-11-25T03:45:57.144Z [ERROR] Error: Error
    at <anonymous> (/$bunfs/root/claude:14:14648)
    at <anonymous> (/$bunfs/root/claude:32:10217)
    at emitError (node:events:43:23)
    at <anonymous> (/$bunfs/root/claude:31:1146)
    at emitError (node:events:43:23)
    at <anonymous> (node:_http_client:250:22)
    at processTicksAndRejections (native:7:39)
    at request (/$bunfs/root/claude:34:2147)
    at processTicksAndRejections (native:7:39)
2025-11-25T03:46:42.150Z [DEBUG] Getting matching hook commands for Notification with query: idle_prompt
2025-11-25T03:46:42.150Z [DEBUG] Found 0 hook matchers in settings
2025-11-25T03:46:42.150Z [DEBUG] Matched 0 unique hooks for query "idle_prompt" (0 before deduplication)
2025-11-25T03:47:54.692Z [DEBUG] LSP Diagnostics: getLSPDiagnosticAttachments called
2025-11-25T03:47:54.692Z [DEBUG] LSP Diagnostics: Checking registry - 0 pending
2025-11-25T03:47:54.695Z [DEBUG] Hooks: Found 0 total hooks in registry
2025-11-25T03:47:54.695Z [DEBUG] Hooks: checkForNewResponses returning 0 responses
2025-11-25T03:47:54.702Z [DEBUG] Getting matching hook commands for UserPromptSubmit with query: undefined
2025-11-25T03:47:54.702Z [DEBUG] Found 0 hook matchers in settings
2025-11-25T03:47:54.702Z [DEBUG] Matched 0 unique hooks for query "no match query" (0 before deduplication)
2025-11-25T03:47:54.703Z [DEBUG] FileHistory: Making snapshot for message 2c04bf4f-6b0e-4c9e-b695-a7155fd442a5
2025-11-25T03:47:54.703Z [DEBUG] FileHistory: Added snapshot for 2c04bf4f-6b0e-4c9e-b695-a7155fd442a5, tracking 0 files
2025-11-25T03:47:55.846Z [DEBUG] Stream started - received first chunk
2025-11-25T03:47:57.892Z [DEBUG] Stream started - received first chunk
2025-11-25T03:48:09.717Z [DEBUG] Getting matching hook commands for Stop with query: undefined
2025-11-25T03:48:09.717Z [DEBUG] Found 0 hook matchers in settings
2025-11-25T03:48:09.717Z [DEBUG] Matched 0 unique hooks for query "no match query" (0 before deduplication)
2025-11-25T03:48:11.136Z [ERROR] Error: Error
    at <anonymous> (/$bunfs/root/claude:14:14648)
    at <anonymous> (/$bunfs/root/claude:32:10217)
    at emitError (node:events:43:23)
    at <anonymous> (/$bunfs/root/claude:31:1146)
    at emitError (node:events:43:23)
    at <anonymous> (node:_http_client:250:22)
    at processTicksAndRejections (native:7:39)
    at request (/$bunfs/root/claude:34:2147)
    at processTicksAndRejections (native:7:39)
2025-11-25T03:48:40.960Z [DEBUG] LSP Diagnostics: getLSPDiagnosticAttachments called
2025-11-25T03:48:40.960Z [DEBUG] LSP Diagnostics: Checking registry - 0 pending
2025-11-25T03:48:40.962Z [DEBUG] Hooks: Found 0 total hooks in registry
2025-11-25T03:48:40.962Z [DEBUG] Hooks: checkForNewResponses returning 0 responses
2025-11-25T03:48:40.971Z [DEBUG] Getting matching hook commands for UserPromptSubmit with query: undefined
2025-11-25T03:48:40.971Z [DEBUG] Found 0 hook matchers in settings
2025-11-25T03:48:40.971Z [DEBUG] Matched 0 unique hooks for query "no match query" (0 before deduplication)
2025-11-25T03:48:40.971Z [DEBUG] FileHistory: Making snapshot for message 506ee0a9-05ea-4e34-afcc-244c087688e4
2025-11-25T03:48:40.971Z [DEBUG] FileHistory: Added snapshot for 506ee0a9-05ea-4e34-afcc-244c087688e4, tracking 0 files
2025-11-25T03:48:41.942Z [DEBUG] Stream started - received first chunk
2025-11-25T03:48:43.554Z [DEBUG] Stream started - received first chunk
2025-11-25T03:48:57.519Z [ERROR] Error: Error
    at <anonymous> (/$bunfs/root/claude:14:14648)
    at <anonymous> (/$bunfs/root/claude:32:10217)
    at emitError (node:events:43:23)
    at <anonymous> (/$bunfs/root/claude:31:1146)
    at emitError (node:events:43:23)
    at <anonymous> (node:_http_client:250:22)
    at processTicksAndRejections (native:7:39)
    at request (/$bunfs/root/claude:34:2147)
    at processTicksAndRejections (native:7:39)
2025-11-25T03:49:01.173Z [DEBUG] Getting matching hook commands for Stop with query: undefined
2025-11-25T03:49:01.173Z [DEBUG] Found 0 hook matchers in settings
2025-11-25T03:49:01.173Z [DEBUG] Matched 0 unique hooks for query "no match query" (0 before deduplication)
2025-11-25T03:49:16.170Z [ERROR] Error: Error
    at <anonymous> (/$bunfs/root/claude:14:14648)
    at <anonymous> (/$bunfs/root/claude:32:10217)
    at emitError (node:events:43:23)
    at <anonymous> (/$bunfs/root/claude:31:1146)
    at emitError (node:events:43:23)
    at <anonymous> (node:_http_client:250:22)
    at processTicksAndRejections (native:7:39)
    at request (/$bunfs/root/claude:34:2147)
    at processTicksAndRejections (native:7:39)
2025-11-25T03:50:01.176Z [DEBUG] Getting matching hook commands for Notification with query: idle_prompt
2025-11-25T03:50:01.176Z [DEBUG] Found 0 hook matchers in settings
2025-11-25T03:50:01.176Z [DEBUG] Matched 0 unique hooks for query "idle_prompt" (0 before deduplication)
2025-11-25T03:50:03.732Z [DEBUG] LSP Diagnostics: getLSPDiagnosticAttachments called
2025-11-25T03:50:03.732Z [DEBUG] LSP Diagnostics: Checking registry - 0 pending
2025-11-25T03:50:03.742Z [DEBUG] Hooks: Found 0 total hooks in registry
2025-11-25T03:50:03.742Z [DEBUG] Hooks: checkForNewResponses returning 0 responses
2025-11-25T03:50:03.762Z [DEBUG] Getting matching hook commands for UserPromptSubmit with query: undefined
2025-11-25T03:50:03.762Z [DEBUG] Found 0 hook matchers in settings
2025-11-25T03:50:03.762Z [DEBUG] Matched 0 unique hooks for query "no match query" (0 before deduplication)
2025-11-25T03:50:03.763Z [DEBUG] FileHistory: Making snapshot for message 68098511-64a3-487c-8ee9-7dd3302fe281
2025-11-25T03:50:03.763Z [DEBUG] FileHistory: Added snapshot for 68098511-64a3-487c-8ee9-7dd3302fe281, tracking 0 files
2025-11-25T03:50:04.547Z [DEBUG] Stream started - received first chunk
2025-11-25T03:50:09.277Z [DEBUG] Stream started - received first chunk
2025-11-25T03:50:19.840Z [ERROR] Error: Error
    at <anonymous> (/$bunfs/root/claude:14:14648)
    at <anonymous> (/$bunfs/root/claude:32:10217)
    at emitError (node:events:43:23)
    at <anonymous> (/$bunfs/root/claude:31:1146)
    at emitError (node:events:43:23)
    at <anonymous> (node:_http_client:250:22)
    at processTicksAndRejections (native:7:39)
    at request (/$bunfs/root/claude:34:2147)
    at processTicksAndRejections (native:7:39)
2025-11-25T03:50:31.464Z [DEBUG] Getting matching hook commands for Stop with query: undefined
2025-11-25T03:50:31.464Z [DEBUG] Found 0 hook matchers in settings
2025-11-25T03:50:31.464Z [DEBUG] Matched 0 unique hooks for query "no match query" (0 before deduplication)
2025-11-25T03:50:46.462Z [ERROR] Error: Error
    at <anonymous> (/$bunfs/root/claude:14:14648)
    at <anonymous> (/$bunfs/root/claude:32:10217)
    at emitError (node:events:43:23)
    at <anonymous> (/$bunfs/root/claude:31:1146)
    at emitError (node:events:43:23)
    at <anonymous> (node:_http_client:250:22)
    at processTicksAndRejections (native:7:39)
    at request (/$bunfs/root/claude:34:2147)
    at processTicksAndRejections (native:7:39)
2025-11-25T03:51:31.467Z [DEBUG] Getting matching hook commands for Notification with query: idle_prompt
2025-11-25T03:51:31.467Z [DEBUG] Found 0 hook matchers in settings
2025-11-25T03:51:31.467Z [DEBUG] Matched 0 unique hooks for query "idle_prompt" (0 before deduplication)
2025-11-25T03:54:30.596Z [DEBUG] Checking for native installer update to version 2.0.53
2025-11-25T03:54:37.597Z [ERROR] Error: Error: NON-FATAL: Lock acquisition failed for /home/stanner/.local/share/claude/versions/2.0.53 (expected in multi-process scenarios)
    at mCD (/$bunfs/root/claude:2653:1622)
    at FWA (/$bunfs/root/claude:2651:12703)
    at async uL8 (/$bunfs/root/claude:2651:13905)
    at async Zb (/$bunfs/root/claude:2653:236)
    at async <anonymous> (/$bunfs/root/claude:2653:12469)
    at processTicksAndRejections (native:7:39)
