2025-11-24T02:21:35.114Z [DEBUG] Skipping SessionStart:clear hook execution - workspace trust not accepted
2025-11-24T02:21:35.120Z [DEBUG] FileHistory: Added snapshot for 3260e4c1-f0f6-4b16-a0fc-58fd4274e74b, tracking 0 files
2025-11-24T02:21:35.125Z [DEBUG] Rendering user message with 1 content blocks
2025-11-24T02:21:35.125Z [DEBUG] Block 0: <command-name>/clear</command-name>
            <command-message>clear</command-message>
           ...
2025-11-24T02:21:35.125Z [DEBUG] UserCommandMessage rendering: "clear" (args: "none")
2025-11-24T02:21:35.125Z [DEBUG] isSkillFormat: false, prefix: "/"
2025-11-24T02:21:35.145Z [DEBUG] Writing to temp file: /home/stanner/.claude.json.tmp.76388.1763950895145
2025-11-24T02:21:35.145Z [DEBUG] Preserving file permissions: 100600
2025-11-24T02:21:35.147Z [DEBUG] Temp file written successfully, size: 41916 bytes
2025-11-24T02:21:35.147Z [DEBUG] Applied original permissions to temp file
2025-11-24T02:21:35.147Z [DEBUG] Renaming /home/stanner/.claude.json.tmp.76388.1763950895145 to /home/stanner/.claude.json
2025-11-24T02:21:35.147Z [DEBUG] File /home/stanner/.claude.json written atomically
2025-11-24T02:21:35.149Z [ERROR] Error: Error: NON-FATAL: Lock acquisition failed for /home/stanner/.local/share/claude/versions/2.0.50 (expected in multi-process scenarios)
    at BCD (/$bunfs/root/claude:2638:1622)
    at yXA (/$bunfs/root/claude:2636:12703)
    at async uA8 (/$bunfs/root/claude:2636:13905)
    at async Vb (/$bunfs/root/claude:2638:236)
    at async <anonymous> (/$bunfs/root/claude:2638:12469)
    at processTicksAndRejections (native:7:39)
2025-11-24T02:21:42.127Z [ERROR] Error: Error
    at <anonymous> (/$bunfs/root/claude:14:14722)
    at <anonymous> (/$bunfs/root/claude:32:10217)
    at emitError (node:events:43:23)
    at <anonymous> (/$bunfs/root/claude:31:1146)
    at emitError (node:events:43:23)
    at <anonymous> (node:_http_client:250:22)
    at processTicksAndRejections (native:7:39)
    at request (/$bunfs/root/claude:34:2147)
    at processTicksAndRejections (native:7:39)
2025-11-24T02:22:35.144Z [DEBUG] Skipping Notification:idle_prompt hook execution - workspace trust not accepted
2025-11-24T02:51:36.682Z [DEBUG] Checking for native installer update to version 2.0.50
2025-11-24T02:51:43.683Z [ERROR] Error: Error: NON-FATAL: Lock acquisition failed for /home/stanner/.local/share/claude/versions/2.0.50 (expected in multi-process scenarios)
    at BCD (/$bunfs/root/claude:2638:1622)
    at yXA (/$bunfs/root/claude:2636:12703)
    at async uA8 (/$bunfs/root/claude:2636:13905)
    at async Vb (/$bunfs/root/claude:2638:236)
    at async <anonymous> (/$bunfs/root/claude:2638:12469)
    at processTicksAndRejections (native:7:39)
2025-11-24T03:12:45.571Z [DEBUG] LSP Diagnostics: getLSPDiagnosticAttachments called
2025-11-24T03:12:45.571Z [DEBUG] LSP Diagnostics: Checking registry - 0 pending
2025-11-24T03:12:45.576Z [DEBUG] Hooks: Found 0 total hooks in registry
2025-11-24T03:12:45.576Z [DEBUG] Hooks: checkForNewResponses returning 0 responses
2025-11-24T03:12:45.590Z [DEBUG] Skipping UserPromptSubmit hook execution - workspace trust not accepted
2025-11-24T03:12:45.593Z [DEBUG] FileHistory: Making snapshot for message 73a0b42a-48d6-4d2a-b289-e03e5f1e6a9d
2025-11-24T03:12:45.593Z [DEBUG] FileHistory: Added snapshot for 73a0b42a-48d6-4d2a-b289-e03e5f1e6a9d, tracking 0 files
2025-11-24T03:12:45.614Z [DEBUG] Total plugin output styles loaded: 0
2025-11-24T03:12:47.478Z [DEBUG] Stream started - received first chunk
2025-11-24T03:12:49.186Z [DEBUG] Stream started - received first chunk
2025-11-24T03:12:56.724Z [DEBUG] Skipping Stop hook execution - workspace trust not accepted
2025-11-24T03:12:56.738Z [DEBUG] Writing to temp file: /home/stanner/.claude.json.tmp.76388.1763953976738
2025-11-24T03:12:56.738Z [DEBUG] Preserving file permissions: 100600
2025-11-24T03:12:56.740Z [DEBUG] Temp file written successfully, size: 41943 bytes
2025-11-24T03:12:56.740Z [DEBUG] Applied original permissions to temp file
2025-11-24T03:12:56.740Z [DEBUG] Renaming /home/stanner/.claude.json.tmp.76388.1763953976738 to /home/stanner/.claude.json
2025-11-24T03:12:56.740Z [DEBUG] File /home/stanner/.claude.json written atomically
2025-11-24T03:12:56.743Z [DEBUG] Writing to temp file: /home/stanner/.claude.json.tmp.76388.1763953976743
2025-11-24T03:12:56.743Z [DEBUG] Preserving file permissions: 100600
2025-11-24T03:12:56.744Z [DEBUG] Temp file written successfully, size: 41943 bytes
2025-11-24T03:12:56.744Z [DEBUG] Applied original permissions to temp file
2025-11-24T03:12:56.744Z [DEBUG] Renaming /home/stanner/.claude.json.tmp.76388.1763953976743 to /home/stanner/.claude.json
2025-11-24T03:12:56.744Z [DEBUG] File /home/stanner/.claude.json written atomically
2025-11-24T03:13:00.618Z [ERROR] Error: Error
    at <anonymous> (/$bunfs/root/claude:14:14722)
    at <anonymous> (/$bunfs/root/claude:32:10217)
    at emitError (node:events:43:23)
    at <anonymous> (/$bunfs/root/claude:31:1146)
    at emitError (node:events:43:23)
    at <anonymous> (node:_http_client:250:22)
    at processTicksAndRejections (native:7:39)
    at request (/$bunfs/root/claude:34:2147)
    at processTicksAndRejections (native:7:39)
2025-11-24T03:13:04.716Z [DEBUG] LSP Diagnostics: getLSPDiagnosticAttachments called
2025-11-24T03:13:04.716Z [DEBUG] LSP Diagnostics: Checking registry - 0 pending
2025-11-24T03:13:04.721Z [DEBUG] Hooks: Found 0 total hooks in registry
2025-11-24T03:13:04.721Z [DEBUG] Hooks: checkForNewResponses returning 0 responses
2025-11-24T03:13:04.736Z [DEBUG] Skipping UserPromptSubmit hook execution - workspace trust not accepted
2025-11-24T03:13:04.740Z [DEBUG] FileHistory: Making snapshot for message c262d6b4-31a8-4293-9522-470e3fbce631
2025-11-24T03:13:04.740Z [DEBUG] FileHistory: Added snapshot for c262d6b4-31a8-4293-9522-470e3fbce631, tracking 0 files
2025-11-24T03:13:05.711Z [DEBUG] Stream started - received first chunk
2025-11-24T03:13:08.600Z [DEBUG] Stream started - received first chunk
2025-11-24T03:13:15.865Z [DEBUG] Skipping Stop hook execution - workspace trust not accepted
2025-11-24T03:13:15.876Z [DEBUG] Writing to temp file: /home/stanner/.claude.json.tmp.76388.1763953995876
2025-11-24T03:13:15.876Z [DEBUG] Preserving file permissions: 100600
2025-11-24T03:13:15.913Z [DEBUG] Temp file written successfully, size: 41943 bytes
2025-11-24T03:13:15.913Z [DEBUG] Applied original permissions to temp file
2025-11-24T03:13:15.913Z [DEBUG] Renaming /home/stanner/.claude.json.tmp.76388.1763953995876 to /home/stanner/.claude.json
2025-11-24T03:13:15.913Z [DEBUG] File /home/stanner/.claude.json written atomically
2025-11-24T03:13:15.916Z [DEBUG] Writing to temp file: /home/stanner/.claude.json.tmp.76388.1763953995916
2025-11-24T03:13:15.916Z [DEBUG] Preserving file permissions: 100600
2025-11-24T03:13:15.917Z [DEBUG] Temp file written successfully, size: 41943 bytes
2025-11-24T03:13:15.917Z [DEBUG] Applied original permissions to temp file
2025-11-24T03:13:15.917Z [DEBUG] Renaming /home/stanner/.claude.json.tmp.76388.1763953995916 to /home/stanner/.claude.json
2025-11-24T03:13:15.917Z [DEBUG] File /home/stanner/.claude.json written atomically
2025-11-24T03:13:19.761Z [ERROR] Error: Error
    at <anonymous> (/$bunfs/root/claude:14:14722)
    at <anonymous> (/$bunfs/root/claude:32:10217)
    at emitError (node:events:43:23)
    at <anonymous> (/$bunfs/root/claude:31:1146)
    at emitError (node:events:43:23)
    at <anonymous> (node:_http_client:250:22)
    at processTicksAndRejections (native:7:39)
    at request (/$bunfs/root/claude:34:2147)
    at processTicksAndRejections (native:7:39)
2025-11-24T03:14:15.873Z [DEBUG] Skipping Notification:idle_prompt hook execution - workspace trust not accepted
2025-11-24T03:21:36.669Z [DEBUG] Checking for native installer update to version 2.0.50
2025-11-24T03:21:43.670Z [ERROR] Error: Error: NON-FATAL: Lock acquisition failed for /home/stanner/.local/share/claude/versions/2.0.50 (expected in multi-process scenarios)
    at BCD (/$bunfs/root/claude:2638:1622)
    at yXA (/$bunfs/root/claude:2636:12703)
    at async uA8 (/$bunfs/root/claude:2636:13905)
    at async Vb (/$bunfs/root/claude:2638:236)
    at async <anonymous> (/$bunfs/root/claude:2638:12469)
    at processTicksAndRejections (native:7:39)
2025-11-24T03:51:36.981Z [DEBUG] Checking for native installer update to version 2.0.50
2025-11-24T03:51:43.981Z [ERROR] Error: Error: NON-FATAL: Lock acquisition failed for /home/stanner/.local/share/claude/versions/2.0.50 (expected in multi-process scenarios)
    at BCD (/$bunfs/root/claude:2638:1622)
    at yXA (/$bunfs/root/claude:2636:12703)
    at async uA8 (/$bunfs/root/claude:2636:13905)
    at async Vb (/$bunfs/root/claude:2638:236)
    at async <anonymous> (/$bunfs/root/claude:2638:12469)
    at processTicksAndRejections (native:7:39)
2025-11-24T04:21:36.687Z [DEBUG] Checking for native installer update to version 2.0.50
2025-11-24T04:21:43.689Z [ERROR] Error: Error: NON-FATAL: Lock acquisition failed for /home/stanner/.local/share/claude/versions/2.0.50 (expected in multi-process scenarios)
    at BCD (/$bunfs/root/claude:2638:1622)
    at yXA (/$bunfs/root/claude:2636:12703)
    at async uA8 (/$bunfs/root/claude:2636:13905)
    at async Vb (/$bunfs/root/claude:2638:236)
    at async <anonymous> (/$bunfs/root/claude:2638:12469)
    at processTicksAndRejections (native:7:39)
2025-11-24T04:51:36.750Z [DEBUG] Checking for native installer update to version 2.0.50
2025-11-24T04:51:43.751Z [ERROR] Error: Error: NON-FATAL: Lock acquisition failed for /home/stanner/.local/share/claude/versions/2.0.50 (expected in multi-process scenarios)
    at BCD (/$bunfs/root/claude:2638:1622)
    at yXA (/$bunfs/root/claude:2636:12703)
    at async uA8 (/$bunfs/root/claude:2636:13905)
    at async Vb (/$bunfs/root/claude:2638:236)
    at async <anonymous> (/$bunfs/root/claude:2638:12469)
    at processTicksAndRejections (native:7:39)
2025-11-24T05:21:36.720Z [DEBUG] Checking for native installer update to version 2.0.50
2025-11-24T05:21:43.723Z [ERROR] Error: Error: NON-FATAL: Lock acquisition failed for /home/stanner/.local/share/claude/versions/2.0.50 (expected in multi-process scenarios)
    at BCD (/$bunfs/root/claude:2638:1622)
    at yXA (/$bunfs/root/claude:2636:12703)
    at async uA8 (/$bunfs/root/claude:2636:13905)
    at async Vb (/$bunfs/root/claude:2638:236)
    at async <anonymous> (/$bunfs/root/claude:2638:12469)
    at processTicksAndRejections (native:7:39)
2025-11-24T05:51:37.005Z [DEBUG] Checking for native installer update to version 2.0.50
2025-11-24T05:51:44.007Z [ERROR] Error: Error: NON-FATAL: Lock acquisition failed for /home/stanner/.local/share/claude/versions/2.0.50 (expected in multi-process scenarios)
    at BCD (/$bunfs/root/claude:2638:1622)
    at yXA (/$bunfs/root/claude:2636:12703)
    at async uA8 (/$bunfs/root/claude:2636:13905)
    at async Vb (/$bunfs/root/claude:2638:236)
    at async <anonymous> (/$bunfs/root/claude:2638:12469)
    at processTicksAndRejections (native:7:39)
2025-11-24T06:21:36.708Z [DEBUG] Checking for native installer update to version 2.0.50
2025-11-24T06:21:43.710Z [ERROR] Error: Error: NON-FATAL: Lock acquisition failed for /home/stanner/.local/share/claude/versions/2.0.50 (expected in multi-process scenarios)
    at BCD (/$bunfs/root/claude:2638:1622)
    at yXA (/$bunfs/root/claude:2636:12703)
    at async uA8 (/$bunfs/root/claude:2636:13905)
    at async Vb (/$bunfs/root/claude:2638:236)
    at async <anonymous> (/$bunfs/root/claude:2638:12469)
    at processTicksAndRejections (native:7:39)
2025-11-24T06:51:36.705Z [DEBUG] Checking for native installer update to version 2.0.50
2025-11-24T06:51:43.705Z [ERROR] Error: Error: NON-FATAL: Lock acquisition failed for /home/stanner/.local/share/claude/versions/2.0.50 (expected in multi-process scenarios)
    at BCD (/$bunfs/root/claude:2638:1622)
    at yXA (/$bunfs/root/claude:2636:12703)
    at async uA8 (/$bunfs/root/claude:2636:13905)
    at async Vb (/$bunfs/root/claude:2638:236)
    at async <anonymous> (/$bunfs/root/claude:2638:12469)
    at processTicksAndRejections (native:7:39)
2025-11-24T07:21:37.009Z [DEBUG] Checking for native installer update to version 2.0.50
2025-11-24T07:21:44.011Z [ERROR] Error: Error: NON-FATAL: Lock acquisition failed for /home/stanner/.local/share/claude/versions/2.0.50 (expected in multi-process scenarios)
    at BCD (/$bunfs/root/claude:2638:1622)
    at yXA (/$bunfs/root/claude:2636:12703)
    at async uA8 (/$bunfs/root/claude:2636:13905)
    at async Vb (/$bunfs/root/claude:2638:236)
    at async <anonymous> (/$bunfs/root/claude:2638:12469)
    at processTicksAndRejections (native:7:39)
2025-11-24T07:51:36.957Z [DEBUG] Checking for native installer update to version 2.0.50
2025-11-24T07:51:43.958Z [ERROR] Error: Error: NON-FATAL: Lock acquisition failed for /home/stanner/.local/share/claude/versions/2.0.50 (expected in multi-process scenarios)
    at BCD (/$bunfs/root/claude:2638:1622)
    at yXA (/$bunfs/root/claude:2636:12703)
    at async uA8 (/$bunfs/root/claude:2636:13905)
    at async Vb (/$bunfs/root/claude:2638:236)
    at async <anonymous> (/$bunfs/root/claude:2638:12469)
    at processTicksAndRejections (native:7:39)
2025-11-24T08:21:36.682Z [DEBUG] Checking for native installer update to version 2.0.50
2025-11-24T08:21:43.682Z [ERROR] Error: Error: NON-FATAL: Lock acquisition failed for /home/stanner/.local/share/claude/versions/2.0.50 (expected in multi-process scenarios)
    at BCD (/$bunfs/root/claude:2638:1622)
    at yXA (/$bunfs/root/claude:2636:12703)
    at async uA8 (/$bunfs/root/claude:2636:13905)
    at async Vb (/$bunfs/root/claude:2638:236)
    at async <anonymous> (/$bunfs/root/claude:2638:12469)
    at processTicksAndRejections (native:7:39)
2025-11-24T08:51:36.949Z [DEBUG] Checking for native installer update to version 2.0.50
2025-11-24T08:51:43.950Z [ERROR] Error: Error: NON-FATAL: Lock acquisition failed for /home/stanner/.local/share/claude/versions/2.0.50 (expected in multi-process scenarios)
    at BCD (/$bunfs/root/claude:2638:1622)
    at yXA (/$bunfs/root/claude:2636:12703)
    at async uA8 (/$bunfs/root/claude:2636:13905)
    at async Vb (/$bunfs/root/claude:2638:236)
    at async <anonymous> (/$bunfs/root/claude:2638:12469)
    at processTicksAndRejections (native:7:39)
2025-11-24T09:21:36.700Z [DEBUG] Checking for native installer update to version 2.0.50
2025-11-24T09:21:43.702Z [ERROR] Error: Error: NON-FATAL: Lock acquisition failed for /home/stanner/.local/share/claude/versions/2.0.50 (expected in multi-process scenarios)
    at BCD (/$bunfs/root/claude:2638:1622)
    at yXA (/$bunfs/root/claude:2636:12703)
    at async uA8 (/$bunfs/root/claude:2636:13905)
    at async Vb (/$bunfs/root/claude:2638:236)
    at async <anonymous> (/$bunfs/root/claude:2638:12469)
    at processTicksAndRejections (native:7:39)
2025-11-24T09:51:36.966Z [DEBUG] Checking for native installer update to version 2.0.50
2025-11-24T09:51:43.968Z [ERROR] Error: Error: NON-FATAL: Lock acquisition failed for /home/stanner/.local/share/claude/versions/2.0.50 (expected in multi-process scenarios)
    at BCD (/$bunfs/root/claude:2638:1622)
    at yXA (/$bunfs/root/claude:2636:12703)
    at async uA8 (/$bunfs/root/claude:2636:13905)
    at async Vb (/$bunfs/root/claude:2638:236)
    at async <anonymous> (/$bunfs/root/claude:2638:12469)
    at processTicksAndRejections (native:7:39)
2025-11-24T10:21:36.968Z [DEBUG] Checking for native installer update to version 2.0.50
2025-11-24T10:21:43.970Z [ERROR] Error: Error: NON-FATAL: Lock acquisition failed for /home/stanner/.local/share/claude/versions/2.0.50 (expected in multi-process scenarios)
    at BCD (/$bunfs/root/claude:2638:1622)
    at yXA (/$bunfs/root/claude:2636:12703)
    at async uA8 (/$bunfs/root/claude:2636:13905)
    at async Vb (/$bunfs/root/claude:2638:236)
    at async <anonymous> (/$bunfs/root/claude:2638:12469)
    at processTicksAndRejections (native:7:39)
2025-11-24T10:51:36.722Z [DEBUG] Checking for native installer update to version 2.0.50
2025-11-24T10:51:43.723Z [ERROR] Error: Error: NON-FATAL: Lock acquisition failed for /home/stanner/.local/share/claude/versions/2.0.50 (expected in multi-process scenarios)
    at BCD (/$bunfs/root/claude:2638:1622)
    at yXA (/$bunfs/root/claude:2636:12703)
    at async uA8 (/$bunfs/root/claude:2636:13905)
    at async Vb (/$bunfs/root/claude:2638:236)
    at async <anonymous> (/$bunfs/root/claude:2638:12469)
    at processTicksAndRejections (native:7:39)
2025-11-24T11:21:36.697Z [DEBUG] Checking for native installer update to version 2.0.50
2025-11-24T11:21:43.698Z [ERROR] Error: Error: NON-FATAL: Lock acquisition failed for /home/stanner/.local/share/claude/versions/2.0.50 (expected in multi-process scenarios)
    at BCD (/$bunfs/root/claude:2638:1622)
    at yXA (/$bunfs/root/claude:2636:12703)
    at async uA8 (/$bunfs/root/claude:2636:13905)
    at async Vb (/$bunfs/root/claude:2638:236)
    at async <anonymous> (/$bunfs/root/claude:2638:12469)
    at processTicksAndRejections (native:7:39)
2025-11-24T11:51:36.687Z [DEBUG] Checking for native installer update to version 2.0.50
2025-11-24T11:51:43.689Z [ERROR] Error: Error: NON-FATAL: Lock acquisition failed for /home/stanner/.local/share/claude/versions/2.0.50 (expected in multi-process scenarios)
    at BCD (/$bunfs/root/claude:2638:1622)
    at yXA (/$bunfs/root/claude:2636:12703)
    at async uA8 (/$bunfs/root/claude:2636:13905)
    at async Vb (/$bunfs/root/claude:2638:236)
    at async <anonymous> (/$bunfs/root/claude:2638:12469)
    at processTicksAndRejections (native:7:39)
2025-11-24T12:21:37.016Z [DEBUG] Checking for native installer update to version 2.0.50
2025-11-24T12:21:44.016Z [ERROR] Error: Error: NON-FATAL: Lock acquisition failed for /home/stanner/.local/share/claude/versions/2.0.50 (expected in multi-process scenarios)
    at BCD (/$bunfs/root/claude:2638:1622)
    at yXA (/$bunfs/root/claude:2636:12703)
    at async uA8 (/$bunfs/root/claude:2636:13905)
    at async Vb (/$bunfs/root/claude:2638:236)
    at async <anonymous> (/$bunfs/root/claude:2638:12469)
    at processTicksAndRejections (native:7:39)
2025-11-24T12:51:36.698Z [DEBUG] Checking for native installer update to version 2.0.50
2025-11-24T12:51:43.701Z [ERROR] Error: Error: NON-FATAL: Lock acquisition failed for /home/stanner/.local/share/claude/versions/2.0.50 (expected in multi-process scenarios)
    at BCD (/$bunfs/root/claude:2638:1622)
    at yXA (/$bunfs/root/claude:2636:12703)
    at async uA8 (/$bunfs/root/claude:2636:13905)
    at async Vb (/$bunfs/root/claude:2638:236)
    at async <anonymous> (/$bunfs/root/claude:2638:12469)
    at processTicksAndRejections (native:7:39)
